[2023-02-18 20:33:33.233] [info] Checking for update
[2023-02-18 20:33:33.285] [info] Error reading /home/anton/.config/notion-app-enhanced/cookies.json {
  constructor: 'Error',
  errno: -2,
  syscall: 'open',
  code: 'ENOENT',
  path: '/home/anton/.config/notion-app-enhanced/cookies.json',
  stack: "Error: /home/anton/.config/notion-app-enhanced/cookies.json: ENOENT: no such file or directory, open '/home/anton/.config/notion-app-enhanced/cookies.json'\n" +
    '    at Object.openSync (fs.js:466:3)\n' +
    '    at Object.func [as openSync] (electron/js2c/asar_bundle.js:5:1812)\n' +
    '    at Object.readFileSync (fs.js:368:35)\n' +
    '    at Object.e.readFileSync (electron/js2c/asar_bundle.js:5:8592)\n' +
    '    at Object.readFileSync (/opt/Notion Enhanced/resources/app.asar/node_modules/jsonfile/index.js:61:22)\n' +
    '    at JsonStore.loadSync (/opt/Notion Enhanced/resources/app.asar/main/JsonStore.js:38:44)\n' +
    '    at new JsonStore (/opt/Notion Enhanced/resources/app.asar/main/JsonStore.js:15:14)\n' +
    '    at Object.<anonymous> (/opt/Notion Enhanced/resources/app.asar/main/schemeHandler.js:37:25)\n' +
    '    at Module._compile (internal/modules/cjs/loader.js:1152:30)\n' +
    '    at Object.Module._extensions..js (internal/modules/cjs/loader.js:1173:10)'
}
[2023-02-18 20:33:33.730] [info] {
  level: 'info',
  from: 'AssetCache',
  type: 'latestVersionPath',
  data: {
    message: 'latestVersion.json path /home/anton/.config/notion-app-enhanced/notionAssetCache-v2/latestVersion.json'
  }
}
[2023-02-18 20:33:33.733] [error] Error: Error: ENOENT: no such file or directory, open '/opt/Notion Enhanced/resources/app-update.yml'
[2023-02-18 20:33:33.734] [info] {
  level: 'info',
  from: 'autoUpdater',
  type: 'unsupportedLinuxApp',
  error: {
    name: 'Error',
    message: "ENOENT: no such file or directory, open '/opt/Notion Enhanced/resources/app-update.yml'",
    stack: "Error: ENOENT: no such file or directory, open '/opt/Notion Enhanced/resources/app-update.yml'"
  }
}
[2023-02-18 20:33:33.738] [info] {
  level: 'info',
  from: 'AssetCache',
  type: 'errorReadingPath',
  error: {
    name: 'Error',
    message: "ENOENT: no such file or directory, open '/home/anton/.config/notion-app-enhanced/notionAssetCache-v2/latestVersion.json'",
    stack: "Error: ENOENT: no such file or directory, open '/home/anton/.config/notion-app-enhanced/notionAssetCache-v2/latestVersion.json'"
  },
  data: {
    message: 'Error reading /home/anton/.config/notion-app-enhanced/notionAssetCache-v2/latestVersion.json'
  }
}
[2023-02-18 20:33:33.739] [info] {
  level: 'info',
  from: 'AssetCache',
  type: 'currentVersionLoaded',
  data: {}
}
[2023-02-18 20:33:33.739] [info] {
  level: 'info',
  from: 'AssetCache',
  type: 'syncVersionEmptyLatestVersion'
}
[2023-02-18 20:33:33.740] [info] {
  level: 'info',
  from: 'AssetCache',
  type: 'currentSyncedAssetsJson',
  data: {}
}
[2023-02-18 20:33:34.124] [info] {
  level: 'info',
  from: 'AssetCache',
  type: 'appUpdateAvailable',
  data: { version: '23.12.0.9' }
}
[2023-02-18 20:33:34.685] [info] {
  level: 'error',
  from: 'main',
  type: 'uncaughtException',
  error: {
    name: 'TypeError',
    message: 'One-time callback was called more than once',
    stack: 'TypeError: One-time callback was called more than once\n' +
      '    at ClientRequest.<anonymous> (/opt/Notion Enhanced/resources/app.asar/main/schemeHandler.js:221:9)\n' +
      '    at ClientRequest.emit (events.js:315:20)\n' +
      '    at ClientRequest.EventEmitter.emit (domain.js:483:12)\n' +
      '    at SimpleURLLoaderWrapper.<anonymous> (electron/js2c/browser_init.js:105:6293)\n' +
      '    at SimpleURLLoaderWrapper.emit (events.js:315:20)\n' +
      '    at SimpleURLLoaderWrapper.EventEmitter.emit (domain.js:483:12)'
  }
}
[2023-02-18 20:33:34.709] [info] {
  level: 'error',
  from: 'main',
  type: 'uncaughtException',
  error: {
    name: 'TypeError',
    message: 'One-time callback was called more than once',
    stack: 'TypeError: One-time callback was called more than once\n' +
      '    at ClientRequest.<anonymous> (/opt/Notion Enhanced/resources/app.asar/main/schemeHandler.js:221:9)\n' +
      '    at ClientRequest.emit (events.js:315:20)\n' +
      '    at ClientRequest.EventEmitter.emit (domain.js:483:12)\n' +
      '    at SimpleURLLoaderWrapper.<anonymous> (electron/js2c/browser_init.js:105:6293)\n' +
      '    at SimpleURLLoaderWrapper.emit (events.js:315:20)\n' +
      '    at SimpleURLLoaderWrapper.EventEmitter.emit (domain.js:483:12)'
  }
}
[2023-02-18 20:33:34.720] [info] {
  level: 'error',
  from: 'main',
  type: 'uncaughtException',
  error: {
    name: 'TypeError',
    message: 'One-time callback was called more than once',
    stack: 'TypeError: One-time callback was called more than once\n' +
      '    at ClientRequest.<anonymous> (/opt/Notion Enhanced/resources/app.asar/main/schemeHandler.js:221:9)\n' +
      '    at ClientRequest.emit (events.js:315:20)\n' +
      '    at ClientRequest.EventEmitter.emit (domain.js:483:12)\n' +
      '    at SimpleURLLoaderWrapper.<anonymous> (electron/js2c/browser_init.js:105:6293)\n' +
      '    at SimpleURLLoaderWrapper.emit (events.js:315:20)\n' +
      '    at SimpleURLLoaderWrapper.EventEmitter.emit (domain.js:483:12)'
  }
}
[2023-02-18 20:33:34.735] [info] {
  level: 'error',
  from: 'main',
  type: 'uncaughtException',
  error: {
    name: 'TypeError',
    message: 'One-time callback was called more than once',
    stack: 'TypeError: One-time callback was called more than once\n' +
      '    at ClientRequest.<anonymous> (/opt/Notion Enhanced/resources/app.asar/main/schemeHandler.js:221:9)\n' +
      '    at ClientRequest.emit (events.js:315:20)\n' +
      '    at ClientRequest.EventEmitter.emit (domain.js:483:12)\n' +
      '    at SimpleURLLoaderWrapper.<anonymous> (electron/js2c/browser_init.js:105:6293)\n' +
      '    at SimpleURLLoaderWrapper.emit (events.js:315:20)\n' +
      '    at SimpleURLLoaderWrapper.EventEmitter.emit (domain.js:483:12)'
  }
}
[2023-02-18 20:33:34.741] [info] {
  level: 'error',
  from: 'main',
  type: 'uncaughtException',
  error: {
    name: 'TypeError',
    message: 'One-time callback was called more than once',
    stack: 'TypeError: One-time callback was called more than once\n' +
      '    at ClientRequest.<anonymous> (/opt/Notion Enhanced/resources/app.asar/main/schemeHandler.js:221:9)\n' +
      '    at ClientRequest.emit (events.js:315:20)\n' +
      '    at ClientRequest.EventEmitter.emit (domain.js:483:12)\n' +
      '    at SimpleURLLoaderWrapper.<anonymous> (electron/js2c/browser_init.js:105:6293)\n' +
      '    at SimpleURLLoaderWrapper.emit (events.js:315:20)\n' +
      '    at SimpleURLLoaderWrapper.EventEmitter.emit (domain.js:483:12)'
  }
}
[2023-02-18 20:33:34.748] [info] {
  level: 'error',
  from: 'main',
  type: 'uncaughtException',
  error: {
    name: 'TypeError',
    message: 'One-time callback was called more than once',
    stack: 'TypeError: One-time callback was called more than once\n' +
      '    at ClientRequest.<anonymous> (/opt/Notion Enhanced/resources/app.asar/main/schemeHandler.js:221:9)\n' +
      '    at ClientRequest.emit (events.js:315:20)\n' +
      '    at ClientRequest.EventEmitter.emit (domain.js:483:12)\n' +
      '    at SimpleURLLoaderWrapper.<anonymous> (electron/js2c/browser_init.js:105:6293)\n' +
      '    at SimpleURLLoaderWrapper.emit (events.js:315:20)\n' +
      '    at SimpleURLLoaderWrapper.EventEmitter.emit (domain.js:483:12)'
  }
}
[2023-02-18 20:33:34.934] [info] {
  level: 'error',
  from: 'main',
  type: 'uncaughtException',
  error: {
    name: 'TypeError',
    message: 'One-time callback was called more than once',
    stack: 'TypeError: One-time callback was called more than once\n' +
      '    at ClientRequest.<anonymous> (/opt/Notion Enhanced/resources/app.asar/main/schemeHandler.js:221:9)\n' +
      '    at ClientRequest.emit (events.js:315:20)\n' +
      '    at ClientRequest.EventEmitter.emit (domain.js:483:12)\n' +
      '    at SimpleURLLoaderWrapper.<anonymous> (electron/js2c/browser_init.js:105:6293)\n' +
      '    at SimpleURLLoaderWrapper.emit (events.js:315:20)\n' +
      '    at SimpleURLLoaderWrapper.EventEmitter.emit (domain.js:483:12)'
  }
}
[2023-02-18 20:33:35.324] [info] {
  level: 'error',
  from: 'main',
  type: 'uncaughtException',
  error: {
    name: 'TypeError',
    message: 'One-time callback was called more than once',
    stack: 'TypeError: One-time callback was called more than once\n' +
      '    at ClientRequest.<anonymous> (/opt/Notion Enhanced/resources/app.asar/main/schemeHandler.js:221:9)\n' +
      '    at ClientRequest.emit (events.js:315:20)\n' +
      '    at ClientRequest.EventEmitter.emit (domain.js:483:12)\n' +
      '    at SimpleURLLoaderWrapper.<anonymous> (electron/js2c/browser_init.js:105:6293)\n' +
      '    at SimpleURLLoaderWrapper.emit (events.js:315:20)\n' +
      '    at SimpleURLLoaderWrapper.EventEmitter.emit (domain.js:483:12)'
  }
}
[2023-02-18 20:33:35.349] [info] {
  level: 'error',
  from: 'main',
  type: 'uncaughtException',
  error: {
    name: 'TypeError',
    message: 'One-time callback was called more than once',
    stack: 'TypeError: One-time callback was called more than once\n' +
      '    at ClientRequest.<anonymous> (/opt/Notion Enhanced/resources/app.asar/main/schemeHandler.js:221:9)\n' +
      '    at ClientRequest.emit (events.js:315:20)\n' +
      '    at ClientRequest.EventEmitter.emit (domain.js:483:12)\n' +
      '    at SimpleURLLoaderWrapper.<anonymous> (electron/js2c/browser_init.js:105:6293)\n' +
      '    at SimpleURLLoaderWrapper.emit (events.js:315:20)\n' +
      '    at SimpleURLLoaderWrapper.EventEmitter.emit (domain.js:483:12)'
  }
}
[2023-02-18 20:33:35.353] [info] {
  level: 'error',
  from: 'main',
  type: 'uncaughtException',
  error: {
    name: 'TypeError',
    message: 'One-time callback was called more than once',
    stack: 'TypeError: One-time callback was called more than once\n' +
      '    at ClientRequest.<anonymous> (/opt/Notion Enhanced/resources/app.asar/main/schemeHandler.js:221:9)\n' +
      '    at ClientRequest.emit (events.js:315:20)\n' +
      '    at ClientRequest.EventEmitter.emit (domain.js:483:12)\n' +
      '    at SimpleURLLoaderWrapper.<anonymous> (electron/js2c/browser_init.js:105:6293)\n' +
      '    at SimpleURLLoaderWrapper.emit (events.js:315:20)\n' +
      '    at SimpleURLLoaderWrapper.EventEmitter.emit (domain.js:483:12)'
  }
}
[2023-02-18 20:33:35.362] [info] {
  level: 'error',
  from: 'main',
  type: 'uncaughtException',
  error: {
    name: 'TypeError',
    message: 'One-time callback was called more than once',
    stack: 'TypeError: One-time callback was called more than once\n' +
      '    at ClientRequest.<anonymous> (/opt/Notion Enhanced/resources/app.asar/main/schemeHandler.js:221:9)\n' +
      '    at ClientRequest.emit (events.js:315:20)\n' +
      '    at ClientRequest.EventEmitter.emit (domain.js:483:12)\n' +
      '    at SimpleURLLoaderWrapper.<anonymous> (electron/js2c/browser_init.js:105:6293)\n' +
      '    at SimpleURLLoaderWrapper.emit (events.js:315:20)\n' +
      '    at SimpleURLLoaderWrapper.EventEmitter.emit (domain.js:483:12)'
  }
}
[2023-02-18 20:33:35.368] [info] {
  level: 'error',
  from: 'main',
  type: 'uncaughtException',
  error: {
    name: 'TypeError',
    message: 'One-time callback was called more than once',
    stack: 'TypeError: One-time callback was called more than once\n' +
      '    at ClientRequest.<anonymous> (/opt/Notion Enhanced/resources/app.asar/main/schemeHandler.js:221:9)\n' +
      '    at ClientRequest.emit (events.js:315:20)\n' +
      '    at ClientRequest.EventEmitter.emit (domain.js:483:12)\n' +
      '    at SimpleURLLoaderWrapper.<anonymous> (electron/js2c/browser_init.js:105:6293)\n' +
      '    at SimpleURLLoaderWrapper.emit (events.js:315:20)\n' +
      '    at SimpleURLLoaderWrapper.EventEmitter.emit (domain.js:483:12)'
  }
}
[2023-02-18 20:33:35.374] [info] {
  level: 'error',
  from: 'main',
  type: 'uncaughtException',
  error: {
    name: 'TypeError',
    message: 'One-time callback was called more than once',
    stack: 'TypeError: One-time callback was called more than once\n' +
      '    at ClientRequest.<anonymous> (/opt/Notion Enhanced/resources/app.asar/main/schemeHandler.js:221:9)\n' +
      '    at ClientRequest.emit (events.js:315:20)\n' +
      '    at ClientRequest.EventEmitter.emit (domain.js:483:12)\n' +
      '    at SimpleURLLoaderWrapper.<anonymous> (electron/js2c/browser_init.js:105:6293)\n' +
      '    at SimpleURLLoaderWrapper.emit (events.js:315:20)\n' +
      '    at SimpleURLLoaderWrapper.EventEmitter.emit (domain.js:483:12)'
  }
}
[2023-02-18 20:33:35.379] [info] {
  level: 'error',
  from: 'main',
  type: 'uncaughtException',
  error: {
    name: 'TypeError',
    message: 'One-time callback was called more than once',
    stack: 'TypeError: One-time callback was called more than once\n' +
      '    at ClientRequest.<anonymous> (/opt/Notion Enhanced/resources/app.asar/main/schemeHandler.js:221:9)\n' +
      '    at ClientRequest.emit (events.js:315:20)\n' +
      '    at ClientRequest.EventEmitter.emit (domain.js:483:12)\n' +
      '    at SimpleURLLoaderWrapper.<anonymous> (electron/js2c/browser_init.js:105:6293)\n' +
      '    at SimpleURLLoaderWrapper.emit (events.js:315:20)\n' +
      '    at SimpleURLLoaderWrapper.EventEmitter.emit (domain.js:483:12)'
  }
}
[2023-02-18 20:33:35.386] [info] {
  level: 'error',
  from: 'main',
  type: 'uncaughtException',
  error: {
    name: 'TypeError',
    message: 'One-time callback was called more than once',
    stack: 'TypeError: One-time callback was called more than once\n' +
      '    at ClientRequest.<anonymous> (/opt/Notion Enhanced/resources/app.asar/main/schemeHandler.js:221:9)\n' +
      '    at ClientRequest.emit (events.js:315:20)\n' +
      '    at ClientRequest.EventEmitter.emit (domain.js:483:12)\n' +
      '    at SimpleURLLoaderWrapper.<anonymous> (electron/js2c/browser_init.js:105:6293)\n' +
      '    at SimpleURLLoaderWrapper.emit (events.js:315:20)\n' +
      '    at SimpleURLLoaderWrapper.EventEmitter.emit (domain.js:483:12)'
  }
}
[2023-02-18 20:33:35.389] [info] {
  level: 'error',
  from: 'main',
  type: 'uncaughtException',
  error: {
    name: 'TypeError',
    message: 'One-time callback was called more than once',
    stack: 'TypeError: One-time callback was called more than once\n' +
      '    at ClientRequest.<anonymous> (/opt/Notion Enhanced/resources/app.asar/main/schemeHandler.js:221:9)\n' +
      '    at ClientRequest.emit (events.js:315:20)\n' +
      '    at ClientRequest.EventEmitter.emit (domain.js:483:12)\n' +
      '    at SimpleURLLoaderWrapper.<anonymous> (electron/js2c/browser_init.js:105:6293)\n' +
      '    at SimpleURLLoaderWrapper.emit (events.js:315:20)\n' +
      '    at SimpleURLLoaderWrapper.EventEmitter.emit (domain.js:483:12)'
  }
}
[2023-02-18 20:33:35.406] [info] {
  level: 'error',
  from: 'main',
  type: 'uncaughtException',
  error: {
    name: 'TypeError',
    message: 'One-time callback was called more than once',
    stack: 'TypeError: One-time callback was called more than once\n' +
      '    at ClientRequest.<anonymous> (/opt/Notion Enhanced/resources/app.asar/main/schemeHandler.js:221:9)\n' +
      '    at ClientRequest.emit (events.js:315:20)\n' +
      '    at ClientRequest.EventEmitter.emit (domain.js:483:12)\n' +
      '    at SimpleURLLoaderWrapper.<anonymous> (electron/js2c/browser_init.js:105:6293)\n' +
      '    at SimpleURLLoaderWrapper.emit (events.js:315:20)\n' +
      '    at SimpleURLLoaderWrapper.EventEmitter.emit (domain.js:483:12)'
  }
}
[2023-02-18 20:33:35.412] [info] {
  level: 'error',
  from: 'main',
  type: 'uncaughtException',
  error: {
    name: 'TypeError',
    message: 'One-time callback was called more than once',
    stack: 'TypeError: One-time callback was called more than once\n' +
      '    at ClientRequest.<anonymous> (/opt/Notion Enhanced/resources/app.asar/main/schemeHandler.js:221:9)\n' +
      '    at ClientRequest.emit (events.js:315:20)\n' +
      '    at ClientRequest.EventEmitter.emit (domain.js:483:12)\n' +
      '    at SimpleURLLoaderWrapper.<anonymous> (electron/js2c/browser_init.js:105:6293)\n' +
      '    at SimpleURLLoaderWrapper.emit (events.js:315:20)\n' +
      '    at SimpleURLLoaderWrapper.EventEmitter.emit (domain.js:483:12)'
  }
}
[2023-02-18 20:33:35.419] [info] {
  level: 'error',
  from: 'main',
  type: 'uncaughtException',
  error: {
    name: 'TypeError',
    message: 'One-time callback was called more than once',
    stack: 'TypeError: One-time callback was called more than once\n' +
      '    at ClientRequest.<anonymous> (/opt/Notion Enhanced/resources/app.asar/main/schemeHandler.js:221:9)\n' +
      '    at ClientRequest.emit (events.js:315:20)\n' +
      '    at ClientRequest.EventEmitter.emit (domain.js:483:12)\n' +
      '    at SimpleURLLoaderWrapper.<anonymous> (electron/js2c/browser_init.js:105:6293)\n' +
      '    at SimpleURLLoaderWrapper.emit (events.js:315:20)\n' +
      '    at SimpleURLLoaderWrapper.EventEmitter.emit (domain.js:483:12)'
  }
}
[2023-02-18 20:33:35.425] [info] {
  level: 'error',
  from: 'main',
  type: 'uncaughtException',
  error: {
    name: 'TypeError',
    message: 'One-time callback was called more than once',
    stack: 'TypeError: One-time callback was called more than once\n' +
      '    at ClientRequest.<anonymous> (/opt/Notion Enhanced/resources/app.asar/main/schemeHandler.js:221:9)\n' +
      '    at ClientRequest.emit (events.js:315:20)\n' +
      '    at ClientRequest.EventEmitter.emit (domain.js:483:12)\n' +
      '    at SimpleURLLoaderWrapper.<anonymous> (electron/js2c/browser_init.js:105:6293)\n' +
      '    at SimpleURLLoaderWrapper.emit (events.js:315:20)\n' +
      '    at SimpleURLLoaderWrapper.EventEmitter.emit (domain.js:483:12)'
  }
}
[2023-02-18 20:33:35.488] [info] {
  level: 'error',
  from: 'main',
  type: 'uncaughtException',
  error: {
    name: 'TypeError',
    message: 'One-time callback was called more than once',
    stack: 'TypeError: One-time callback was called more than once\n' +
      '    at ClientRequest.<anonymous> (/opt/Notion Enhanced/resources/app.asar/main/schemeHandler.js:221:9)\n' +
      '    at ClientRequest.emit (events.js:315:20)\n' +
      '    at ClientRequest.EventEmitter.emit (domain.js:483:12)\n' +
      '    at SimpleURLLoaderWrapper.<anonymous> (electron/js2c/browser_init.js:105:6293)\n' +
      '    at SimpleURLLoaderWrapper.emit (events.js:315:20)\n' +
      '    at SimpleURLLoaderWrapper.EventEmitter.emit (domain.js:483:12)'
  }
}
[2023-02-18 20:33:35.706] [info] {
  level: 'error',
  from: 'main',
  type: 'uncaughtException',
  error: {
    name: 'TypeError',
    message: 'One-time callback was called more than once',
    stack: 'TypeError: One-time callback was called more than once\n' +
      '    at ClientRequest.<anonymous> (/opt/Notion Enhanced/resources/app.asar/main/schemeHandler.js:221:9)\n' +
      '    at ClientRequest.emit (events.js:315:20)\n' +
      '    at ClientRequest.EventEmitter.emit (domain.js:483:12)\n' +
      '    at SimpleURLLoaderWrapper.<anonymous> (electron/js2c/browser_init.js:105:6293)\n' +
      '    at SimpleURLLoaderWrapper.emit (events.js:315:20)\n' +
      '    at SimpleURLLoaderWrapper.EventEmitter.emit (domain.js:483:12)'
  }
}
[2023-02-18 20:33:36.663] [info] {
  level: 'error',
  from: 'main',
  type: 'uncaughtException',
  error: {
    name: 'TypeError',
    message: 'One-time callback was called more than once',
    stack: 'TypeError: One-time callback was called more than once\n' +
      '    at ClientRequest.<anonymous> (/opt/Notion Enhanced/resources/app.asar/main/schemeHandler.js:221:9)\n' +
      '    at ClientRequest.emit (events.js:315:20)\n' +
      '    at ClientRequest.EventEmitter.emit (domain.js:483:12)\n' +
      '    at SimpleURLLoaderWrapper.<anonymous> (electron/js2c/browser_init.js:105:6293)\n' +
      '    at SimpleURLLoaderWrapper.emit (events.js:315:20)\n' +
      '    at SimpleURLLoaderWrapper.EventEmitter.emit (domain.js:483:12)'
  }
}
[2023-02-18 20:33:38.740] [info] { level: 'info', from: 'AssetCache', type: 'checkingForAppUpdate2' }
[2023-02-18 20:33:38.741] [info] {
  level: 'info',
  from: 'AssetCache',
  type: 'appUpdateDownloadComplete',
  data: { version: '23.12.0.9' }
}
[2023-02-18 20:33:38.741] [info] {
  level: 'info',
  from: 'AssetCache',
  type: 'installingAppUpdate',
  data: { version: '23.12.0.9' }
}
[2023-02-18 20:33:43.935] [info] Checking for update
[2023-02-18 20:33:44.618] [info] {
  level: 'info',
  from: 'AssetCache',
  type: 'latestVersionPath',
  data: {
    message: 'latestVersion.json path /home/anton/.config/notion-app-enhanced/notionAssetCache-v2/latestVersion.json'
  }
}
[2023-02-18 20:33:44.622] [error] Error: Error: ENOENT: no such file or directory, open '/opt/Notion Enhanced/resources/app-update.yml'
[2023-02-18 20:33:44.624] [info] {
  level: 'info',
  from: 'autoUpdater',
  type: 'unsupportedLinuxApp',
  error: {
    name: 'Error',
    message: "ENOENT: no such file or directory, open '/opt/Notion Enhanced/resources/app-update.yml'",
    stack: "Error: ENOENT: no such file or directory, open '/opt/Notion Enhanced/resources/app-update.yml'"
  }
}
[2023-02-18 20:33:44.633] [info] {
  level: 'info',
  from: 'AssetCache',
  type: 'currentVersionLoaded',
  data: { version: '23.12.0.9', hash: '6cd162d023aa14e1ae8507b14c61a6db' }
}
[2023-02-18 20:33:44.634] [info] {
  level: 'info',
  from: 'AssetCache',
  type: 'syncVersions',
  data: {
    message: 'Sync versions: assets.json path /home/anton/.config/notion-app-enhanced/notionAssetCache-v2/23.12.0.9/assets.json headers.json path /home/anton/.config/notion-app-enhanced/notionAssetCache-v2/23.12.0.9/headers.json'
  }
}
[2023-02-18 20:33:44.863] [info] {
  level: 'error',
  from: 'main',
  type: 'uncaughtException',
  error: {
    name: 'TypeError',
    message: 'One-time callback was called more than once',
    stack: 'TypeError: One-time callback was called more than once\n' +
      '    at ClientRequest.<anonymous> (/opt/Notion Enhanced/resources/app.asar/main/schemeHandler.js:221:9)\n' +
      '    at ClientRequest.emit (events.js:315:20)\n' +
      '    at ClientRequest.EventEmitter.emit (domain.js:483:12)\n' +
      '    at SimpleURLLoaderWrapper.<anonymous> (electron/js2c/browser_init.js:105:6293)\n' +
      '    at SimpleURLLoaderWrapper.emit (events.js:315:20)\n' +
      '    at SimpleURLLoaderWrapper.EventEmitter.emit (domain.js:483:12)'
  }
}
[2023-02-18 20:33:44.962] [info] {
  level: 'error',
  from: 'main',
  type: 'uncaughtException',
  error: {
    name: 'TypeError',
    message: 'One-time callback was called more than once',
    stack: 'TypeError: One-time callback was called more than once\n' +
      '    at ClientRequest.<anonymous> (/opt/Notion Enhanced/resources/app.asar/main/schemeHandler.js:221:9)\n' +
      '    at ClientRequest.emit (events.js:315:20)\n' +
      '    at ClientRequest.EventEmitter.emit (domain.js:483:12)\n' +
      '    at SimpleURLLoaderWrapper.<anonymous> (electron/js2c/browser_init.js:105:6293)\n' +
      '    at SimpleURLLoaderWrapper.emit (events.js:315:20)\n' +
      '    at SimpleURLLoaderWrapper.EventEmitter.emit (domain.js:483:12)'
  }
}
[2023-02-18 20:33:44.969] [info] {
  level: 'error',
  from: 'main',
  type: 'uncaughtException',
  error: {
    name: 'TypeError',
    message: 'One-time callback was called more than once',
    stack: 'TypeError: One-time callback was called more than once\n' +
      '    at ClientRequest.<anonymous> (/opt/Notion Enhanced/resources/app.asar/main/schemeHandler.js:221:9)\n' +
      '    at ClientRequest.emit (events.js:315:20)\n' +
      '    at ClientRequest.EventEmitter.emit (domain.js:483:12)\n' +
      '    at SimpleURLLoaderWrapper.<anonymous> (electron/js2c/browser_init.js:105:6293)\n' +
      '    at SimpleURLLoaderWrapper.emit (events.js:315:20)\n' +
      '    at SimpleURLLoaderWrapper.EventEmitter.emit (domain.js:483:12)'
  }
}
[2023-02-18 20:33:44.977] [info] {
  level: 'error',
  from: 'main',
  type: 'uncaughtException',
  error: {
    name: 'TypeError',
    message: 'One-time callback was called more than once',
    stack: 'TypeError: One-time callback was called more than once\n' +
      '    at ClientRequest.<anonymous> (/opt/Notion Enhanced/resources/app.asar/main/schemeHandler.js:221:9)\n' +
      '    at ClientRequest.emit (events.js:315:20)\n' +
      '    at ClientRequest.EventEmitter.emit (domain.js:483:12)\n' +
      '    at SimpleURLLoaderWrapper.<anonymous> (electron/js2c/browser_init.js:105:6293)\n' +
      '    at SimpleURLLoaderWrapper.emit (events.js:315:20)\n' +
      '    at SimpleURLLoaderWrapper.EventEmitter.emit (domain.js:483:12)'
  }
}
[2023-02-18 20:33:44.985] [info] {
  level: 'error',
  from: 'main',
  type: 'uncaughtException',
  error: {
    name: 'TypeError',
    message: 'One-time callback was called more than once',
    stack: 'TypeError: One-time callback was called more than once\n' +
      '    at ClientRequest.<anonymous> (/opt/Notion Enhanced/resources/app.asar/main/schemeHandler.js:221:9)\n' +
      '    at ClientRequest.emit (events.js:315:20)\n' +
      '    at ClientRequest.EventEmitter.emit (domain.js:483:12)\n' +
      '    at SimpleURLLoaderWrapper.<anonymous> (electron/js2c/browser_init.js:105:6293)\n' +
      '    at SimpleURLLoaderWrapper.emit (events.js:315:20)\n' +
      '    at SimpleURLLoaderWrapper.EventEmitter.emit (domain.js:483:12)'
  }
}
[2023-02-18 20:33:44.992] [info] {
  level: 'error',
  from: 'main',
  type: 'uncaughtException',
  error: {
    name: 'TypeError',
    message: 'One-time callback was called more than once',
    stack: 'TypeError: One-time callback was called more than once\n' +
      '    at ClientRequest.<anonymous> (/opt/Notion Enhanced/resources/app.asar/main/schemeHandler.js:221:9)\n' +
      '    at ClientRequest.emit (events.js:315:20)\n' +
      '    at ClientRequest.EventEmitter.emit (domain.js:483:12)\n' +
      '    at SimpleURLLoaderWrapper.<anonymous> (electron/js2c/browser_init.js:105:6293)\n' +
      '    at SimpleURLLoaderWrapper.emit (events.js:315:20)\n' +
      '    at SimpleURLLoaderWrapper.EventEmitter.emit (domain.js:483:12)'
  }
}
[2023-02-18 20:33:45.000] [info] {
  level: 'error',
  from: 'main',
  type: 'uncaughtException',
  error: {
    name: 'TypeError',
    message: 'One-time callback was called more than once',
    stack: 'TypeError: One-time callback was called more than once\n' +
      '    at ClientRequest.<anonymous> (/opt/Notion Enhanced/resources/app.asar/main/schemeHandler.js:221:9)\n' +
      '    at ClientRequest.emit (events.js:315:20)\n' +
      '    at ClientRequest.EventEmitter.emit (domain.js:483:12)\n' +
      '    at SimpleURLLoaderWrapper.<anonymous> (electron/js2c/browser_init.js:105:6293)\n' +
      '    at SimpleURLLoaderWrapper.emit (events.js:315:20)\n' +
      '    at SimpleURLLoaderWrapper.EventEmitter.emit (domain.js:483:12)'
  }
}
[2023-02-18 20:33:45.007] [info] {
  level: 'error',
  from: 'main',
  type: 'uncaughtException',
  error: {
    name: 'TypeError',
    message: 'One-time callback was called more than once',
    stack: 'TypeError: One-time callback was called more than once\n' +
      '    at ClientRequest.<anonymous> (/opt/Notion Enhanced/resources/app.asar/main/schemeHandler.js:221:9)\n' +
      '    at ClientRequest.emit (events.js:315:20)\n' +
      '    at ClientRequest.EventEmitter.emit (domain.js:483:12)\n' +
      '    at SimpleURLLoaderWrapper.<anonymous> (electron/js2c/browser_init.js:105:6293)\n' +
      '    at SimpleURLLoaderWrapper.emit (events.js:315:20)\n' +
      '    at SimpleURLLoaderWrapper.EventEmitter.emit (domain.js:483:12)'
  }
}
[2023-02-18 20:33:45.017] [info] {
  level: 'error',
  from: 'main',
  type: 'uncaughtException',
  error: {
    name: 'TypeError',
    message: 'One-time callback was called more than once',
    stack: 'TypeError: One-time callback was called more than once\n' +
      '    at ClientRequest.<anonymous> (/opt/Notion Enhanced/resources/app.asar/main/schemeHandler.js:221:9)\n' +
      '    at ClientRequest.emit (events.js:315:20)\n' +
      '    at ClientRequest.EventEmitter.emit (domain.js:483:12)\n' +
      '    at SimpleURLLoaderWrapper.<anonymous> (electron/js2c/browser_init.js:105:6293)\n' +
      '    at SimpleURLLoaderWrapper.emit (events.js:315:20)\n' +
      '    at SimpleURLLoaderWrapper.EventEmitter.emit (domain.js:483:12)'
  }
}
[2023-02-18 20:33:45.027] [info] {
  level: 'error',
  from: 'main',
  type: 'uncaughtException',
  error: {
    name: 'TypeError',
    message: 'One-time callback was called more than once',
    stack: 'TypeError: One-time callback was called more than once\n' +
      '    at ClientRequest.<anonymous> (/opt/Notion Enhanced/resources/app.asar/main/schemeHandler.js:221:9)\n' +
      '    at ClientRequest.emit (events.js:315:20)\n' +
      '    at ClientRequest.EventEmitter.emit (domain.js:483:12)\n' +
      '    at SimpleURLLoaderWrapper.<anonymous> (electron/js2c/browser_init.js:105:6293)\n' +
      '    at SimpleURLLoaderWrapper.emit (events.js:315:20)\n' +
      '    at SimpleURLLoaderWrapper.EventEmitter.emit (domain.js:483:12)'
  }
}
[2023-02-18 20:33:45.035] [info] {
  level: 'error',
  from: 'main',
  type: 'uncaughtException',
  error: {
    name: 'TypeError',
    message: 'One-time callback was called more than once',
    stack: 'TypeError: One-time callback was called more than once\n' +
      '    at ClientRequest.<anonymous> (/opt/Notion Enhanced/resources/app.asar/main/schemeHandler.js:221:9)\n' +
      '    at ClientRequest.emit (events.js:315:20)\n' +
      '    at ClientRequest.EventEmitter.emit (domain.js:483:12)\n' +
      '    at SimpleURLLoaderWrapper.<anonymous> (electron/js2c/browser_init.js:105:6293)\n' +
      '    at SimpleURLLoaderWrapper.emit (events.js:315:20)\n' +
      '    at SimpleURLLoaderWrapper.EventEmitter.emit (domain.js:483:12)'
  }
}
[2023-02-18 20:33:45.043] [info] {
  level: 'error',
  from: 'main',
  type: 'uncaughtException',
  error: {
    name: 'TypeError',
    message: 'One-time callback was called more than once',
    stack: 'TypeError: One-time callback was called more than once\n' +
      '    at ClientRequest.<anonymous> (/opt/Notion Enhanced/resources/app.asar/main/schemeHandler.js:221:9)\n' +
      '    at ClientRequest.emit (events.js:315:20)\n' +
      '    at ClientRequest.EventEmitter.emit (domain.js:483:12)\n' +
      '    at SimpleURLLoaderWrapper.<anonymous> (electron/js2c/browser_init.js:105:6293)\n' +
      '    at SimpleURLLoaderWrapper.emit (events.js:315:20)\n' +
      '    at SimpleURLLoaderWrapper.EventEmitter.emit (domain.js:483:12)'
  }
}
[2023-02-18 20:33:45.051] [info] {
  level: 'error',
  from: 'main',
  type: 'uncaughtException',
  error: {
    name: 'TypeError',
    message: 'One-time callback was called more than once',
    stack: 'TypeError: One-time callback was called more than once\n' +
      '    at ClientRequest.<anonymous> (/opt/Notion Enhanced/resources/app.asar/main/schemeHandler.js:221:9)\n' +
      '    at ClientRequest.emit (events.js:315:20)\n' +
      '    at ClientRequest.EventEmitter.emit (domain.js:483:12)\n' +
      '    at SimpleURLLoaderWrapper.<anonymous> (electron/js2c/browser_init.js:105:6293)\n' +
      '    at SimpleURLLoaderWrapper.emit (events.js:315:20)\n' +
      '    at SimpleURLLoaderWrapper.EventEmitter.emit (domain.js:483:12)'
  }
}
[2023-02-18 20:33:45.060] [info] {
  level: 'error',
  from: 'main',
  type: 'uncaughtException',
  error: {
    name: 'TypeError',
    message: 'One-time callback was called more than once',
    stack: 'TypeError: One-time callback was called more than once\n' +
      '    at ClientRequest.<anonymous> (/opt/Notion Enhanced/resources/app.asar/main/schemeHandler.js:221:9)\n' +
      '    at ClientRequest.emit (events.js:315:20)\n' +
      '    at ClientRequest.EventEmitter.emit (domain.js:483:12)\n' +
      '    at SimpleURLLoaderWrapper.<anonymous> (electron/js2c/browser_init.js:105:6293)\n' +
      '    at SimpleURLLoaderWrapper.emit (events.js:315:20)\n' +
      '    at SimpleURLLoaderWrapper.EventEmitter.emit (domain.js:483:12)'
  }
}
[2023-02-18 20:33:45.069] [info] {
  level: 'error',
  from: 'main',
  type: 'uncaughtException',
  error: {
    name: 'TypeError',
    message: 'One-time callback was called more than once',
    stack: 'TypeError: One-time callback was called more than once\n' +
      '    at ClientRequest.<anonymous> (/opt/Notion Enhanced/resources/app.asar/main/schemeHandler.js:221:9)\n' +
      '    at ClientRequest.emit (events.js:315:20)\n' +
      '    at ClientRequest.EventEmitter.emit (domain.js:483:12)\n' +
      '    at SimpleURLLoaderWrapper.<anonymous> (electron/js2c/browser_init.js:105:6293)\n' +
      '    at SimpleURLLoaderWrapper.emit (events.js:315:20)\n' +
      '    at SimpleURLLoaderWrapper.EventEmitter.emit (domain.js:483:12)'
  }
}
[2023-02-18 20:33:45.084] [info] {
  level: 'error',
  from: 'main',
  type: 'uncaughtException',
  error: {
    name: 'TypeError',
    message: 'One-time callback was called more than once',
    stack: 'TypeError: One-time callback was called more than once\n' +
      '    at ClientRequest.<anonymous> (/opt/Notion Enhanced/resources/app.asar/main/schemeHandler.js:221:9)\n' +
      '    at ClientRequest.emit (events.js:315:20)\n' +
      '    at ClientRequest.EventEmitter.emit (domain.js:483:12)\n' +
      '    at SimpleURLLoaderWrapper.<anonymous> (electron/js2c/browser_init.js:105:6293)\n' +
      '    at SimpleURLLoaderWrapper.emit (events.js:315:20)\n' +
      '    at SimpleURLLoaderWrapper.EventEmitter.emit (domain.js:483:12)'
  }
}
[2023-02-18 20:33:45.313] [info] {
  level: 'error',
  from: 'main',
  type: 'uncaughtException',
  error: {
    name: 'TypeError',
    message: 'One-time callback was called more than once',
    stack: 'TypeError: One-time callback was called more than once\n' +
      '    at ClientRequest.<anonymous> (/opt/Notion Enhanced/resources/app.asar/main/schemeHandler.js:221:9)\n' +
      '    at ClientRequest.emit (events.js:315:20)\n' +
      '    at ClientRequest.EventEmitter.emit (domain.js:483:12)\n' +
      '    at SimpleURLLoaderWrapper.<anonymous> (electron/js2c/browser_init.js:105:6293)\n' +
      '    at SimpleURLLoaderWrapper.emit (events.js:315:20)\n' +
      '    at SimpleURLLoaderWrapper.EventEmitter.emit (domain.js:483:12)'
  }
}
[2023-02-18 20:33:45.640] [info] {
  level: 'error',
  from: 'main',
  type: 'uncaughtException',
  error: {
    name: 'TypeError',
    message: 'One-time callback was called more than once',
    stack: 'TypeError: One-time callback was called more than once\n' +
      '    at ClientRequest.<anonymous> (/opt/Notion Enhanced/resources/app.asar/main/schemeHandler.js:221:9)\n' +
      '    at ClientRequest.emit (events.js:315:20)\n' +
      '    at ClientRequest.EventEmitter.emit (domain.js:483:12)\n' +
      '    at SimpleURLLoaderWrapper.<anonymous> (electron/js2c/browser_init.js:105:6293)\n' +
      '    at SimpleURLLoaderWrapper.emit (events.js:315:20)\n' +
      '    at SimpleURLLoaderWrapper.EventEmitter.emit (domain.js:483:12)'
  }
}
[2023-02-18 20:33:45.651] [info] {
  level: 'error',
  from: 'main',
  type: 'uncaughtException',
  error: {
    name: 'TypeError',
    message: 'One-time callback was called more than once',
    stack: 'TypeError: One-time callback was called more than once\n' +
      '    at ClientRequest.<anonymous> (/opt/Notion Enhanced/resources/app.asar/main/schemeHandler.js:221:9)\n' +
      '    at ClientRequest.emit (events.js:315:20)\n' +
      '    at ClientRequest.EventEmitter.emit (domain.js:483:12)\n' +
      '    at SimpleURLLoaderWrapper.<anonymous> (electron/js2c/browser_init.js:105:6293)\n' +
      '    at SimpleURLLoaderWrapper.emit (events.js:315:20)\n' +
      '    at SimpleURLLoaderWrapper.EventEmitter.emit (domain.js:483:12)'
  }
}
[2023-02-18 20:33:45.655] [info] {
  level: 'error',
  from: 'main',
  type: 'uncaughtException',
  error: {
    name: 'TypeError',
    message: 'One-time callback was called more than once',
    stack: 'TypeError: One-time callback was called more than once\n' +
      '    at ClientRequest.<anonymous> (/opt/Notion Enhanced/resources/app.asar/main/schemeHandler.js:221:9)\n' +
      '    at ClientRequest.emit (events.js:315:20)\n' +
      '    at ClientRequest.EventEmitter.emit (domain.js:483:12)\n' +
      '    at SimpleURLLoaderWrapper.<anonymous> (electron/js2c/browser_init.js:105:6293)\n' +
      '    at SimpleURLLoaderWrapper.emit (events.js:315:20)\n' +
      '    at SimpleURLLoaderWrapper.EventEmitter.emit (domain.js:483:12)'
  }
}
[2023-02-18 20:33:45.661] [info] {
  level: 'error',
  from: 'main',
  type: 'uncaughtException',
  error: {
    name: 'TypeError',
    message: 'One-time callback was called more than once',
    stack: 'TypeError: One-time callback was called more than once\n' +
      '    at ClientRequest.<anonymous> (/opt/Notion Enhanced/resources/app.asar/main/schemeHandler.js:221:9)\n' +
      '    at ClientRequest.emit (events.js:315:20)\n' +
      '    at ClientRequest.EventEmitter.emit (domain.js:483:12)\n' +
      '    at SimpleURLLoaderWrapper.<anonymous> (electron/js2c/browser_init.js:105:6293)\n' +
      '    at SimpleURLLoaderWrapper.emit (events.js:315:20)\n' +
      '    at SimpleURLLoaderWrapper.EventEmitter.emit (domain.js:483:12)'
  }
}
[2023-02-18 20:33:45.684] [info] {
  level: 'error',
  from: 'main',
  type: 'uncaughtException',
  error: {
    name: 'TypeError',
    message: 'One-time callback was called more than once',
    stack: 'TypeError: One-time callback was called more than once\n' +
      '    at ClientRequest.<anonymous> (/opt/Notion Enhanced/resources/app.asar/main/schemeHandler.js:221:9)\n' +
      '    at ClientRequest.emit (events.js:315:20)\n' +
      '    at ClientRequest.EventEmitter.emit (domain.js:483:12)\n' +
      '    at SimpleURLLoaderWrapper.<anonymous> (electron/js2c/browser_init.js:105:6293)\n' +
      '    at SimpleURLLoaderWrapper.emit (events.js:315:20)\n' +
      '    at SimpleURLLoaderWrapper.EventEmitter.emit (domain.js:483:12)'
  }
}
[2023-02-18 20:33:46.924] [info] {
  level: 'error',
  from: 'main',
  type: 'uncaughtException',
  error: {
    name: 'TypeError',
    message: 'One-time callback was called more than once',
    stack: 'TypeError: One-time callback was called more than once\n' +
      '    at ClientRequest.<anonymous> (/opt/Notion Enhanced/resources/app.asar/main/schemeHandler.js:221:9)\n' +
      '    at ClientRequest.emit (events.js:315:20)\n' +
      '    at ClientRequest.EventEmitter.emit (domain.js:483:12)\n' +
      '    at SimpleURLLoaderWrapper.<anonymous> (electron/js2c/browser_init.js:105:6293)\n' +
      '    at SimpleURLLoaderWrapper.emit (events.js:315:20)\n' +
      '    at SimpleURLLoaderWrapper.EventEmitter.emit (domain.js:483:12)'
  }
}
[2023-02-18 20:33:48.970] [info] {
  level: 'error',
  from: 'main',
  type: 'uncaughtException',
  error: {
    name: 'TypeError',
    message: 'One-time callback was called more than once',
    stack: 'TypeError: One-time callback was called more than once\n' +
      '    at ClientRequest.<anonymous> (/opt/Notion Enhanced/resources/app.asar/main/schemeHandler.js:221:9)\n' +
      '    at ClientRequest.emit (events.js:315:20)\n' +
      '    at ClientRequest.EventEmitter.emit (domain.js:483:12)\n' +
      '    at SimpleURLLoaderWrapper.<anonymous> (electron/js2c/browser_init.js:105:6293)\n' +
      '    at SimpleURLLoaderWrapper.emit (events.js:315:20)\n' +
      '    at SimpleURLLoaderWrapper.EventEmitter.emit (domain.js:483:12)'
  }
}
[2023-02-18 20:33:48.984] [info] {
  level: 'error',
  from: 'main',
  type: 'uncaughtException',
  error: {
    name: 'TypeError',
    message: 'One-time callback was called more than once',
    stack: 'TypeError: One-time callback was called more than once\n' +
      '    at ClientRequest.<anonymous> (/opt/Notion Enhanced/resources/app.asar/main/schemeHandler.js:221:9)\n' +
      '    at ClientRequest.emit (events.js:315:20)\n' +
      '    at ClientRequest.EventEmitter.emit (domain.js:483:12)\n' +
      '    at SimpleURLLoaderWrapper.<anonymous> (electron/js2c/browser_init.js:105:6293)\n' +
      '    at SimpleURLLoaderWrapper.emit (events.js:315:20)\n' +
      '    at SimpleURLLoaderWrapper.EventEmitter.emit (domain.js:483:12)'
  }
}
[2023-02-18 20:33:48.995] [info] {
  level: 'error',
  from: 'main',
  type: 'uncaughtException',
  error: {
    name: 'TypeError',
    message: 'One-time callback was called more than once',
    stack: 'TypeError: One-time callback was called more than once\n' +
      '    at ClientRequest.<anonymous> (/opt/Notion Enhanced/resources/app.asar/main/schemeHandler.js:221:9)\n' +
      '    at ClientRequest.emit (events.js:315:20)\n' +
      '    at ClientRequest.EventEmitter.emit (domain.js:483:12)\n' +
      '    at SimpleURLLoaderWrapper.<anonymous> (electron/js2c/browser_init.js:105:6293)\n' +
      '    at SimpleURLLoaderWrapper.emit (events.js:315:20)\n' +
      '    at SimpleURLLoaderWrapper.EventEmitter.emit (domain.js:483:12)'
  }
}
[2023-02-18 20:33:49.003] [info] {
  level: 'error',
  from: 'main',
  type: 'uncaughtException',
  error: {
    name: 'TypeError',
    message: 'One-time callback was called more than once',
    stack: 'TypeError: One-time callback was called more than once\n' +
      '    at ClientRequest.<anonymous> (/opt/Notion Enhanced/resources/app.asar/main/schemeHandler.js:221:9)\n' +
      '    at ClientRequest.emit (events.js:315:20)\n' +
      '    at ClientRequest.EventEmitter.emit (domain.js:483:12)\n' +
      '    at SimpleURLLoaderWrapper.<anonymous> (electron/js2c/browser_init.js:105:6293)\n' +
      '    at SimpleURLLoaderWrapper.emit (events.js:315:20)\n' +
      '    at SimpleURLLoaderWrapper.EventEmitter.emit (domain.js:483:12)'
  }
}
[2023-02-18 20:33:49.008] [info] {
  level: 'error',
  from: 'main',
  type: 'uncaughtException',
  error: {
    name: 'TypeError',
    message: 'One-time callback was called more than once',
    stack: 'TypeError: One-time callback was called more than once\n' +
      '    at ClientRequest.<anonymous> (/opt/Notion Enhanced/resources/app.asar/main/schemeHandler.js:221:9)\n' +
      '    at ClientRequest.emit (events.js:315:20)\n' +
      '    at ClientRequest.EventEmitter.emit (domain.js:483:12)\n' +
      '    at SimpleURLLoaderWrapper.<anonymous> (electron/js2c/browser_init.js:105:6293)\n' +
      '    at SimpleURLLoaderWrapper.emit (events.js:315:20)\n' +
      '    at SimpleURLLoaderWrapper.EventEmitter.emit (domain.js:483:12)'
  }
}
[2023-02-18 20:33:49.015] [info] {
  level: 'error',
  from: 'main',
  type: 'uncaughtException',
  error: {
    name: 'TypeError',
    message: 'One-time callback was called more than once',
    stack: 'TypeError: One-time callback was called more than once\n' +
      '    at ClientRequest.<anonymous> (/opt/Notion Enhanced/resources/app.asar/main/schemeHandler.js:221:9)\n' +
      '    at ClientRequest.emit (events.js:315:20)\n' +
      '    at ClientRequest.EventEmitter.emit (domain.js:483:12)\n' +
      '    at SimpleURLLoaderWrapper.<anonymous> (electron/js2c/browser_init.js:105:6293)\n' +
      '    at SimpleURLLoaderWrapper.emit (events.js:315:20)\n' +
      '    at SimpleURLLoaderWrapper.EventEmitter.emit (domain.js:483:12)'
  }
}
[2023-02-18 20:33:49.022] [info] {
  level: 'error',
  from: 'main',
  type: 'uncaughtException',
  error: {
    name: 'TypeError',
    message: 'One-time callback was called more than once',
    stack: 'TypeError: One-time callback was called more than once\n' +
      '    at ClientRequest.<anonymous> (/opt/Notion Enhanced/resources/app.asar/main/schemeHandler.js:221:9)\n' +
      '    at ClientRequest.emit (events.js:315:20)\n' +
      '    at ClientRequest.EventEmitter.emit (domain.js:483:12)\n' +
      '    at SimpleURLLoaderWrapper.<anonymous> (electron/js2c/browser_init.js:105:6293)\n' +
      '    at SimpleURLLoaderWrapper.emit (events.js:315:20)\n' +
      '    at SimpleURLLoaderWrapper.EventEmitter.emit (domain.js:483:12)'
  }
}
[2023-02-18 20:33:49.028] [info] {
  level: 'error',
  from: 'main',
  type: 'uncaughtException',
  error: {
    name: 'TypeError',
    message: 'One-time callback was called more than once',
    stack: 'TypeError: One-time callback was called more than once\n' +
      '    at ClientRequest.<anonymous> (/opt/Notion Enhanced/resources/app.asar/main/schemeHandler.js:221:9)\n' +
      '    at ClientRequest.emit (events.js:315:20)\n' +
      '    at ClientRequest.EventEmitter.emit (domain.js:483:12)\n' +
      '    at SimpleURLLoaderWrapper.<anonymous> (electron/js2c/browser_init.js:105:6293)\n' +
      '    at SimpleURLLoaderWrapper.emit (events.js:315:20)\n' +
      '    at SimpleURLLoaderWrapper.EventEmitter.emit (domain.js:483:12)'
  }
}
[2023-02-18 20:33:49.038] [info] {
  level: 'error',
  from: 'main',
  type: 'uncaughtException',
  error: {
    name: 'TypeError',
    message: 'One-time callback was called more than once',
    stack: 'TypeError: One-time callback was called more than once\n' +
      '    at ClientRequest.<anonymous> (/opt/Notion Enhanced/resources/app.asar/main/schemeHandler.js:221:9)\n' +
      '    at ClientRequest.emit (events.js:315:20)\n' +
      '    at ClientRequest.EventEmitter.emit (domain.js:483:12)\n' +
      '    at SimpleURLLoaderWrapper.<anonymous> (electron/js2c/browser_init.js:105:6293)\n' +
      '    at SimpleURLLoaderWrapper.emit (events.js:315:20)\n' +
      '    at SimpleURLLoaderWrapper.EventEmitter.emit (domain.js:483:12)'
  }
}
[2023-02-18 20:33:49.043] [info] {
  level: 'error',
  from: 'main',
  type: 'uncaughtException',
  error: {
    name: 'TypeError',
    message: 'One-time callback was called more than once',
    stack: 'TypeError: One-time callback was called more than once\n' +
      '    at ClientRequest.<anonymous> (/opt/Notion Enhanced/resources/app.asar/main/schemeHandler.js:221:9)\n' +
      '    at ClientRequest.emit (events.js:315:20)\n' +
      '    at ClientRequest.EventEmitter.emit (domain.js:483:12)\n' +
      '    at SimpleURLLoaderWrapper.<anonymous> (electron/js2c/browser_init.js:105:6293)\n' +
      '    at SimpleURLLoaderWrapper.emit (events.js:315:20)\n' +
      '    at SimpleURLLoaderWrapper.EventEmitter.emit (domain.js:483:12)'
  }
}
[2023-02-18 20:33:49.049] [info] {
  level: 'error',
  from: 'main',
  type: 'uncaughtException',
  error: {
    name: 'TypeError',
    message: 'One-time callback was called more than once',
    stack: 'TypeError: One-time callback was called more than once\n' +
      '    at ClientRequest.<anonymous> (/opt/Notion Enhanced/resources/app.asar/main/schemeHandler.js:221:9)\n' +
      '    at ClientRequest.emit (events.js:315:20)\n' +
      '    at ClientRequest.EventEmitter.emit (domain.js:483:12)\n' +
      '    at SimpleURLLoaderWrapper.<anonymous> (electron/js2c/browser_init.js:105:6293)\n' +
      '    at SimpleURLLoaderWrapper.emit (events.js:315:20)\n' +
      '    at SimpleURLLoaderWrapper.EventEmitter.emit (domain.js:483:12)'
  }
}
[2023-02-18 20:33:49.054] [info] {
  level: 'error',
  from: 'main',
  type: 'uncaughtException',
  error: {
    name: 'TypeError',
    message: 'One-time callback was called more than once',
    stack: 'TypeError: One-time callback was called more than once\n' +
      '    at ClientRequest.<anonymous> (/opt/Notion Enhanced/resources/app.asar/main/schemeHandler.js:221:9)\n' +
      '    at ClientRequest.emit (events.js:315:20)\n' +
      '    at ClientRequest.EventEmitter.emit (domain.js:483:12)\n' +
      '    at SimpleURLLoaderWrapper.<anonymous> (electron/js2c/browser_init.js:105:6293)\n' +
      '    at SimpleURLLoaderWrapper.emit (events.js:315:20)\n' +
      '    at SimpleURLLoaderWrapper.EventEmitter.emit (domain.js:483:12)'
  }
}
[2023-02-18 20:33:49.061] [info] {
  level: 'error',
  from: 'main',
  type: 'uncaughtException',
  error: {
    name: 'TypeError',
    message: 'One-time callback was called more than once',
    stack: 'TypeError: One-time callback was called more than once\n' +
      '    at ClientRequest.<anonymous> (/opt/Notion Enhanced/resources/app.asar/main/schemeHandler.js:221:9)\n' +
      '    at ClientRequest.emit (events.js:315:20)\n' +
      '    at ClientRequest.EventEmitter.emit (domain.js:483:12)\n' +
      '    at SimpleURLLoaderWrapper.<anonymous> (electron/js2c/browser_init.js:105:6293)\n' +
      '    at SimpleURLLoaderWrapper.emit (events.js:315:20)\n' +
      '    at SimpleURLLoaderWrapper.EventEmitter.emit (domain.js:483:12)'
  }
}
[2023-02-18 20:33:49.066] [info] {
  level: 'error',
  from: 'main',
  type: 'uncaughtException',
  error: {
    name: 'TypeError',
    message: 'One-time callback was called more than once',
    stack: 'TypeError: One-time callback was called more than once\n' +
      '    at ClientRequest.<anonymous> (/opt/Notion Enhanced/resources/app.asar/main/schemeHandler.js:221:9)\n' +
      '    at ClientRequest.emit (events.js:315:20)\n' +
      '    at ClientRequest.EventEmitter.emit (domain.js:483:12)\n' +
      '    at SimpleURLLoaderWrapper.<anonymous> (electron/js2c/browser_init.js:105:6293)\n' +
      '    at SimpleURLLoaderWrapper.emit (events.js:315:20)\n' +
      '    at SimpleURLLoaderWrapper.EventEmitter.emit (domain.js:483:12)'
  }
}
[2023-02-18 20:33:49.070] [info] {
  level: 'error',
  from: 'main',
  type: 'uncaughtException',
  error: {
    name: 'TypeError',
    message: 'One-time callback was called more than once',
    stack: 'TypeError: One-time callback was called more than once\n' +
      '    at ClientRequest.<anonymous> (/opt/Notion Enhanced/resources/app.asar/main/schemeHandler.js:221:9)\n' +
      '    at ClientRequest.emit (events.js:315:20)\n' +
      '    at ClientRequest.EventEmitter.emit (domain.js:483:12)\n' +
      '    at SimpleURLLoaderWrapper.<anonymous> (electron/js2c/browser_init.js:105:6293)\n' +
      '    at SimpleURLLoaderWrapper.emit (events.js:315:20)\n' +
      '    at SimpleURLLoaderWrapper.EventEmitter.emit (domain.js:483:12)'
  }
}
[2023-02-18 20:33:49.106] [info] {
  level: 'error',
  from: 'main',
  type: 'uncaughtException',
  error: {
    name: 'TypeError',
    message: 'One-time callback was called more than once',
    stack: 'TypeError: One-time callback was called more than once\n' +
      '    at ClientRequest.<anonymous> (/opt/Notion Enhanced/resources/app.asar/main/schemeHandler.js:221:9)\n' +
      '    at ClientRequest.emit (events.js:315:20)\n' +
      '    at ClientRequest.EventEmitter.emit (domain.js:483:12)\n' +
      '    at SimpleURLLoaderWrapper.<anonymous> (electron/js2c/browser_init.js:105:6293)\n' +
      '    at SimpleURLLoaderWrapper.emit (events.js:315:20)\n' +
      '    at SimpleURLLoaderWrapper.EventEmitter.emit (domain.js:483:12)'
  }
}
[2023-02-18 20:33:49.371] [info] {
  level: 'error',
  from: 'main',
  type: 'uncaughtException',
  error: {
    name: 'TypeError',
    message: 'One-time callback was called more than once',
    stack: 'TypeError: One-time callback was called more than once\n' +
      '    at ClientRequest.<anonymous> (/opt/Notion Enhanced/resources/app.asar/main/schemeHandler.js:221:9)\n' +
      '    at ClientRequest.emit (events.js:315:20)\n' +
      '    at ClientRequest.EventEmitter.emit (domain.js:483:12)\n' +
      '    at SimpleURLLoaderWrapper.<anonymous> (electron/js2c/browser_init.js:105:6293)\n' +
      '    at SimpleURLLoaderWrapper.emit (events.js:315:20)\n' +
      '    at SimpleURLLoaderWrapper.EventEmitter.emit (domain.js:483:12)'
  }
}
[2023-02-18 20:33:49.621] [info] {
  level: 'error',
  from: 'main',
  type: 'uncaughtException',
  error: {
    name: 'TypeError',
    message: 'One-time callback was called more than once',
    stack: 'TypeError: One-time callback was called more than once\n' +
      '    at ClientRequest.<anonymous> (/opt/Notion Enhanced/resources/app.asar/main/schemeHandler.js:221:9)\n' +
      '    at ClientRequest.emit (events.js:315:20)\n' +
      '    at ClientRequest.EventEmitter.emit (domain.js:483:12)\n' +
      '    at SimpleURLLoaderWrapper.<anonymous> (electron/js2c/browser_init.js:105:6293)\n' +
      '    at SimpleURLLoaderWrapper.emit (events.js:315:20)\n' +
      '    at SimpleURLLoaderWrapper.EventEmitter.emit (domain.js:483:12)'
  }
}
[2023-02-18 20:33:49.659] [info] {
  level: 'error',
  from: 'main',
  type: 'uncaughtException',
  error: {
    name: 'TypeError',
    message: 'One-time callback was called more than once',
    stack: 'TypeError: One-time callback was called more than once\n' +
      '    at ClientRequest.<anonymous> (/opt/Notion Enhanced/resources/app.asar/main/schemeHandler.js:221:9)\n' +
      '    at ClientRequest.emit (events.js:315:20)\n' +
      '    at ClientRequest.EventEmitter.emit (domain.js:483:12)\n' +
      '    at SimpleURLLoaderWrapper.<anonymous> (electron/js2c/browser_init.js:105:6293)\n' +
      '    at SimpleURLLoaderWrapper.emit (events.js:315:20)\n' +
      '    at SimpleURLLoaderWrapper.EventEmitter.emit (domain.js:483:12)'
  }
}
[2023-02-18 20:33:49.666] [info] {
  level: 'error',
  from: 'main',
  type: 'uncaughtException',
  error: {
    name: 'TypeError',
    message: 'One-time callback was called more than once',
    stack: 'TypeError: One-time callback was called more than once\n' +
      '    at ClientRequest.<anonymous> (/opt/Notion Enhanced/resources/app.asar/main/schemeHandler.js:221:9)\n' +
      '    at ClientRequest.emit (events.js:315:20)\n' +
      '    at ClientRequest.EventEmitter.emit (domain.js:483:12)\n' +
      '    at SimpleURLLoaderWrapper.<anonymous> (electron/js2c/browser_init.js:105:6293)\n' +
      '    at SimpleURLLoaderWrapper.emit (events.js:315:20)\n' +
      '    at SimpleURLLoaderWrapper.EventEmitter.emit (domain.js:483:12)'
  }
}
[2023-02-18 20:33:50.293] [info] {
  level: 'error',
  from: 'main',
  type: 'uncaughtException',
  error: {
    name: 'TypeError',
    message: 'One-time callback was called more than once',
    stack: 'TypeError: One-time callback was called more than once\n' +
      '    at ClientRequest.<anonymous> (/opt/Notion Enhanced/resources/app.asar/main/schemeHandler.js:221:9)\n' +
      '    at ClientRequest.emit (events.js:315:20)\n' +
      '    at ClientRequest.EventEmitter.emit (domain.js:483:12)\n' +
      '    at SimpleURLLoaderWrapper.<anonymous> (electron/js2c/browser_init.js:105:6293)\n' +
      '    at SimpleURLLoaderWrapper.emit (events.js:315:20)\n' +
      '    at SimpleURLLoaderWrapper.EventEmitter.emit (domain.js:483:12)'
  }
}
[2023-02-18 20:41:37.350] [info] Quitting...
[2023-02-18 20:41:37.350] [info] Killing child process
