IHealth: 130479
ISelectionBar: 128417
IRenderAnnotationsWhenSelected: 125563
IRenderAboveShroudWhenSelected: 125563
RejectsOrders: 121757
IIssueOrder: 106011
BuildingInfluence: 62810
ICrushable: 32250
Building: 28800
IPaletteModifier: 26927
IRenderOverlay: 26926
GivesBuildableArea: 23678
MustBeDestroyed: 22146
INotifyBlockingMove: 11156
RallyPoint: 11082
ProvidesRadar: 11078
IRadarSignature: 7480
MapBuildRadius: 5295
BaseProvider: 4700
ISync: 3742
IFacing: 2910
ITooltip: 2872
ProductionQueue: 2851
DeveloperMode: 2692
IProvideTooltipInfo: 2542
Mobile: 2375
IResourceLayer: 1911
JamsMissiles: 1575
IAcceptResources: 1465
INotifyAppliedDamage: 1426
HitShape: 1322
IMove: 1279
RenderSprites: 1144
INotifyResourceAccepted: 1098
IDisableEnemyAutoTarget: 1044
Armament: 824
IDamageModifier: 804
BodyOrientation: 777
IPositionable: 764
DrawLineToTarget: 728
INotifyDamage: 712
INotifyKilled: 712
Harvester: 710
AutoTarget: 660
DebugVisualizations: 637
Armor: 630
IBlocksProjectiles: 607
Transforms: 562
IVisibilityModifier: 494
Turreted: 475
AttackMove: 433
SmudgeLayer: 423
RenderRangeCircle: 417
SupportPower: 394
INotifyCreated: 393
INotifyAddedToWorld: 393
IObservesVariables: 393
ICreationActivity: 393
IAutoMouseBounds: 387
RevealsShroud: 374
IRadarColorModifier: 373
ITargetableCells: 361
INotifyDamageStateChanged: 356
Cloak: 356
AttackFrontal: 349
FrozenActorLayer: 335
RepairableBuilding: 304
IVoiced: 297
INotifyHarvesterAction: 285
ResourceClaimLayer: 248
IIssueDeployOrder: 216
ITechTreePrerequisite: 209
Buildable: 209
INotifySelected: 201
PlayerStatistics: 197
Exit: 165
INotifyOrderIssued: 162
GrantConditionOnPrerequisiteManager: 152
SquadManagerBotModule: 150
IGivesExperienceModifier: 150
Interactable: 146
IDecoration: 146
IRevealsShroudModifier: 122
Locomotor: 113
PowerManager: 109
IOrderVoice: 109
INotifyCenterPositionChanged: 105
PlayerResources: 98
INotifyMoving: 97
ISpeedModifier: 96
IPathFinder: 93
INotifyCustomLayerChanged: 93
INotifyFinishedMoving: 93
IWrapMove: 93
WithSpriteBody: 91
IFirepowerModifier: 86
INotifyAttack: 86
INotifyBurstComplete: 86
IRangeModifier: 86
IReloadModifier: 86
IInaccuracyModifier: 86
INotifyAiming: 84
IDetectCloakedModifier: 81
AttackBase: 80
INotifyProduction: 78
INotifyOtherProduction: 78
IWallConnector: 77
Reservable: 77
IOverrideAutoTarget: 76
INotifyStanceChanged: 76
AttackTurreted: 76
AutoTargetPriority: 76
MapCreeps: 73
IRenderInfantrySequenceModifier: 73
INotifyActorDisposing: 55
INotifyRemovedFromWorld: 55
INotifyDockClient: 54
IDockClientBody: 54
WithDockingOverlay: 54
INotifyDockHost: 54
TechTree: 51
Rearmable: 49
Aircraft: 48
PlayerExperience: 47
WithMakeOverlay: 45
GainsExperience: 42
ExternalCondition: 40
CaptureManager: 36
IBotPositionsUpdated: 35
Capturable: 34
ICaptureProgressWatcher: 34
Captures: 34
IGainsExperienceModifier: 34
Power: 29
IPowerModifier: 29
INotifyBuildingPlaced: 27
MapOptions: 25
AttackFollow: 25
IProductionIconOverlay: 22
IConditionTimerWatcher: 17
IBotRequestPauseUnitProduction: 15
IBotNotifyIdleBaseUnits: 15
Shroud: 15
Production: 14
RadarPings: 12
IBotRequestUnitProduction: 10
ChatCommands: 9
HelpCommand: 8
CrateSpawner: 8
SupportPowerManager: 8
DetectCloaked: 8
Parachutable: 8
INotifyDelivery: 8
MissionObjectives: 7
IWorldLoaded: 6
IRadarTerrainLayer: 6
INotifyPlayerDisconnected: 6
INotifyTransform: 6
ILoadsPlayerPalettes: 5
IUnlocksRenderPlayer: 5
INotifyPowerLevelChanged: 5
IResourceValueModifier: 5
Repairable: 4
Cargo: 4
IAircraftCenterPositionOffset: 4
IOverrideAircraftLanding: 4
INotifyLanding: 4
INotifyTakeOff: 4
IObjectivesPanel: 3
IDeathActorInitModifier: 3
IHuskModifier: 3
MenuPaletteEffect: 2
IAssignSpawnPoints: 2
INotifyObjectivesUpdated: 2
IPreventMapSpawn: 2
WithMakeAnimation: 2
ITransformActorInitModifier: 2
WithSpriteTurret: 2
LuaScript: 2
ILoadsPalettes: 1
ScreenMap: 1
IActorMap: 1
ISelection: 1
IControlGroups: 1
MusicPlaylist: 1
IRenderTerrain: 1
TerrainGeometryOverlay: 1
INotifyChat: 1
INotifySelection: 1
ICreatePlayers: 1
IValidateOrder: 1
TimeLimitManager: 1
IResourceRenderer: 1
PathFinderOverlay: 1
HierarchicalPathFinderOverlay: 1
ICustomMovementLayer: 1
IBot: 1
IBotTick: 1
IBotRespondToAttack: 1
IBotEnabled: 1
PlayerRadarTerrain: 1
INotifyViewportZoomExtentsChanged: 1
ITerrainLighting: 1
Bridge: 1
StrategicVictoryConditions: 1
