I[17:37:31.575] clangd version 17.0.6
I[17:37:31.575] Features: linux
I[17:37:31.575] PID: 289367
I[17:37:31.575] Working directory: /home/anton/tmp
I[17:37:31.575] argv[0]: /usr/bin/clangd
I[17:37:31.575] Starting LSP over stdin/stdout
I[17:37:31.586] <-- initialize(0)
I[17:37:31.591] --> reply:initialize(0) 4 ms
I[17:37:31.593] <-- initialized
I[17:37:31.603] <-- textDocument/didOpen
E[17:37:31.607] config error at /home/anton/.config/clangd/config.yaml:3:0: CompileFlags should be a dictionary
I[17:37:31.607] config warning at /home/anton/.config/clangd/config.yaml:3:0: Unknown Config key 'Add'
I[17:37:31.607] config warning at /home/anton/.config/clangd/config.yaml:4:0: Unknown Config key 'CompilationDatabasePath'
I[17:37:31.608] --> textDocument/publishDiagnostics
I[17:37:31.664] Loaded compilation database from /home/anton/tmp/compile_commands.json
I[17:37:31.667] ASTWorker building file /home/anton/tmp/pass-test/runtime_core/static_core/libllvmbackend/transforms/passes/alloc_memory_optimizer.h version 1 with command inferred from /home/tmp/pass-test/runtime_core/static_core/libllvmbackend/transforms/passes/alloc_memory_optimizer.cpp
[/home/tmp/build]
/usr/bin/c++ --driver-mode=g++ "-DBUILD_FOLDER=\"/home/tmp/build\"" -DPANDA_BUILD_LLVM_BACKEND -DPANDA_COMPILER_DEBUG_INFO -DPANDA_COMPILER_ENABLE -DPANDA_COMPILER_TARGET_X86_64 -DPANDA_ENABLE_SLOW_DEBUG -DPANDA_LLVM_AOT -DPANDA_LLVM_BACKEND -DPANDA_LLVM_INTERPRETER -DPANDA_LLVM_IRTOC -DPANDA_TARGET_64 -DPANDA_TARGET_AMD64 -DPANDA_TARGET_LINUX -DPANDA_TARGET_LINUX_UBUNTU -DPANDA_TARGET_LINUX_UBUNTU_20_04 -DPANDA_TARGET_MOBILE_WITH_MANAGED_LIBS=0 -DPANDA_TARGET_UNIX -DPANDA_USE_32_BIT_POINTER -DPANDA_USE_CUSTOM_SIGNAL_STACK -DPANDA_USE_FUTEX -DPANDA_WITH_BYTECODE_OPTIMIZER -DPANDA_WITH_CODEGEN -DPANDA_WITH_COMPILER -DPANDA_WITH_ETS -DPANDA_WITH_IRTOC -DREQUIRED_LLVM_VERSION=15.0.4-ark16 -DZYDIS_DISABLE_AVX512 -DZYDIS_DISABLE_KNC -D_GLIBCXX_ASSERTIONS -Dllvmbackend_EXPORTS -I/home/tmp/pass-test/runtime_core/static_core/libllvmbackend/. -I/home/tmp/pass-test/runtime_core/static_core/compiler -Ilibllvmbackend/generated -I/home/tmp/pass-test/runtime_core/static_core -I/home/tmp/pass-test/runtime_core/static_core/runtime -I. -Iruntime/include -Icross_values -Icompiler/generated -Iplugins/ets/compiler/generated -I/home/tmp/pass-test/runtime_core/static_core/libpandabase/. -I/home/tmp/pass-test/runtime_core/static_core/libpandabase -Ilibpandabase/generated -Ilibpandabase/panda_gen_options/generated/.. -I/home/tmp/pass-test/runtime_core/static_core/libpandafile -Ilibpandafile/include -I/home/tmp/pass-test/runtime_core/static_core/libziparchive -I/home/tmp/pass-test/runtime_core/static_core/compiler/optimizer/code_generator/. -isystem /home/tmp/llvm-build/install/llvm-15.0.4-ark16-debug-x86_64/include -isystem /home/tmp/pass-test/runtime_core/static_core/third_party/utils_native/base/include -isystem /home/tmp/pass-test/runtime_core/static_core/third_party/zlib -isystem /home/tmp/pass-test/runtime_core/static_core/third_party/zlib/contrib/minizip -isystem /home/tmp/pass-test/runtime_core/static_core/third_party/asmjit/src -pedantic -Wall -Wextra -Werror -Wshadow -fno-rtti -fno-exceptions -g -fPIC -fno-omit-frame-pointer -Wno-unused-parameter -Wno-invalid-offsetof -Wno-return-type-c-linkage -DASMJIT_STATIC -pthread -c -x c++-header -std=c++17 -resource-dir=/usr/lib/clang/17 -- /home/anton/tmp/pass-test/runtime_core/static_core/libllvmbackend/transforms/passes/alloc_memory_optimizer.h
E[17:37:31.667] VFS: failed to set CWD to /home/tmp/build: No such file or directory
I[17:37:31.684] --> textDocument/clangd.fileStatus
E[17:37:31.685] VFS: failed to set CWD to /home/tmp/build: No such file or directory
I[17:37:32.538] <-- textDocument/documentLink(1)
I[17:37:32.546] <-- textDocument/documentSymbol(2)
I[17:37:32.553] <-- textDocument/inlayHint(3)
I[17:37:32.646] <-- textDocument/codeAction(4)
I[17:37:32.742] <-- $/setTrace
I[17:37:32.742] unhandled notification $/setTrace
I[17:37:32.758] <-- $/cancelRequest
I[17:37:32.770] <-- $/cancelRequest
I[17:37:32.770] <-- textDocument/codeAction(5)
I[17:37:32.895] <-- textDocument/foldingRange(6)
I[17:37:32.896] <-- textDocument/documentLink(7)
I[17:37:32.897] --> reply:textDocument/foldingRange(6) 1 ms
I[17:37:33.107] <-- textDocument/semanticTokens/full(8)
I[17:37:33.784] <-- $/setTrace
I[17:37:33.784] unhandled notification $/setTrace
I[17:37:34.372] <-- textDocument/hover(9)
I[17:37:34.490] <-- $/cancelRequest
I[17:37:34.713] <-- $/cancelRequest
I[17:37:34.716] <-- $/cancelRequest
I[17:37:34.716] <-- $/cancelRequest
I[17:37:34.719] <-- $/cancelRequest
I[17:37:34.751] <-- $/cancelRequest
I[17:37:34.752] <-- textDocument/didClose
I[17:37:34.752] --> textDocument/publishDiagnostics
I[17:37:34.752] --> reply:textDocument/documentLink(1) 2214 ms, error: Task was cancelled.
I[17:37:34.752] --> reply:textDocument/documentSymbol(2) 2206 ms, error: Task was cancelled.
I[17:37:34.752] --> reply:textDocument/inlayHint(3) 2199 ms, error: Task was cancelled.
I[17:37:34.753] --> reply:textDocument/codeAction(4) 2106 ms, error: Task was cancelled.
I[17:37:34.753] --> reply:textDocument/codeAction(5) 1982 ms, error: Task was cancelled.
I[17:37:34.753] --> reply:textDocument/documentLink(7) 1857 ms, error: Task was cancelled.
I[17:37:34.753] --> reply:textDocument/semanticTokens/full(8) 1645 ms, error: Task was cancelled.
I[17:37:34.753] --> reply:textDocument/hover(9) 380 ms, error: Task was cancelled.
[Error - 5:37:34 PM] Request textDocument/documentLink failed.
[object Object]
[Error - 5:37:34 PM] Request textDocument/documentSymbol failed.
[object Object]
[Error - 5:37:34 PM] Request textDocument/inlayHint failed.
[object Object]
[Error - 5:37:34 PM] Request textDocument/codeAction failed.
[object Object]
[Error - 5:37:34 PM] Request textDocument/codeAction failed.
[object Object]
[Error - 5:37:34 PM] Request textDocument/documentLink failed.
[object Object]
[Error - 5:37:34 PM] Request textDocument/semanticTokens/full failed.
[object Object]
[Error - 5:37:34 PM] Request textDocument/hover failed.
[object Object]
I[17:37:35.463] Built preamble of size 16571228 for file /home/anton/tmp/pass-test/runtime_core/static_core/libllvmbackend/transforms/passes/alloc_memory_optimizer.h version 1 in 3.78 seconds
I[17:37:35.463] --> workspace/semanticTokens/refresh(0)
I[17:37:35.467] Indexing c++17 standard library in the context of /home/anton/tmp/pass-test/runtime_core/static_core/libllvmbackend/transforms/passes/alloc_memory_optimizer.h
I[17:37:35.474] <-- reply(0)
I[17:37:35.550] <-- $/setTrace
I[17:37:35.550] unhandled notification $/setTrace
I[17:37:38.648] <-- textDocument/didOpen
I[17:37:38.650] ASTWorker building file /home/anton/tmp/pass-test/runtime_core/static_core/libllvmbackend/transforms/passes/alloc_memory_optimizer.h version 1 with command inferred from /home/tmp/pass-test/runtime_core/static_core/libllvmbackend/transforms/passes/alloc_memory_optimizer.cpp
[/home/tmp/build]
/usr/bin/c++ --driver-mode=g++ "-DBUILD_FOLDER=\"/home/tmp/build\"" -DPANDA_BUILD_LLVM_BACKEND -DPANDA_COMPILER_DEBUG_INFO -DPANDA_COMPILER_ENABLE -DPANDA_COMPILER_TARGET_X86_64 -DPANDA_ENABLE_SLOW_DEBUG -DPANDA_LLVM_AOT -DPANDA_LLVM_BACKEND -DPANDA_LLVM_INTERPRETER -DPANDA_LLVM_IRTOC -DPANDA_TARGET_64 -DPANDA_TARGET_AMD64 -DPANDA_TARGET_LINUX -DPANDA_TARGET_LINUX_UBUNTU -DPANDA_TARGET_LINUX_UBUNTU_20_04 -DPANDA_TARGET_MOBILE_WITH_MANAGED_LIBS=0 -DPANDA_TARGET_UNIX -DPANDA_USE_32_BIT_POINTER -DPANDA_USE_CUSTOM_SIGNAL_STACK -DPANDA_USE_FUTEX -DPANDA_WITH_BYTECODE_OPTIMIZER -DPANDA_WITH_CODEGEN -DPANDA_WITH_COMPILER -DPANDA_WITH_ETS -DPANDA_WITH_IRTOC -DREQUIRED_LLVM_VERSION=15.0.4-ark16 -DZYDIS_DISABLE_AVX512 -DZYDIS_DISABLE_KNC -D_GLIBCXX_ASSERTIONS -Dllvmbackend_EXPORTS -I/home/tmp/pass-test/runtime_core/static_core/libllvmbackend/. -I/home/tmp/pass-test/runtime_core/static_core/compiler -Ilibllvmbackend/generated -I/home/tmp/pass-test/runtime_core/static_core -I/home/tmp/pass-test/runtime_core/static_core/runtime -I. -Iruntime/include -Icross_values -Icompiler/generated -Iplugins/ets/compiler/generated -I/home/tmp/pass-test/runtime_core/static_core/libpandabase/. -I/home/tmp/pass-test/runtime_core/static_core/libpandabase -Ilibpandabase/generated -Ilibpandabase/panda_gen_options/generated/.. -I/home/tmp/pass-test/runtime_core/static_core/libpandafile -Ilibpandafile/include -I/home/tmp/pass-test/runtime_core/static_core/libziparchive -I/home/tmp/pass-test/runtime_core/static_core/compiler/optimizer/code_generator/. -isystem /home/tmp/llvm-build/install/llvm-15.0.4-ark16-debug-x86_64/include -isystem /home/tmp/pass-test/runtime_core/static_core/third_party/utils_native/base/include -isystem /home/tmp/pass-test/runtime_core/static_core/third_party/zlib -isystem /home/tmp/pass-test/runtime_core/static_core/third_party/zlib/contrib/minizip -isystem /home/tmp/pass-test/runtime_core/static_core/third_party/asmjit/src -pedantic -Wall -Wextra -Werror -Wshadow -fno-rtti -fno-exceptions -g -fPIC -fno-omit-frame-pointer -Wno-unused-parameter -Wno-invalid-offsetof -Wno-return-type-c-linkage -DASMJIT_STATIC -pthread -c -x c++-header -std=c++17 -resource-dir=/usr/lib/clang/17 -- /home/anton/tmp/pass-test/runtime_core/static_core/libllvmbackend/transforms/passes/alloc_memory_optimizer.h
E[17:37:38.650] VFS: failed to set CWD to /home/tmp/build: No such file or directory
I[17:37:38.655] --> textDocument/clangd.fileStatus
E[17:37:38.656] VFS: failed to set CWD to /home/tmp/build: No such file or directory
I[17:37:38.663] <-- textDocument/codeAction(10)
I[17:37:38.664] <-- textDocument/documentSymbol(11)
I[17:37:38.823] <-- $/cancelRequest
I[17:37:38.825] <-- textDocument/documentSymbol(12)
I[17:37:38.863] <-- textDocument/semanticTokens/full(13)
I[17:37:38.867] <-- textDocument/documentLink(14)
I[17:37:38.869] <-- textDocument/inlayHint(15)
I[17:37:38.887] <-- textDocument/foldingRange(16)
I[17:37:38.888] --> reply:textDocument/foldingRange(16) 1 ms
I[17:37:38.931] <-- textDocument/codeAction(17)
I[17:37:38.931] <-- $/cancelRequest
I[17:37:39.002] Indexed c++17 standard library (incomplete due to errors): 13997 symbols, 1918 filtered
I[17:37:39.007] <-- textDocument/documentSymbol(18)
I[17:37:39.659] <-- textDocument/hover(19)
I[17:37:41.520] Built preamble of size 16571228 for file /home/anton/tmp/pass-test/runtime_core/static_core/libllvmbackend/transforms/passes/alloc_memory_optimizer.h version 1 in 2.86 seconds
I[17:37:41.520] --> workspace/semanticTokens/refresh(1)
I[17:37:41.520] --> textDocument/clangd.fileStatus
E[17:37:41.521] VFS: failed to set CWD to /home/tmp/build: No such file or directory
I[17:37:41.522] <-- reply(1)
I[17:37:41.598] <-- $/cancelRequest
E[17:37:41.654] IncludeCleaner: Failed to get an entry for resolved path : No such file or directory
I[17:37:41.660] --> textDocument/publishDiagnostics
I[17:37:41.660] --> textDocument/inactiveRegions
I[17:37:41.661] --> reply:textDocument/codeAction(10) 2998 ms, error: Task was cancelled.
I[17:37:41.661] --> reply:textDocument/documentSymbol(11) 2997 ms, error: Task was cancelled.
I[17:37:41.662] --> reply:textDocument/documentSymbol(12) 2837 ms
[Error - 5:37:41 PM] Request textDocument/codeAction failed.
[object Object]
I[17:37:41.664] --> reply:textDocument/semanticTokens/full(13) 2800 ms
I[17:37:41.665] --> reply:textDocument/documentLink(14) 2797 ms
[Error - 5:37:41 PM] Request textDocument/documentSymbol failed.
[object Object]
I[17:37:41.665] --> reply:textDocument/inlayHint(15) 2795 ms
I[17:37:41.665] --> reply:textDocument/codeAction(17) 2733 ms
I[17:37:41.666] --> reply:textDocument/documentSymbol(18) 2659 ms
I[17:37:41.667] --> reply:textDocument/hover(19) 2007 ms, error: Task was cancelled.
I[17:37:41.667] --> textDocument/clangd.fileStatus
[Error - 5:37:41 PM] Request textDocument/hover failed.
[object Object]
I[17:37:41.920] <-- textDocument/codeAction(20)
I[17:37:41.920] --> reply:textDocument/codeAction(20) 0 ms
I[17:37:41.920] --> textDocument/clangd.fileStatus
I[17:37:43.721] <-- textDocument/semanticTokens/full/delta(21)
I[17:37:43.723] --> reply:textDocument/semanticTokens/full/delta(21) 1 ms
I[17:37:43.723] --> textDocument/clangd.fileStatus
