2024-07-09 15:05:15.782 [info] Log level: Info
2024-07-09 15:05:15.782 [info] Validating found git in: "git"
2024-07-09 15:05:15.782 [info] Using git "2.45.2" from "git"
2024-07-09 15:05:15.782 [info] > git rev-parse --show-toplevel [14ms]
2024-07-09 15:05:15.782 [info] > git rev-parse --git-dir --git-common-dir [40ms]
2024-07-09 15:05:15.782 [info] Open repository: /home/anton/dev/web/alles
2024-07-09 15:05:15.813 [info] > git rev-parse --show-toplevel [55ms]
2024-07-09 15:05:15.814 [info] > git config --get commit.template [66ms]
2024-07-09 15:05:15.869 [info] > git rev-parse --show-toplevel [40ms]
2024-07-09 15:05:15.920 [info] > git rev-parse --show-toplevel [29ms]
2024-07-09 15:05:15.929 [info] > git for-each-ref --format=%(refname)%00%(upstream:short)%00%(objectname)%00%(upstream:track)%00%(upstream:remotename)%00%(upstream:remoteref) refs/heads/develop refs/remotes/develop [78ms]
2024-07-09 15:05:15.950 [info] > git rev-parse --show-toplevel [5ms]
2024-07-09 15:05:15.997 [info] > git rev-parse --show-toplevel [5ms]
2024-07-09 15:05:16.012 [info] > git status -z -uall [42ms]
2024-07-09 15:05:16.062 [info] > git for-each-ref --format=%(refname)%00%(upstream:short)%00%(objectname)%00%(upstream:track)%00%(upstream:remotename)%00%(upstream:remoteref) refs/heads/develop refs/remotes/develop [29ms]
2024-07-09 15:05:16.078 [info] > git config --local branch.develop.vscode-merge-base [3ms]
2024-07-09 15:05:16.078 [warning] git config failed: Failed to execute git
2024-07-09 15:05:16.089 [info] > git config --get commit.template [29ms]
2024-07-09 15:05:16.110 [info] > git for-each-ref --format=%(refname)%00%(upstream:short)%00%(objectname)%00%(upstream:track)%00%(upstream:remotename)%00%(upstream:remoteref) refs/heads/develop refs/remotes/develop [4ms]
2024-07-09 15:05:16.115 [info] > git reflog develop --grep-reflog=branch: Created from *. [25ms]
2024-07-09 15:05:16.152 [info] > git for-each-ref --format=%(refname)%00%(upstream:short)%00%(objectname)%00%(upstream:track)%00%(upstream:remotename)%00%(upstream:remoteref) refs/remotes/origin/develop [24ms]
2024-07-09 15:05:16.184 [info] > git status -z -uall [39ms]
2024-07-09 15:05:16.184 [info] > git symbolic-ref --short refs/remotes/origin/HEAD [15ms]
2024-07-09 15:05:16.232 [info] > git for-each-ref --format=%(refname)%00%(upstream:short)%00%(objectname)%00%(upstream:track)%00%(upstream:remotename)%00%(upstream:remoteref) refs/heads/develop refs/remotes/develop [13ms]
2024-07-09 15:05:16.257 [info] > git for-each-ref --format=%(refname)%00%(upstream:short)%00%(objectname)%00%(upstream:track)%00%(upstream:remotename)%00%(upstream:remoteref) refs/heads/origin/master refs/remotes/origin/master [58ms]
2024-07-09 15:05:16.275 [info] > git config --local branch.develop.vscode-merge-base [18ms]
2024-07-09 15:05:16.275 [warning] git config failed: Failed to execute git
2024-07-09 15:05:16.291 [info] > git config --local branch.develop.vscode-merge-base origin/master [21ms]
2024-07-09 15:05:16.330 [info] > git reflog develop --grep-reflog=branch: Created from *. [41ms]
2024-07-09 15:05:16.356 [info] > git for-each-ref --format=%(refname)%00%(upstream:short)%00%(objectname)%00%(upstream:track)%00%(upstream:remotename)%00%(upstream:remoteref) refs/remotes/origin/develop [10ms]
2024-07-09 15:05:16.379 [info] > git config --get commit.template [50ms]
2024-07-09 15:05:16.409 [info] > git symbolic-ref --short refs/remotes/origin/HEAD [30ms]
2024-07-09 15:05:16.446 [info] > git check-ignore -v -z --stdin [3ms]
2024-07-09 15:05:16.448 [info] > git for-each-ref --format=%(refname)%00%(upstream:short)%00%(objectname)%00%(upstream:track)%00%(upstream:remotename)%00%(upstream:remoteref) refs/heads/origin/master refs/remotes/origin/master [17ms]
2024-07-09 15:05:16.462 [info] > git for-each-ref --format=%(refname)%00%(upstream:short)%00%(objectname)%00%(upstream:track)%00%(upstream:remotename)%00%(upstream:remoteref) refs/heads/develop refs/remotes/develop [63ms]
2024-07-09 15:05:16.557 [info] > git config --local branch.develop.vscode-merge-base origin/master [95ms]
2024-07-09 15:05:16.572 [info] > git config --get commit.template [4ms]
2024-07-09 15:05:16.601 [info] > git for-each-ref --format=%(refname)%00%(upstream:short)%00%(objectname)%00%(upstream:track)%00%(upstream:remotename)%00%(upstream:remoteref) refs/heads/develop refs/remotes/develop [8ms]
2024-07-09 15:05:16.601 [info] > git merge-base refs/heads/develop refs/remotes/origin/develop [18ms]
2024-07-09 15:05:16.616 [info] > git rev-list --count --left-right refs/heads/develop...refs/remotes/origin/develop [3ms]
2024-07-09 15:05:16.648 [info] > git diff --name-status -z --diff-filter=ADMR 1637aa686c72af452f0bf1f054645adfa1792c5c...refs/remotes/origin/develop [21ms]
2024-07-09 15:05:16.654 [info] > git status -z -uall [7ms]
2024-07-09 15:05:16.669 [info] > git for-each-ref --format=%(refname)%00%(upstream:short)%00%(objectname)%00%(upstream:track)%00%(upstream:remotename)%00%(upstream:remoteref) refs/heads/develop refs/remotes/develop [5ms]
2024-07-09 15:05:16.681 [info] > git config --local branch.develop.vscode-merge-base [3ms]
2024-07-09 15:05:16.695 [info] > git for-each-ref --format=%(refname)%00%(upstream:short)%00%(objectname)%00%(upstream:track)%00%(upstream:remotename)%00%(upstream:remoteref) refs/heads/origin/master refs/remotes/origin/master [3ms]
2024-07-09 15:05:36.030 [info] > git show --textconv :frontend/src/components/LandingPage/LandingPage.js [10ms]
2024-07-09 15:05:36.032 [info] > git ls-files --stage -- /home/anton/dev/web/alles/frontend/src/components/LandingPage/LandingPage.js [4ms]
2024-07-09 15:05:36.043 [info] > git cat-file -s af7010188ba9e85f6ee8b4210ea2f27eef484bd9 [2ms]
2024-07-09 15:05:40.071 [info] > git show --textconv :frontend/src/App.js [10ms]
2024-07-09 15:05:40.077 [info] > git ls-files --stage -- /home/anton/dev/web/alles/frontend/src/App.js [7ms]
2024-07-09 15:05:40.086 [info] > git cat-file -s b552a558910c1a89d9af9ae281db55f8a882ec75 [2ms]
