2024-08-02 01:51:46.754 [info] Getting Manifest... asvetliakov.vscode-neovim
2024-08-02 01:51:46.763 [info] Getting Manifest... llvm-vs-code-extensions.vscode-clangd
2024-08-02 01:51:47.648 [info] Installing extension: llvm-vs-code-extensions.vscode-clangd {"productVersion":{"version":"1.91.1","date":"2024-07-12T15:10:53.972Z"},"pinned":false,"isApplicationScoped":false,"profileLocation":{"$mid":1,"external":"vscode-userdata:/home/anton/.vscode-oss/extensions/extensions.json","path":"/home/anton/.vscode-oss/extensions/extensions.json","scheme":"vscode-userdata"},"installOnlyNewlyAddedFromExtensionPack":true}
2024-08-02 01:51:47.738 [info] Installing extension: asvetliakov.vscode-neovim {"productVersion":{"version":"1.91.1","date":"2024-07-12T15:10:53.972Z"},"pinned":false,"isApplicationScoped":false,"profileLocation":{"$mid":1,"external":"vscode-userdata:/home/anton/.vscode-oss/extensions/extensions.json","path":"/home/anton/.vscode-oss/extensions/extensions.json","scheme":"vscode-userdata"},"installOnlyNewlyAddedFromExtensionPack":true}
2024-08-02 01:51:48.412 [error] Could not load vsce-sign module Cannot find module '@vscode/vsce-sign'
Require stack:
- /usr/lib/code/out/bootstrap-amd.js
- /usr/lib/code/out/bootstrap-fork.js
2024-08-02 01:51:48.412 [info] Extension signature verification is not done: llvm-vs-code-extensions.vscode-clangd
2024-08-02 01:51:48.484 [info] Extracted extension to file:///home/anton/.vscode-oss/extensions/llvm-vs-code-extensions.vscode-clangd-0.1.29-universal: llvm-vs-code-extensions.vscode-clangd
2024-08-02 01:51:48.489 [info] Renamed to /home/anton/.vscode-oss/extensions/llvm-vs-code-extensions.vscode-clangd-0.1.29-universal
2024-08-02 01:51:48.506 [info] Marked extension as uninstalled llvm-vs-code-extensions.vscode-clangd-0.1.28-universal
2024-08-02 01:51:48.511 [info] Extension installed successfully: llvm-vs-code-extensions.vscode-clangd vscode-userdata:/home/anton/.vscode-oss/extensions/extensions.json
2024-08-02 01:51:48.581 [error] [uncaught exception in sharedProcess]: Error: ENOENT: no such file or directory, stat '/home/anton/.vscode-oss/extensions/extensions.json.vsctmp': EntryNotFound (FileSystemError): Error: ENOENT: no such file or directory, stat '/home/anton/.vscode-oss/extensions/extensions.json.vsctmp'
    at h.create (/usr/lib/code/out/vs/code/node/sharedProcess/sharedProcessMain.js:54:19262)
    at f (/usr/lib/code/out/vs/code/node/sharedProcess/sharedProcessMain.js:54:19372)
    at P.hb (/usr/lib/code/out/vs/code/node/sharedProcess/sharedProcessMain.js:59:36571)
    at P.stat (/usr/lib/code/out/vs/code/node/sharedProcess/sharedProcessMain.js:59:28919)
    at async s.stat (/usr/lib/code/out/vs/code/node/sharedProcess/sharedProcessMain.js:59:14907)
    at async V.vb (/usr/lib/code/out/vs/code/node/sharedProcess/sharedProcessMain.js:105:119283)
2024-08-02 01:51:48.679 [error] Could not load vsce-sign module Cannot find module '@vscode/vsce-sign'
Require stack:
- /usr/lib/code/out/bootstrap-amd.js
- /usr/lib/code/out/bootstrap-fork.js
2024-08-02 01:51:48.680 [info] Extension signature verification is not done: asvetliakov.vscode-neovim
2024-08-02 01:51:48.777 [info] Extracted extension to file:///home/anton/.vscode-oss/extensions/asvetliakov.vscode-neovim-1.18.6-universal: asvetliakov.vscode-neovim
2024-08-02 01:51:48.782 [info] Renamed to /home/anton/.vscode-oss/extensions/asvetliakov.vscode-neovim-1.18.6-universal
2024-08-02 01:51:48.800 [info] Marked extension as uninstalled asvetliakov.vscode-neovim-1.18.2-universal
2024-08-02 01:51:48.805 [info] Extension installed successfully: asvetliakov.vscode-neovim vscode-userdata:/home/anton/.vscode-oss/extensions/extensions.json
2024-08-02 01:51:48.867 [error] [uncaught exception in sharedProcess]: Error: ENOENT: no such file or directory, stat '/home/anton/.vscode-oss/extensions/extensions.json.vsctmp': EntryNotFound (FileSystemError): Error: ENOENT: no such file or directory, stat '/home/anton/.vscode-oss/extensions/extensions.json.vsctmp'
    at h.create (/usr/lib/code/out/vs/code/node/sharedProcess/sharedProcessMain.js:54:19262)
    at f (/usr/lib/code/out/vs/code/node/sharedProcess/sharedProcessMain.js:54:19372)
    at P.hb (/usr/lib/code/out/vs/code/node/sharedProcess/sharedProcessMain.js:59:36571)
    at P.stat (/usr/lib/code/out/vs/code/node/sharedProcess/sharedProcessMain.js:59:28919)
    at async s.stat (/usr/lib/code/out/vs/code/node/sharedProcess/sharedProcessMain.js:59:14907)
    at async V.vb (/usr/lib/code/out/vs/code/node/sharedProcess/sharedProcessMain.js:105:119283)
