2024-04-23 02:32:55.933 [info] Started initializing default profile extensions in extensions installation folder. file:///home/anton/.vscode-oss/extensions
2024-04-23 02:32:56.440 [error] [uncaught exception in sharedProcess]: Error: ENOENT: no such file or directory, stat '/home/anton/.vscode-oss/extensions/extensions.json.vsctmp': EntryNotFound (FileSystemError): Error: ENOENT: no such file or directory, stat '/home/anton/.vscode-oss/extensions/extensions.json.vsctmp'
    at r.create (/usr/lib/code/out/vs/code/node/sharedProcess/sharedProcessMain.js:53:30080)
    at a (/usr/lib/code/out/vs/code/node/sharedProcess/sharedProcessMain.js:53:30195)
    at i.fb (/usr/lib/code/out/vs/code/node/sharedProcess/sharedProcessMain.js:58:36500)
    at i.stat (/usr/lib/code/out/vs/code/node/sharedProcess/sharedProcessMain.js:58:28946)
    at async $.stat (/usr/lib/code/out/vs/code/node/sharedProcess/sharedProcessMain.js:58:16092)
    at async K.sb (/usr/lib/code/out/vs/code/node/sharedProcess/sharedProcessMain.js:104:108402)
2024-04-23 02:32:56.516 [info] Completed initializing default profile extensions in extensions installation folder. file:///home/anton/.vscode-oss/extensions
2024-04-23 02:33:32.792 [info] Getting Manifest... asvetliakov.vscode-neovim
2024-04-23 02:33:33.030 [info] Installing extension: asvetliakov.vscode-neovim
2024-04-23 02:33:34.514 [error] Could not load vsce-sign module Cannot find module '@vscode/vsce-sign'
Require stack:
- /usr/lib/code/out/bootstrap-amd.js
- /usr/lib/code/out/bootstrap-fork.js
2024-04-23 02:33:34.534 [info] Extension signature verification is not done: asvetliakov.vscode-neovim
2024-04-23 02:33:34.642 [info] Extracted extension to file:///home/anton/.vscode-oss/extensions/asvetliakov.vscode-neovim-1.10.0-universal: asvetliakov.vscode-neovim
2024-04-23 02:33:34.656 [info] Renamed to /home/anton/.vscode-oss/extensions/asvetliakov.vscode-neovim-1.10.0-universal
2024-04-23 02:33:34.658 [info] Extracting extension completed. asvetliakov.vscode-neovim
2024-04-23 02:33:34.671 [info] Extension installed successfully: asvetliakov.vscode-neovim
2024-04-23 02:33:34.749 [error] [uncaught exception in sharedProcess]: Error: ENOENT: no such file or directory, stat '/home/anton/.vscode-oss/extensions/extensions.json.vsctmp': EntryNotFound (FileSystemError): Error: ENOENT: no such file or directory, stat '/home/anton/.vscode-oss/extensions/extensions.json.vsctmp'
    at r.create (/usr/lib/code/out/vs/code/node/sharedProcess/sharedProcessMain.js:53:30080)
    at a (/usr/lib/code/out/vs/code/node/sharedProcess/sharedProcessMain.js:53:30195)
    at i.fb (/usr/lib/code/out/vs/code/node/sharedProcess/sharedProcessMain.js:58:36500)
    at i.stat (/usr/lib/code/out/vs/code/node/sharedProcess/sharedProcessMain.js:58:28946)
    at async $.stat (/usr/lib/code/out/vs/code/node/sharedProcess/sharedProcessMain.js:58:16092)
    at async K.sb (/usr/lib/code/out/vs/code/node/sharedProcess/sharedProcessMain.js:104:108402)
