[106781][1690213330494][main][info]["Booting Postman 10.16.0, linux-6.4.4-arch1-1 on x64"]
[106781][1690213330500][main][info]["EventBus~initialize - Success"]
[106781][1690213330502][main][info]["Proxy configuration has not been setup"]
[106781][1690213330503][main][info]["CloudProxyManager~init - Success"]
[106781][1690213330509][main][info]["performShellDataMigration: Starting shell data migration"]
[106781][1690213330510][main][info]["migrateShellData:Starting"]
[106781][1690213330530][main][info]["migrateShellData: Old storage cleaned up"]
[106781][1690213330746][main][info]["migrateShellData: Got data from shell. Writing to storage"]
[106781][1690213330751][main][info]["performShellDataMigration: Migration successful on try count 1"]
[106781][1690213330759][main][info]["UpdateHandler~init - Success"]
[106781][1690213330762][main][info]["LeaderSelection: Initialized successfully"]
[106781][1690213330763][main][info]["VersionDependencyService: Initialized successfully"]
[106781][1690213330777][main][info]["Generated root certificate for linux"]
[106781][1690213330780][main][info]["LinuxAutoUpdater~Cleanup - Initial cleanup successful"]
[106781][1690213330810][main][info]["GPU detected VID 4098 DID 5592 ACTIVE true"]
[106781][1690213330834][main][info]["shellController~init: Success"]
[106781][1690213330841][main][info]["shellMeta~init: Success"]
[106781][1690213330842][main][info]["partitionMigrationService: State of V7 partition:"]
[106781][1690213330842][main][info]["partitionMigrationService: V7 partitions",[]]
[106781][1690213330843][main][info]["partitionMigrationService~rectifyNamespaceOfScratchPadPartition: There is no partition with scratchpad namespace"]
[106781][1690213330843][main][info]["partitionMigrationService~rectifyNamespaceOfScratchPadPartition: There is no transit partition which could have been used for scratchpad"]
[106781][1690213330843][main][info]["partitionMigrationService~init: Success"]
[106781][1690213330878][main][info]["partitionMigrationService~runV8PartitionsIntegrity: Two way migration~ removing the following partitions from v8",[]]
[106781][1690213330897][main][info]["userPartitionService~_rectifyTheActivePartitionOfApplication: Setting the active partition to ",null]
[106781][1690213330910][main][info]["userPartitionService~init: Success"]
[106781][1690213330927][main][info]["userPartitionService: State of v8 partition system:"]
[106781][1690213330932][main][info]["shell~init~getPartitionToLoad: loading scratchpad partition"]
[106781][1690213330934][main][info]["userPartitionService: List of partitions:",[]]
[106781][1690213330935][main][info]["userPartitionService: users global meta:",{}]
[106781][1690213333714][main][info]["RuntimeIPCAgent~started: Success"]
[106781][1690213334230][main][info]["UpdateHandler~app-update-events - Received event",{"name":"checkForElectronVersionUpdated","namespace":"appUpdate"}]
[106781][1690213334242][main][info]["windowManager: First requester booted successfully."]
[106781][1690213334242][main][info]["windowManager~restoreWindows: Restoring requester windows"]
[106781][1690213334243][main][info]["Main~AppEvents - Received booted event for process requester.Version undefined UI Version: undefined Desktop Platform Version: 10.16.0"]
[106781][1690213339699][main][info]["VersionDependencyService: Resetting UI version as user logged out/switched account"]
[106781][1690213339699][main][info]["Main - model-events~user - (users, add) received"]
[106781][1690213340305][main][warn]["AuthHandler~open: Current app is not default protocol client - Falling back to polling mechanism."]
[106781][1690213357624][main][info]["Shell~init~loginUser: associating the user ","28729306"," with transit partition"]
[106781][1690213357679][main][info]["userPartitionService~associateTransitPartition: ",{"partitionId":"66fc69d8-6594-409c-98d4-5c3375be9951","context":{"namespace":"users","userId":"28729306","teamId":"0"}}]
[106781][1690213357694][main][info]["userPartitionService: State of v8 partition system:"]
[106781][1690213357703][main][info]["userPartitionService: List of partitions:",[{"partitionId":"66fc69d8-6594-409c-98d4-5c3375be9951","namespace":"users","userId":"28729306","teamId":"0","lastUpdated":"2023-07-24T15:42:37.679Z"},{"partitionId":"370d464a-80fc-4fda-b9a1-143e32c20535","namespace":"scratchPad","userId":0,"teamId":0,"isDirty":false}]]
[106781][1690213357704][main][info]["userPartitionService: users global meta:",{}]
[106781][1690213362752][main][info]["Main - model-events~user - (user, update) received"]
[106781][1690213362755][main][info]["Main~reload: https://desktop.postman.com/?desktopVersion=10.16.0&userId=28729306&teamId=0"]
[106781][1690213365692][main][info]["Main - model-events~user - (user, update) received"]
[106781][1690213366098][main][info]["UpdateHandler~app-update-events - Received event",{"name":"checkForElectronVersionUpdated","namespace":"appUpdate"}]
[106781][1690213366124][main][info]["windowManager: First requester booted successfully."]
[106781][1690213366124][main][info]["windowManager~restoreWindows: Restoring requester windows"]
[106781][1690213366124][main][info]["Main~AppEvents - Received booted event for process requester.Version 10.16.3 UI Version: 10.16.3-ui-230720-1557 Desktop Platform Version: 10.16.0"]
[106781][1690213367032][main][info]["Main~getPlatformLaunchPerfMetrics"]
[106781][1690213367097][main][info]["Main - model-events~user - (user, bootstrapUser) received"]
[106781][1690213367097][main][info]["model-events~user - bootstrapUser received"]
[106781][1690213367100][main][info]["Main - model-events~user - (user, bootstrapUser) received"]
[106781][1690213367100][main][info]["model-events~user - bootstrapUser received"]
[106781][1690213367168][main][info]["userPartitionService~associateTransitPartition: ",{"partitionId":"66fc69d8-6594-409c-98d4-5c3375be9951","context":{"namespace":"users","userId":"28729306","teamId":"0"}}]
[106781][1690213367171][main][info]["userPartitionService~associateTransitPartition: ",{"partitionId":"66fc69d8-6594-409c-98d4-5c3375be9951","context":{"namespace":"users","userId":"28729306","teamId":"0"}}]
[106781][1690213367206][main][info]["userPartitionService: State of v8 partition system:"]
[106781][1690213367212][main][info]["userPartitionService: State of v8 partition system:"]
[106781][1690213367221][main][info]["userPartitionService: List of partitions:",[{"partitionId":"66fc69d8-6594-409c-98d4-5c3375be9951","namespace":"users","userId":"28729306","teamId":"0","lastUpdated":"2023-07-24T15:42:47.171Z"},{"partitionId":"370d464a-80fc-4fda-b9a1-143e32c20535","namespace":"scratchPad","userId":0,"teamId":0,"isDirty":false}]]
[106781][1690213367221][main][info]["userPartitionService: users global meta:",{}]
[106781][1690213367224][main][info]["userPartitionService: List of partitions:",[{"partitionId":"66fc69d8-6594-409c-98d4-5c3375be9951","namespace":"users","userId":"28729306","teamId":"0","lastUpdated":"2023-07-24T15:42:47.171Z"},{"partitionId":"370d464a-80fc-4fda-b9a1-143e32c20535","namespace":"scratchPad","userId":0,"teamId":0,"isDirty":false}]]
[106781][1690213367224][main][info]["userPartitionService: users global meta:",{}]
[106781][1690213889192][main][info]["Quitting app"]
[60309][1691423226121][main][info]["Booting Postman 10.16.0, linux-6.4.8-arch1-1 on x64"]
[60309][1691423226125][main][info]["EventBus~initialize - Success"]
[60309][1691423226129][main][info]["Proxy configuration has not been setup"]
[60309][1691423226130][main][info]["CloudProxyManager~init - Success"]
[60309][1691423226167][main][info]["performShellDataMigration: Migration has already been done. Bailing out"]
[60309][1691423226182][main][info]["UpdateHandler~init - Success"]
[60309][1691423226187][main][info]["LeaderSelection: Initialized successfully"]
[60309][1691423226188][main][info]["VersionDependencyService: Initialized successfully"]
[60309][1691423226208][main][info]["LinuxAutoUpdater~Cleanup - Initial cleanup successful"]
[60309][1691423226231][main][info]["GPU detected VID 4098 DID 5592 ACTIVE true"]
[60309][1691423226271][main][info]["shellController~init: Success"]
[60309][1691423226283][main][info]["shellMeta~init: Success"]
[60309][1691423226284][main][info]["partitionMigrationService: State of V7 partition:"]
[60309][1691423226285][main][info]["partitionMigrationService: V7 partitions",[]]
[60309][1691423226285][main][info]["partitionMigrationService~rectifyNamespaceOfScratchPadPartition: There is no partition with scratchpad namespace"]
[60309][1691423226286][main][info]["partitionMigrationService~rectifyNamespaceOfScratchPadPartition: There is no transit partition which could have been used for scratchpad"]
[60309][1691423226286][main][info]["partitionMigrationService~init: Success"]
[60309][1691423226309][main][info]["partitionMigrationService~runV8PartitionsIntegrity: Two way migration~ removing the following partitions from v8",[]]
[60309][1691423226318][main][info]["userPartitionService~getRecentV8UserPartition: recent v8 user context partition ","66fc69d8-6594-409c-98d4-5c3375be9951"]
[60309][1691423226319][main][info]["userPartitionService~_rectifyTheActivePartitionOfApplication: Setting the active partition to ","66fc69d8-6594-409c-98d4-5c3375be9951"]
[60309][1691423226332][main][info]["userPartitionService~init: Success"]
[60309][1691423226354][main][info]["userPartitionService: State of v8 partition system:"]
[60309][1691423226360][main][info]["shell~init~getPartitionToLoad: loading active partition"]
[60309][1691423226364][main][info]["userPartitionService: List of partitions:",[{"partitionId":"66fc69d8-6594-409c-98d4-5c3375be9951","namespace":"users","userId":"28729306","teamId":"0","lastUpdated":"2023-07-24T15:42:47.171Z"},{"partitionId":"370d464a-80fc-4fda-b9a1-143e32c20535","namespace":"scratchPad","userId":0,"teamId":0,"isDirty":false}]]
[60309][1691423226365][main][info]["userPartitionService: users global meta:",{}]
[60309][1691423231638][main][info]["RuntimeIPCAgent~started: Success"]
[60309][1691423232709][main][info]["UpdateHandler~app-update-events - Received event",{"name":"checkForElectronVersionUpdated","namespace":"appUpdate"}]
[60309][1691423232757][main][info]["windowManager: First requester booted successfully."]
[60309][1691423232759][main][info]["windowManager~restoreWindows: Restoring requester windows"]
[60309][1691423232761][main][info]["Main~AppEvents - Received booted event for process requester.Version 10.16.3 UI Version: 10.16.3-ui-230720-1557 Desktop Platform Version: 10.16.0"]
[60309][1691423236074][main][info]["Main~getPlatformLaunchPerfMetrics"]
[60309][1691423236103][main][info]["Main - model-events~user - (user, bootstrapUser) received"]
[60309][1691423236104][main][info]["model-events~user - bootstrapUser received"]
[60309][1691423236147][main][info]["userPartitionService~associateTransitPartition: ",{"partitionId":"66fc69d8-6594-409c-98d4-5c3375be9951","context":{"namespace":"users","userId":"28729306","teamId":"0"}}]
[60309][1691423236202][main][info]["userPartitionService: State of v8 partition system:"]
[60309][1691423236213][main][info]["userPartitionService: List of partitions:",[{"partitionId":"66fc69d8-6594-409c-98d4-5c3375be9951","namespace":"users","userId":"28729306","teamId":"0","lastUpdated":"2023-08-07T15:47:16.147Z"},{"partitionId":"370d464a-80fc-4fda-b9a1-143e32c20535","namespace":"scratchPad","userId":0,"teamId":0,"isDirty":false}]]
[60309][1691423236214][main][info]["userPartitionService: users global meta:",{}]
[60309][1691441064118][main][info]["WindowManager~closeHandler - Closed Window (id: 1 )"]
[60309][1691441064242][main][info]["Quitting app"]
[280999][1691441230676][main][info]["Booting Postman 10.16.0, linux-6.4.8-arch1-1 on x64"]
[280999][1691441230679][main][info]["EventBus~initialize - Success"]
[280999][1691441230681][main][info]["Proxy configuration has not been setup"]
[280999][1691441230682][main][info]["CloudProxyManager~init - Success"]
[280999][1691441230706][main][info]["performShellDataMigration: Migration has already been done. Bailing out"]
[280999][1691441230715][main][info]["UpdateHandler~init - Success"]
[280999][1691441230717][main][info]["LeaderSelection: Initialized successfully"]
[280999][1691441230718][main][info]["VersionDependencyService: Initialized successfully"]
[280999][1691441230727][main][info]["LinuxAutoUpdater~Cleanup - Initial cleanup successful"]
[280999][1691441230740][main][info]["GPU detected VID 4098 DID 5592 ACTIVE true"]
[280999][1691441230771][main][info]["shellController~init: Success"]
[280999][1691441230777][main][info]["shellMeta~init: Success"]
[280999][1691441230778][main][info]["partitionMigrationService: State of V7 partition:"]
[280999][1691441230778][main][info]["partitionMigrationService: V7 partitions",[]]
[280999][1691441230778][main][info]["partitionMigrationService~rectifyNamespaceOfScratchPadPartition: There is no partition with scratchpad namespace"]
[280999][1691441230779][main][info]["partitionMigrationService~rectifyNamespaceOfScratchPadPartition: There is no transit partition which could have been used for scratchpad"]
[280999][1691441230779][main][info]["partitionMigrationService~init: Success"]
[280999][1691441230793][main][info]["partitionMigrationService~runV8PartitionsIntegrity: Two way migration~ removing the following partitions from v8",[]]
[280999][1691441230798][main][info]["userPartitionService~getRecentV8UserPartition: recent v8 user context partition ","66fc69d8-6594-409c-98d4-5c3375be9951"]
[280999][1691441230799][main][info]["userPartitionService~_rectifyTheActivePartitionOfApplication: Setting the active partition to ","66fc69d8-6594-409c-98d4-5c3375be9951"]
[280999][1691441230807][main][info]["userPartitionService~init: Success"]
[280999][1691441230825][main][info]["userPartitionService: State of v8 partition system:"]
[280999][1691441230828][main][info]["shell~init~getPartitionToLoad: loading active partition"]
[280999][1691441230830][main][info]["userPartitionService: List of partitions:",[{"partitionId":"66fc69d8-6594-409c-98d4-5c3375be9951","namespace":"users","userId":"28729306","teamId":"0","lastUpdated":"2023-08-07T15:47:16.147Z"},{"partitionId":"370d464a-80fc-4fda-b9a1-143e32c20535","namespace":"scratchPad","userId":0,"teamId":0,"isDirty":false}]]
[280999][1691441230830][main][info]["userPartitionService: users global meta:",{}]
[280999][1691441234943][main][info]["RuntimeIPCAgent~started: Success"]
[280999][1691441235543][main][info]["UpdateHandler~app-update-events - Received event",{"name":"checkForElectronVersionUpdated","namespace":"appUpdate"}]
[280999][1691441235573][main][info]["windowManager: First requester booted successfully."]
[280999][1691441235574][main][info]["windowManager~restoreWindows: Restoring requester windows"]
[280999][1691441235575][main][info]["Main~AppEvents - Received booted event for process requester.Version 10.16.7 UI Version: 10.16.7-ui-230807-0733 Desktop Platform Version: 10.16.0"]
[280999][1691441236377][main][info]["Main~getPlatformLaunchPerfMetrics"]
[280999][1691441237672][main][info]["Main - model-events~user - (user, bootstrapUser) received"]
[280999][1691441237673][main][info]["model-events~user - bootstrapUser received"]
[280999][1691441237700][main][info]["userPartitionService~associateTransitPartition: ",{"partitionId":"66fc69d8-6594-409c-98d4-5c3375be9951","context":{"namespace":"users","userId":"28729306","teamId":"0"}}]
[280999][1691441237727][main][info]["userPartitionService: State of v8 partition system:"]
[280999][1691441237738][main][info]["userPartitionService: List of partitions:",[{"partitionId":"66fc69d8-6594-409c-98d4-5c3375be9951","namespace":"users","userId":"28729306","teamId":"0","lastUpdated":"2023-08-07T20:47:17.700Z"},{"partitionId":"370d464a-80fc-4fda-b9a1-143e32c20535","namespace":"scratchPad","userId":0,"teamId":0,"isDirty":false}]]
[280999][1691441237739][main][info]["userPartitionService: users global meta:",{}]
[280999][1691441736309][main][info]["WindowManager~closeHandler - Closed Window (id: 1 )"]
[280999][1691441736340][main][info]["Quitting app"]
[223189][1715640836987][main][info]["Booting Postman 10.16.0, linux-6.8.9-arch1-1 on x64"]
[223189][1715640836992][main][info]["EventBus~initialize - Success"]
[223189][1715640836999][main][info]["Proxy configuration has not been setup"]
[223189][1715640837000][main][info]["CloudProxyManager~init - Success"]
[223189][1715640837038][main][info]["performShellDataMigration: Migration has already been done. Bailing out"]
[223189][1715640837052][main][info]["UpdateHandler~init - Success"]
[223189][1715640837055][main][info]["LeaderSelection: Initialized successfully"]
[223189][1715640837057][main][info]["VersionDependencyService: Initialized successfully"]
[223189][1715640837068][main][info]["LinuxAutoUpdater~Cleanup - Initial cleanup successful"]
[223189][1715640837088][main][info]["GPU detected VID 4098 DID 5592 ACTIVE true"]
[223189][1715640837124][main][info]["shellController~init: Success"]
[223189][1715640837133][main][info]["shellMeta~init: Success"]
[223189][1715640837134][main][info]["partitionMigrationService: State of V7 partition:"]
[223189][1715640837134][main][info]["partitionMigrationService: V7 partitions",[]]
[223189][1715640837135][main][info]["partitionMigrationService~rectifyNamespaceOfScratchPadPartition: There is no partition with scratchpad namespace"]
[223189][1715640837135][main][info]["partitionMigrationService~rectifyNamespaceOfScratchPadPartition: There is no transit partition which could have been used for scratchpad"]
[223189][1715640837136][main][info]["partitionMigrationService~init: Success"]
[223189][1715640837157][main][info]["partitionMigrationService~runV8PartitionsIntegrity: Two way migration~ removing the following partitions from v8",[]]
[223189][1715640837166][main][info]["userPartitionService~getRecentV8UserPartition: recent v8 user context partition ","66fc69d8-6594-409c-98d4-5c3375be9951"]
[223189][1715640837166][main][info]["userPartitionService~_rectifyTheActivePartitionOfApplication: Setting the active partition to ","66fc69d8-6594-409c-98d4-5c3375be9951"]
[223189][1715640837178][main][info]["userPartitionService~init: Success"]
[223189][1715640837200][main][info]["userPartitionService: State of v8 partition system:"]
[223189][1715640837205][main][info]["shell~init~getPartitionToLoad: loading active partition"]
[223189][1715640837209][main][info]["userPartitionService: List of partitions:",[{"partitionId":"66fc69d8-6594-409c-98d4-5c3375be9951","namespace":"users","userId":"28729306","teamId":"0","lastUpdated":"2023-08-07T20:47:17.700Z"},{"partitionId":"370d464a-80fc-4fda-b9a1-143e32c20535","namespace":"scratchPad","userId":0,"teamId":0,"isDirty":false}]]
[223189][1715640837210][main][info]["userPartitionService: users global meta:",{}]
[223189][1715640842310][main][info]["RuntimeIPCAgent~started: Success"]
[223189][1715640843453][main][info]["UpdateHandler~app-update-events - Received event",{"name":"checkForElectronVersionUpdated","namespace":"appUpdate"}]
[223189][1715640843492][main][info]["windowManager: First requester booted successfully."]
[223189][1715640843493][main][info]["windowManager~restoreWindows: Restoring requester windows"]
[223189][1715640843493][main][info]["Main~AppEvents - Received booted event for process requester.Version 10.16.7 UI Version: 10.16.7-ui-230807-0733 Desktop Platform Version: 10.16.0"]
[223189][1715640845197][main][info]["Main~getPlatformLaunchPerfMetrics"]
[223189][1715640845740][main][info]["Main - model-events~user - (user, bootstrapUser) received"]
[223189][1715640845740][main][info]["model-events~user - bootstrapUser received"]
[223189][1715640854095][main][info]["UpdateHandler~app-update-events - Received event",{"name":"updateElectron","namespace":"appUpdate","data":{"channel":"stable","version":"10.16.0","downloadVersion":"10.24.16","appId":"0a7fabc7-5fd2-4121-8934-d8faa6f9245e","userAgent":"Mozilla/5.0 (X11; Linux x86_64) AppleWebKit/537.36 (KHTML, like Gecko) Postman/10.16.0 Chrome/100.0.4896.160 Electron/18.3.5 Safari/537.36","platform":"LINUX","arch":"64","downloadURL":"https://dl.pstmn.io/download/version/10.24.16/linux_64","updateServerDomain":"https://dl.pstmn.io/","additionalParamsString":"installationId=0a7fabc7-5fd2-4121-8934-d8faa6f9245e&userId=28729306&syncEnabled=true&teamPlan=&teamId=0","userId":"28729306"}}]
[223189][1715640854097][main][info]["LinuxUpdater~downloadUpdate - UpdateInfo received",{"channel":"stable","version":"10.16.0","downloadVersion":"10.24.16","appId":"0a7fabc7-5fd2-4121-8934-d8faa6f9245e","userAgent":"Mozilla/5.0 (X11; Linux x86_64) AppleWebKit/537.36 (KHTML, like Gecko) Postman/10.16.0 Chrome/100.0.4896.160 Electron/18.3.5 Safari/537.36","platform":"LINUX","arch":"64","downloadURL":"https://dl.pstmn.io/download/version/10.24.16/linux_64","updateServerDomain":"https://dl.pstmn.io/","additionalParamsString":"installationId=0a7fabc7-5fd2-4121-8934-d8faa6f9245e&userId=28729306&syncEnabled=true&teamPlan=&teamId=0","userId":"28729306"}]
[223189][1715640854279][main][info]["@postman/app-updater: error",{"errno":-13,"code":"EACCES","syscall":"open","path":"/opt/postman/Postman-1715640854100.tar.gz","name":"Error","message":"EACCES: permission denied, open '/opt/postman/Postman-1715640854100.tar.gz'","stack":"Error: EACCES: permission denied, open '/opt/postman/Postman-1715640854100.tar.gz'"},{"packageName":"Postman","eID":"Postman-1715640854100","downloadURL":"https://dl.pstmn.io/download/version/10.24.16/linux_64","downloadDirectory":"/opt/postman","downloadInfo":{"status":"DOWNLOAD_ERROR","error":{"errno":-13,"code":"EACCES","syscall":"open","path":"/opt/postman/Postman-1715640854100.tar.gz"},"downloadDirectory":"/opt/postman"}}]
[223189][1715640854280][main][info]["UpdateHandler~app-update-events - Received event",{"name":"electronAppUpdateError","namespace":"appUpdate","data":{"error":{"errno":-13,"code":"EACCES","syscall":"open","path":"/opt/postman/Postman-1715640854100.tar.gz","name":"Error","message":"EACCES: permission denied, open '/opt/postman/Postman-1715640854100.tar.gz'","stack":"Error: EACCES: permission denied, open '/opt/postman/Postman-1715640854100.tar.gz'"},"updateData":{"packageName":"Postman","eID":"Postman-1715640854100","downloadURL":"https://dl.pstmn.io/download/version/10.24.16/linux_64","downloadDirectory":"/opt/postman","downloadInfo":{"status":"DOWNLOAD_ERROR","error":{"errno":-13,"code":"EACCES","syscall":"open","path":"/opt/postman/Postman-1715640854100.tar.gz"},"downloadDirectory":"/opt/postman"}}}}]
[223189][1715640859627][main][info]["Main - model-events~user - (authentication, reauthenticate) received"]
[223189][1715640860447][main][warn]["AuthHandler~open: Current app is not default protocol client - Falling back to polling mechanism."]
[223189][1715641211513][main][info]["userPartitionService: State of v8 partition system:"]
[223189][1715641211547][main][info]["shell~init~getPartitionToLoad: loading active partition"]
[223189][1715641211551][main][info]["userPartitionService: List of partitions:",[{"partitionId":"66fc69d8-6594-409c-98d4-5c3375be9951","namespace":"users","userId":"28729306","teamId":"0","lastUpdated":"2023-08-07T20:47:17.700Z"},{"partitionId":"370d464a-80fc-4fda-b9a1-143e32c20535","namespace":"scratchPad","userId":0,"teamId":0,"isDirty":false}]]
[223189][1715641211552][main][info]["userPartitionService: users global meta:",{}]
[223189][1715641216920][main][info]["UpdateHandler~app-update-events - Received event",{"name":"checkForElectronVersionUpdated","namespace":"appUpdate"}]
[223189][1715641216953][main][info]["windowManager: First requester booted successfully."]
[223189][1715641216954][main][info]["windowManager~restoreWindows: Restoring requester windows"]
[223189][1715641216954][main][info]["Main~AppEvents - Received booted event for process requester.Version 10.16.7 UI Version: 10.16.7-ui-230807-0733 Desktop Platform Version: 10.16.0"]
[223189][1715641218393][main][info]["Main~getPlatformLaunchPerfMetrics"]
[223189][1715641218558][main][info]["Main - model-events~user - (user, bootstrapUser) received"]
[223189][1715641218559][main][info]["model-events~user - bootstrapUser received"]
[223189][1715641222541][main][info]["Main - model-events~user - (authentication, reauthenticate) received"]
[223189][1715641223225][main][warn]["AuthHandler~open: Current app is not default protocol client - Falling back to polling mechanism."]
[223189][1715641226892][main][info]["userPartitionService: State of v8 partition system:"]
[223189][1715641226898][main][info]["shell~init~getPartitionToLoad: loading active partition"]
[223189][1715641226903][main][info]["userPartitionService: List of partitions:",[{"partitionId":"66fc69d8-6594-409c-98d4-5c3375be9951","namespace":"users","userId":"28729306","teamId":"0","lastUpdated":"2023-08-07T20:47:17.700Z"},{"partitionId":"370d464a-80fc-4fda-b9a1-143e32c20535","namespace":"scratchPad","userId":0,"teamId":0,"isDirty":false}]]
[223189][1715641226905][main][info]["userPartitionService: users global meta:",{}]
[223189][1715641230861][main][info]["UpdateHandler~app-update-events - Received event",{"name":"checkForElectronVersionUpdated","namespace":"appUpdate"}]
[223189][1715641230891][main][info]["windowManager: First requester booted successfully."]
[223189][1715641230892][main][info]["windowManager~restoreWindows: Restoring requester windows"]
[223189][1715641230892][main][info]["Main~AppEvents - Received booted event for process requester.Version 10.16.7 UI Version: 10.16.7-ui-230807-0733 Desktop Platform Version: 10.16.0"]
[223189][1715641232189][main][info]["Main~getPlatformLaunchPerfMetrics"]
[223189][1715641232488][main][info]["Main - model-events~user - (user, bootstrapUser) received"]
[223189][1715641232489][main][info]["model-events~user - bootstrapUser received"]
[223189][1715641238360][main][info]["VersionDependencyService: Resetting UI version as user logged out/switched account"]
[223189][1715641238361][main][info]["Main - model-events~user - (user, logout) received"]
[223189][1715641238375][main][info]["Shell~init~logoutUser",{"id":"28729306"}]
[223189][1715641238452][main][info]["Shell~init~logoutUser: There is no user contexts anymore, falling back to scratchpad"]
[223189][1715641241292][main][info]["UpdateHandler~app-update-events - Received event",{"name":"checkForElectronVersionUpdated","namespace":"appUpdate"}]
[223189][1715641241308][main][info]["windowManager: First requester booted successfully."]
[223189][1715641241309][main][info]["windowManager~restoreWindows: Restoring requester windows"]
[223189][1715641241309][main][info]["Main~AppEvents - Received booted event for process requester.Version undefined UI Version: undefined Desktop Platform Version: 10.16.0"]
[223189][1715641252178][main][info]["UpdateHandler~app-update-events - Received event",{"name":"updateElectron","namespace":"appUpdate","data":{"channel":"stable","version":"10.16.0","downloadVersion":"10.24.16","appId":"0a7fabc7-5fd2-4121-8934-d8faa6f9245e","userAgent":"Mozilla/5.0 (X11; Linux x86_64) AppleWebKit/537.36 (KHTML, like Gecko) Postman/10.16.0 Chrome/100.0.4896.160 Electron/18.3.5 Safari/537.36","platform":"LINUX","arch":"64","downloadURL":"https://dl.pstmn.io/download/version/10.24.16/linux_64","updateServerDomain":"https://dl.pstmn.io/","additionalParamsString":"installationId=0a7fabc7-5fd2-4121-8934-d8faa6f9245e&userId=0&syncEnabled=false&teamPlan=&teamId=0","userId":"0"}}]
[223189][1715641252179][main][info]["LinuxUpdater~downloadUpdate - UpdateInfo received",{"channel":"stable","version":"10.16.0","downloadVersion":"10.24.16","appId":"0a7fabc7-5fd2-4121-8934-d8faa6f9245e","userAgent":"Mozilla/5.0 (X11; Linux x86_64) AppleWebKit/537.36 (KHTML, like Gecko) Postman/10.16.0 Chrome/100.0.4896.160 Electron/18.3.5 Safari/537.36","platform":"LINUX","arch":"64","downloadURL":"https://dl.pstmn.io/download/version/10.24.16/linux_64","updateServerDomain":"https://dl.pstmn.io/","additionalParamsString":"installationId=0a7fabc7-5fd2-4121-8934-d8faa6f9245e&userId=0&syncEnabled=false&teamPlan=&teamId=0","userId":"0"}]
[223189][1715641252779][main][info]["@postman/app-updater: error",{"errno":-13,"code":"EACCES","syscall":"open","path":"/opt/postman/Postman-1715641252179.tar.gz","name":"Error","message":"EACCES: permission denied, open '/opt/postman/Postman-1715641252179.tar.gz'","stack":"Error: EACCES: permission denied, open '/opt/postman/Postman-1715641252179.tar.gz'"},{"packageName":"Postman","eID":"Postman-1715641252179","downloadURL":"https://dl.pstmn.io/download/version/10.24.16/linux_64","downloadDirectory":"/opt/postman","downloadInfo":{"status":"DOWNLOAD_ERROR","error":{"errno":-13,"code":"EACCES","syscall":"open","path":"/opt/postman/Postman-1715641252179.tar.gz"},"downloadDirectory":"/opt/postman"}}]
[223189][1715641252780][main][info]["UpdateHandler~app-update-events - Received event",{"name":"electronAppUpdateError","namespace":"appUpdate","data":{"error":{"errno":-13,"code":"EACCES","syscall":"open","path":"/opt/postman/Postman-1715641252179.tar.gz","name":"Error","message":"EACCES: permission denied, open '/opt/postman/Postman-1715641252179.tar.gz'","stack":"Error: EACCES: permission denied, open '/opt/postman/Postman-1715641252179.tar.gz'"},"updateData":{"packageName":"Postman","eID":"Postman-1715641252179","downloadURL":"https://dl.pstmn.io/download/version/10.24.16/linux_64","downloadDirectory":"/opt/postman","downloadInfo":{"status":"DOWNLOAD_ERROR","error":{"errno":-13,"code":"EACCES","syscall":"open","path":"/opt/postman/Postman-1715641252179.tar.gz"},"downloadDirectory":"/opt/postman"}}}}]
[90453][1715684630317][main][info]["Booting Postman 10.16.0, linux-6.8.9-arch1-1 on x64"]
[90453][1715684630320][main][info]["EventBus~initialize - Success"]
[90453][1715684630323][main][info]["Proxy configuration has not been setup"]
[90453][1715684630323][main][info]["CloudProxyManager~init - Success"]
[90453][1715684630346][main][info]["performShellDataMigration: Migration has already been done. Bailing out"]
[90453][1715684630357][main][info]["UpdateHandler~init - Success"]
[90453][1715684630359][main][info]["LeaderSelection: Initialized successfully"]
[90453][1715684630360][main][info]["VersionDependencyService: Initialized successfully"]
[90453][1715684630369][main][info]["LinuxAutoUpdater~Cleanup - Initial cleanup successful"]
[90453][1715684630382][main][info]["GPU detected VID 4098 DID 5592 ACTIVE true"]
[90453][1715684630405][main][info]["shellController~init: Success"]
[90453][1715684630422][main][info]["shellMeta~init: Success"]
[90453][1715684630423][main][info]["partitionMigrationService: State of V7 partition:"]
[90453][1715684630423][main][info]["partitionMigrationService: V7 partitions",[]]
[90453][1715684630424][main][info]["partitionMigrationService~rectifyNamespaceOfScratchPadPartition: There is no partition with scratchpad namespace"]
[90453][1715684630424][main][info]["partitionMigrationService~rectifyNamespaceOfScratchPadPartition: There is no transit partition which could have been used for scratchpad"]
[90453][1715684630424][main][info]["partitionMigrationService~init: Success"]
[90453][1715684630433][main][info]["partitionMigrationService~runV8PartitionsIntegrity: Two way migration~ removing the following partitions from v8",[]]
[90453][1715684630445][main][info]["userPartitionService~_rectifyTheActivePartitionOfApplication: Setting the active partition to ",null]
[90453][1715684630457][main][info]["userPartitionService~init: Success"]
[90453][1715684630473][main][info]["userPartitionService: State of v8 partition system:"]
[90453][1715684630477][main][info]["shell~init~getPartitionToLoad: loading scratchpad partition"]
[90453][1715684630479][main][info]["userPartitionService: List of partitions:",[{"partitionId":"370d464a-80fc-4fda-b9a1-143e32c20535","namespace":"scratchPad","userId":0,"teamId":0,"isDirty":false}]]
[90453][1715684630479][main][info]["userPartitionService: users global meta:",{}]
[90453][1715684633594][main][info]["RuntimeIPCAgent~started: Success"]
[90453][1715684633816][main][info]["UpdateHandler~app-update-events - Received event",{"name":"checkForElectronVersionUpdated","namespace":"appUpdate"}]
[90453][1715684633826][main][info]["windowManager: First requester booted successfully."]
[90453][1715684633827][main][info]["windowManager~restoreWindows: Restoring requester windows"]
[90453][1715684633827][main][info]["Main~AppEvents - Received booted event for process requester.Version undefined UI Version: undefined Desktop Platform Version: 10.16.0"]
[90453][1715684644385][main][info]["UpdateHandler~app-update-events - Received event",{"name":"updateElectron","namespace":"appUpdate","data":{"channel":"stable","version":"10.16.0","downloadVersion":"10.24.16","appId":"0a7fabc7-5fd2-4121-8934-d8faa6f9245e","userAgent":"Mozilla/5.0 (X11; Linux x86_64) AppleWebKit/537.36 (KHTML, like Gecko) Postman/10.16.0 Chrome/100.0.4896.160 Electron/18.3.5 Safari/537.36","platform":"LINUX","arch":"64","downloadURL":"https://dl.pstmn.io/download/version/10.24.16/linux_64","updateServerDomain":"https://dl.pstmn.io/","additionalParamsString":"installationId=0a7fabc7-5fd2-4121-8934-d8faa6f9245e&userId=0&syncEnabled=false&teamPlan=&teamId=0","userId":"0"}}]
[90453][1715684644386][main][info]["LinuxUpdater~downloadUpdate - UpdateInfo received",{"channel":"stable","version":"10.16.0","downloadVersion":"10.24.16","appId":"0a7fabc7-5fd2-4121-8934-d8faa6f9245e","userAgent":"Mozilla/5.0 (X11; Linux x86_64) AppleWebKit/537.36 (KHTML, like Gecko) Postman/10.16.0 Chrome/100.0.4896.160 Electron/18.3.5 Safari/537.36","platform":"LINUX","arch":"64","downloadURL":"https://dl.pstmn.io/download/version/10.24.16/linux_64","updateServerDomain":"https://dl.pstmn.io/","additionalParamsString":"installationId=0a7fabc7-5fd2-4121-8934-d8faa6f9245e&userId=0&syncEnabled=false&teamPlan=&teamId=0","userId":"0"}]
[90453][1715684644479][main][info]["@postman/app-updater: error",{"errno":-13,"code":"EACCES","syscall":"open","path":"/opt/postman/Postman-1715684644387.tar.gz","name":"Error","message":"EACCES: permission denied, open '/opt/postman/Postman-1715684644387.tar.gz'","stack":"Error: EACCES: permission denied, open '/opt/postman/Postman-1715684644387.tar.gz'"},{"packageName":"Postman","eID":"Postman-1715684644387","downloadURL":"https://dl.pstmn.io/download/version/10.24.16/linux_64","downloadDirectory":"/opt/postman","downloadInfo":{"status":"DOWNLOAD_ERROR","error":{"errno":-13,"code":"EACCES","syscall":"open","path":"/opt/postman/Postman-1715684644387.tar.gz"},"downloadDirectory":"/opt/postman"}}]
[90453][1715684644482][main][info]["UpdateHandler~app-update-events - Received event",{"name":"electronAppUpdateError","namespace":"appUpdate","data":{"error":{"errno":-13,"code":"EACCES","syscall":"open","path":"/opt/postman/Postman-1715684644387.tar.gz","name":"Error","message":"EACCES: permission denied, open '/opt/postman/Postman-1715684644387.tar.gz'","stack":"Error: EACCES: permission denied, open '/opt/postman/Postman-1715684644387.tar.gz'"},"updateData":{"packageName":"Postman","eID":"Postman-1715684644387","downloadURL":"https://dl.pstmn.io/download/version/10.24.16/linux_64","downloadDirectory":"/opt/postman","downloadInfo":{"status":"DOWNLOAD_ERROR","error":{"errno":-13,"code":"EACCES","syscall":"open","path":"/opt/postman/Postman-1715684644387.tar.gz"},"downloadDirectory":"/opt/postman"}}}}]
[90453][1715708174120][main][info]["WindowManager~closeHandler - Closed Window (id: 1 )"]
[90453][1715708174320][main][info]["Quitting app"]
[32002][1715710385720][main][info]["Booting Postman 10.16.0, linux-6.8.9-arch1-1 on x64"]
[32002][1715710385726][main][info]["EventBus~initialize - Success"]
[32002][1715710385730][main][info]["Proxy configuration has not been setup"]
[32002][1715710385731][main][info]["CloudProxyManager~init - Success"]
[32002][1715710385769][main][info]["performShellDataMigration: Migration has already been done. Bailing out"]
[32002][1715710385785][main][info]["UpdateHandler~init - Success"]
[32002][1715710385788][main][info]["LeaderSelection: Initialized successfully"]
[32002][1715710385790][main][info]["VersionDependencyService: Initialized successfully"]
[32002][1715710385801][main][info]["LinuxAutoUpdater~Cleanup - Initial cleanup successful"]
[32002][1715710385836][main][info]["GPU detected VID 4098 DID 5592 ACTIVE true"]
[32002][1715710385881][main][info]["shellController~init: Success"]
[32002][1715710385893][main][info]["shellMeta~init: Success"]
[32002][1715710385894][main][info]["partitionMigrationService: State of V7 partition:"]
[32002][1715710385895][main][info]["partitionMigrationService: V7 partitions",[]]
[32002][1715710385896][main][info]["partitionMigrationService~rectifyNamespaceOfScratchPadPartition: There is no partition with scratchpad namespace"]
[32002][1715710385896][main][info]["partitionMigrationService~rectifyNamespaceOfScratchPadPartition: There is no transit partition which could have been used for scratchpad"]
[32002][1715710385896][main][info]["partitionMigrationService~init: Success"]
[32002][1715710385917][main][info]["partitionMigrationService~runV8PartitionsIntegrity: Two way migration~ removing the following partitions from v8",[]]
[32002][1715710385928][main][info]["userPartitionService~_rectifyTheActivePartitionOfApplication: Setting the active partition to ",null]
[32002][1715710385945][main][info]["userPartitionService~init: Success"]
[32002][1715710385975][main][info]["userPartitionService: State of v8 partition system:"]
[32002][1715710385982][main][info]["shell~init~getPartitionToLoad: loading scratchpad partition"]
[32002][1715710385985][main][info]["userPartitionService: List of partitions:",[{"partitionId":"370d464a-80fc-4fda-b9a1-143e32c20535","namespace":"scratchPad","userId":0,"teamId":0,"isDirty":false}]]
[32002][1715710385986][main][info]["userPartitionService: users global meta:",{}]
[32002][1715710390624][main][info]["RuntimeIPCAgent~started: Success"]
[32002][1715710391060][main][info]["UpdateHandler~app-update-events - Received event",{"name":"checkForElectronVersionUpdated","namespace":"appUpdate"}]
[32002][1715710391086][main][info]["windowManager: First requester booted successfully."]
[32002][1715710391087][main][info]["windowManager~restoreWindows: Restoring requester windows"]
[32002][1715710391087][main][info]["Main~AppEvents - Received booted event for process requester.Version undefined UI Version: undefined Desktop Platform Version: 10.16.0"]
[32002][1715710401384][main][info]["UpdateHandler~app-update-events - Received event",{"name":"updateElectron","namespace":"appUpdate","data":{"channel":"stable","version":"10.16.0","downloadVersion":"10.24.16","appId":"0a7fabc7-5fd2-4121-8934-d8faa6f9245e","userAgent":"Mozilla/5.0 (X11; Linux x86_64) AppleWebKit/537.36 (KHTML, like Gecko) Postman/10.16.0 Chrome/100.0.4896.160 Electron/18.3.5 Safari/537.36","platform":"LINUX","arch":"64","downloadURL":"https://dl.pstmn.io/download/version/10.24.16/linux_64","updateServerDomain":"https://dl.pstmn.io/","additionalParamsString":"installationId=0a7fabc7-5fd2-4121-8934-d8faa6f9245e&userId=0&syncEnabled=false&teamPlan=&teamId=0","userId":"0"}}]
[32002][1715710401385][main][info]["LinuxUpdater~downloadUpdate - UpdateInfo received",{"channel":"stable","version":"10.16.0","downloadVersion":"10.24.16","appId":"0a7fabc7-5fd2-4121-8934-d8faa6f9245e","userAgent":"Mozilla/5.0 (X11; Linux x86_64) AppleWebKit/537.36 (KHTML, like Gecko) Postman/10.16.0 Chrome/100.0.4896.160 Electron/18.3.5 Safari/537.36","platform":"LINUX","arch":"64","downloadURL":"https://dl.pstmn.io/download/version/10.24.16/linux_64","updateServerDomain":"https://dl.pstmn.io/","additionalParamsString":"installationId=0a7fabc7-5fd2-4121-8934-d8faa6f9245e&userId=0&syncEnabled=false&teamPlan=&teamId=0","userId":"0"}]
[32002][1715710401468][main][info]["@postman/app-updater: error",{"errno":-13,"code":"EACCES","syscall":"open","path":"/opt/postman/Postman-1715710401386.tar.gz","name":"Error","message":"EACCES: permission denied, open '/opt/postman/Postman-1715710401386.tar.gz'","stack":"Error: EACCES: permission denied, open '/opt/postman/Postman-1715710401386.tar.gz'"},{"packageName":"Postman","eID":"Postman-1715710401386","downloadURL":"https://dl.pstmn.io/download/version/10.24.16/linux_64","downloadDirectory":"/opt/postman","downloadInfo":{"status":"DOWNLOAD_ERROR","error":{"errno":-13,"code":"EACCES","syscall":"open","path":"/opt/postman/Postman-1715710401386.tar.gz"},"downloadDirectory":"/opt/postman"}}]
[32002][1715710401470][main][info]["UpdateHandler~app-update-events - Received event",{"name":"electronAppUpdateError","namespace":"appUpdate","data":{"error":{"errno":-13,"code":"EACCES","syscall":"open","path":"/opt/postman/Postman-1715710401386.tar.gz","name":"Error","message":"EACCES: permission denied, open '/opt/postman/Postman-1715710401386.tar.gz'","stack":"Error: EACCES: permission denied, open '/opt/postman/Postman-1715710401386.tar.gz'"},"updateData":{"packageName":"Postman","eID":"Postman-1715710401386","downloadURL":"https://dl.pstmn.io/download/version/10.24.16/linux_64","downloadDirectory":"/opt/postman","downloadInfo":{"status":"DOWNLOAD_ERROR","error":{"errno":-13,"code":"EACCES","syscall":"open","path":"/opt/postman/Postman-1715710401386.tar.gz"},"downloadDirectory":"/opt/postman"}}}}]
[32002][1715717578028][main][info]["WindowManager~closeHandler - Closed Window (id: 1 )"]
[32002][1715717578120][main][info]["Quitting app"]
[170468][1716222785244][main][info]["Booting Postman 10.16.0, linux-6.8.9-arch1-1 on x64"]
[170468][1716222785248][main][info]["EventBus~initialize - Success"]
[170468][1716222785252][main][info]["Proxy configuration has not been setup"]
[170468][1716222785253][main][info]["CloudProxyManager~init - Success"]
[170468][1716222785281][main][info]["performShellDataMigration: Migration has already been done. Bailing out"]
[170468][1716222785290][main][info]["UpdateHandler~init - Success"]
[170468][1716222785292][main][info]["LeaderSelection: Initialized successfully"]
[170468][1716222785293][main][info]["VersionDependencyService: Initialized successfully"]
[170468][1716222785301][main][info]["LinuxAutoUpdater~Cleanup - Initial cleanup successful"]
[170468][1716222785313][main][info]["GPU detected VID 4098 DID 5592 ACTIVE true"]
[170468][1716222785336][main][info]["shellController~init: Success"]
[170468][1716222785343][main][info]["shellMeta~init: Success"]
[170468][1716222785343][main][info]["partitionMigrationService: State of V7 partition:"]
[170468][1716222785344][main][info]["partitionMigrationService: V7 partitions",[]]
[170468][1716222785344][main][info]["partitionMigrationService~rectifyNamespaceOfScratchPadPartition: There is no partition with scratchpad namespace"]
[170468][1716222785344][main][info]["partitionMigrationService~rectifyNamespaceOfScratchPadPartition: There is no transit partition which could have been used for scratchpad"]
[170468][1716222785345][main][info]["partitionMigrationService~init: Success"]
[170468][1716222785366][main][info]["partitionMigrationService~runV8PartitionsIntegrity: Two way migration~ removing the following partitions from v8",[]]
[170468][1716222785372][main][info]["userPartitionService~_rectifyTheActivePartitionOfApplication: Setting the active partition to ",null]
[170468][1716222785381][main][info]["userPartitionService~init: Success"]
[170468][1716222785397][main][info]["userPartitionService: State of v8 partition system:"]
[170468][1716222785401][main][info]["shell~init~getPartitionToLoad: loading scratchpad partition"]
[170468][1716222785403][main][info]["userPartitionService: List of partitions:",[{"partitionId":"370d464a-80fc-4fda-b9a1-143e32c20535","namespace":"scratchPad","userId":0,"teamId":0,"isDirty":false}]]
[170468][1716222785404][main][info]["userPartitionService: users global meta:",{}]
[170468][1716222787986][main][info]["RuntimeIPCAgent~started: Success"]
[170468][1716222788182][main][info]["UpdateHandler~app-update-events - Received event",{"name":"checkForElectronVersionUpdated","namespace":"appUpdate"}]
[170468][1716222788192][main][info]["windowManager: First requester booted successfully."]
[170468][1716222788192][main][info]["windowManager~restoreWindows: Restoring requester windows"]
[170468][1716222788193][main][info]["Main~AppEvents - Received booted event for process requester.Version undefined UI Version: undefined Desktop Platform Version: 10.16.0"]
[170468][1716222798551][main][info]["UpdateHandler~app-update-events - Received event",{"name":"updateElectron","namespace":"appUpdate","data":{"channel":"stable","version":"10.16.0","downloadVersion":"10.24.16","appId":"0a7fabc7-5fd2-4121-8934-d8faa6f9245e","userAgent":"Mozilla/5.0 (X11; Linux x86_64) AppleWebKit/537.36 (KHTML, like Gecko) Postman/10.16.0 Chrome/100.0.4896.160 Electron/18.3.5 Safari/537.36","platform":"LINUX","arch":"64","downloadURL":"https://dl.pstmn.io/download/version/10.24.16/linux_64","updateServerDomain":"https://dl.pstmn.io/","additionalParamsString":"installationId=0a7fabc7-5fd2-4121-8934-d8faa6f9245e&userId=0&syncEnabled=false&teamPlan=&teamId=0","userId":"0"}}]
[170468][1716222798552][main][info]["LinuxUpdater~downloadUpdate - UpdateInfo received",{"channel":"stable","version":"10.16.0","downloadVersion":"10.24.16","appId":"0a7fabc7-5fd2-4121-8934-d8faa6f9245e","userAgent":"Mozilla/5.0 (X11; Linux x86_64) AppleWebKit/537.36 (KHTML, like Gecko) Postman/10.16.0 Chrome/100.0.4896.160 Electron/18.3.5 Safari/537.36","platform":"LINUX","arch":"64","downloadURL":"https://dl.pstmn.io/download/version/10.24.16/linux_64","updateServerDomain":"https://dl.pstmn.io/","additionalParamsString":"installationId=0a7fabc7-5fd2-4121-8934-d8faa6f9245e&userId=0&syncEnabled=false&teamPlan=&teamId=0","userId":"0"}]
[170468][1716222798631][main][info]["@postman/app-updater: error",{"errno":-13,"code":"EACCES","syscall":"open","path":"/opt/postman/Postman-1716222798552.tar.gz","name":"Error","message":"EACCES: permission denied, open '/opt/postman/Postman-1716222798552.tar.gz'","stack":"Error: EACCES: permission denied, open '/opt/postman/Postman-1716222798552.tar.gz'"},{"packageName":"Postman","eID":"Postman-1716222798552","downloadURL":"https://dl.pstmn.io/download/version/10.24.16/linux_64","downloadDirectory":"/opt/postman","downloadInfo":{"status":"DOWNLOAD_ERROR","error":{"errno":-13,"code":"EACCES","syscall":"open","path":"/opt/postman/Postman-1716222798552.tar.gz"},"downloadDirectory":"/opt/postman"}}]
[170468][1716222798633][main][info]["UpdateHandler~app-update-events - Received event",{"name":"electronAppUpdateError","namespace":"appUpdate","data":{"error":{"errno":-13,"code":"EACCES","syscall":"open","path":"/opt/postman/Postman-1716222798552.tar.gz","name":"Error","message":"EACCES: permission denied, open '/opt/postman/Postman-1716222798552.tar.gz'","stack":"Error: EACCES: permission denied, open '/opt/postman/Postman-1716222798552.tar.gz'"},"updateData":{"packageName":"Postman","eID":"Postman-1716222798552","downloadURL":"https://dl.pstmn.io/download/version/10.24.16/linux_64","downloadDirectory":"/opt/postman","downloadInfo":{"status":"DOWNLOAD_ERROR","error":{"errno":-13,"code":"EACCES","syscall":"open","path":"/opt/postman/Postman-1716222798552.tar.gz"},"downloadDirectory":"/opt/postman"}}}}]
[170468][1716235814810][main][info]["WindowManager~closeHandler - Closed Window (id: 1 )"]
[170468][1716235814850][main][info]["Quitting app"]
