2024-05-14T17:32:35.430Z 0: 

----------------------------------------------
2024-05-14T17:32:35.452Z 1: Discord starting: {"releaseChannel":"stable","version":"0.0.54"}, modulepath: /home/anton/.config/discord/0.0.54/modules
2024-05-14T17:32:35.459Z 2: ✅ webContents.created web1 ""
2024-05-14T17:32:35.473Z 3: ✅ window.created win1 "discord"
2024-05-14T17:32:36.232Z 4: ✅ webContents.did-finish-load web1
2024-05-14T17:32:49.668Z 5: ✅ webContents.created web2 ""
2024-05-14T17:32:49.690Z 6: ✅ window.created win2 "Discord"
2024-05-14T17:32:52.659Z 7: ✅ webContents.did-finish-load web2
2024-05-14T17:32:52.758Z 8: window.close win1
2024-05-14T17:32:52.780Z 9: webContents.destroyed web1
2024-05-14T17:32:52.783Z 10: window.closed win1
2024-05-14T17:35:48.696Z 11: window.close win2
2024-05-14T17:35:51.662Z 0: 

----------------------------------------------
2024-05-14T17:35:51.677Z 1: Discord starting: {"releaseChannel":"stable","version":"0.0.54"}, modulepath: /home/anton/.config/discord/0.0.54/modules
2024-05-14T17:36:08.145Z 12: window.close win2
2024-05-14T17:36:17.259Z 13: before-quit
2024-05-14T17:36:59.318Z 0: 

----------------------------------------------
2024-05-14T17:36:59.353Z 1: Discord starting: {"releaseChannel":"stable","version":"0.0.54"}, modulepath: /home/anton/.config/discord/0.0.54/modules
2024-05-14T17:36:59.381Z 2: ✅ webContents.created web1 ""
2024-05-14T17:36:59.392Z 3: ✅ window.created win1 "discord"
2024-05-14T17:37:00.197Z 4: ✅ webContents.did-finish-load web1
2024-05-14T17:37:10.620Z 5: ✅ webContents.created web2 ""
2024-05-14T17:37:10.640Z 6: ✅ window.created win2 "Discord"
2024-05-14T17:37:14.321Z 7: ✅ webContents.did-finish-load web2
2024-05-14T17:37:14.422Z 8: window.close win1
2024-05-14T17:37:14.447Z 9: webContents.destroyed web1
2024-05-14T17:37:14.451Z 10: window.closed win1
2024-05-14T18:39:18.803Z 11: window.close win2
2024-05-15T13:00:11.783Z 12: before-quit
2024-05-20T18:02:58.557Z 0: 

----------------------------------------------
2024-05-20T18:02:58.588Z 1: Discord starting: {"releaseChannel":"stable","version":"0.0.54"}, modulepath: /home/anton/.config/discord/0.0.54/modules
2024-05-20T18:02:58.614Z 2: ✅ webContents.created web1 ""
2024-05-20T18:02:58.619Z 3: ✅ window.created win1 "discord"
2024-05-20T18:02:59.564Z 4: ✅ webContents.did-finish-load web1
2024-05-20T18:03:02.933Z 5: window.close win1
2024-05-20T18:03:35.771Z 0: 

----------------------------------------------
2024-05-20T18:03:35.801Z 1: Discord starting: {"releaseChannel":"stable","version":"0.0.54"}, modulepath: /home/anton/.config/discord/0.0.54/modules
2024-05-20T18:03:35.823Z 2: ✅ webContents.created web1 ""
2024-05-20T18:03:35.827Z 3: ✅ window.created win1 "discord"
2024-05-20T18:03:36.617Z 4: ✅ webContents.did-finish-load web1
2024-05-20T18:03:37.601Z 5: ✅ webContents.created web2 ""
2024-05-20T18:03:37.617Z 6: ✅ window.created win2 "Discord"
2024-05-20T18:03:41.380Z 7: ✅ webContents.did-finish-load web2
2024-05-20T18:03:41.476Z 8: window.close win1
2024-05-20T18:03:41.486Z 9: webContents.destroyed web1
2024-05-20T18:03:41.488Z 10: window.closed win1
2024-05-20T20:10:01.683Z 11: window.close win2
2024-05-21T16:54:31.309Z 12: before-quit
2024-05-22T17:59:50.798Z 0: 

----------------------------------------------
2024-05-22T17:59:50.818Z 1: Discord starting: {"releaseChannel":"stable","version":"0.0.54"}, modulepath: /home/anton/.config/discord/0.0.54/modules
2024-05-22T17:59:50.833Z 2: ✅ webContents.created web1 ""
2024-05-22T17:59:50.836Z 3: ✅ window.created win1 "discord"
2024-05-22T17:59:51.489Z 4: ✅ webContents.did-finish-load web1
2024-05-22T17:59:52.983Z 5: ✅ webContents.created web2 ""
2024-05-22T17:59:52.997Z 6: ✅ window.created win2 "Discord"
2024-05-22T17:59:55.514Z 7: ✅ webContents.did-finish-load web2
2024-05-22T17:59:55.616Z 8: window.close win1
2024-05-22T17:59:55.633Z 9: webContents.destroyed web1
2024-05-22T17:59:55.637Z 10: window.closed win1
2024-05-22T18:19:48.715Z 11: window.close win2
2024-05-22T18:19:52.948Z 12: before-quit
2024-05-22T18:19:52.950Z 13: window.close win2
2024-05-22T18:19:52.962Z 14: ❌ child-process-gone {
  type: 'Utility',
  reason: 'killed',
  exitCode: 15,
  serviceName: 'audio.mojom.AudioService',
  name: 'Audio Service'
}
2024-05-22T18:19:52.987Z 15: ❌ child-process-gone {
  type: 'Utility',
  reason: 'killed',
  exitCode: 15,
  serviceName: 'network.mojom.NetworkService',
  name: 'Network Service'
}
