2022-06-16 21:39:22 Loading main app package /usr/lib/obsidian/obsidian.asar
2022-06-16 21:39:22 Checking for update using Github
2022-06-16 21:39:22 Success.
2022-06-16 21:39:22 Latest version is 0.14.15
2022-06-16 21:39:22 App is up to date.
2022-06-16 21:58:14 Loading main app package /usr/lib/obsidian/obsidian.asar
2022-06-16 21:58:15 Checking for update using Github
2022-06-16 21:58:15 Success.
2022-06-16 21:58:15 Latest version is 0.14.15
2022-06-16 21:58:15 App is up to date.
2022-06-16 22:58:15 Checking for update using Github
2022-06-16 22:58:15 Success.
2022-06-16 22:58:15 Latest version is 0.14.15
2022-06-16 22:58:15 App is up to date.
2022-06-20 21:18:38 Loading main app package /usr/lib/obsidian/obsidian.asar
2022-06-20 21:18:38 Checking for update using Github
2022-06-20 21:18:39 Success.
2022-06-20 21:18:39 Latest version is 0.14.15
2022-06-20 21:18:39 App is up to date.
2022-06-20 22:18:38 Checking for update using Github
2022-06-20 22:18:39 Success.
2022-06-20 22:18:39 Latest version is 0.14.15
2022-06-20 22:18:39 App is up to date.
2022-06-20 23:18:38 Checking for update using Github
2022-06-20 23:18:39 Success.
2022-06-20 23:18:39 Latest version is 0.14.15
2022-06-20 23:18:39 App is up to date.
2022-06-24 18:10:01 Loading main app package /usr/lib/obsidian/obsidian.asar
2022-06-24 18:10:01 Checking for update using Github
2022-06-24 18:10:02 Success.
2022-06-24 18:10:02 Latest version is 0.14.15
2022-06-24 18:10:02 App is up to date.
2022-06-24 19:23:51 Checking for update using Github
2022-06-24 19:23:51 Success.
2022-06-24 19:23:51 Latest version is 0.14.15
2022-06-24 19:23:51 App is up to date.
2022-06-26 18:44:39 Loading main app package /usr/lib/obsidian/obsidian.asar
2022-06-26 18:44:39 Checking for update using Github
2022-06-26 18:44:39 Success.
2022-06-26 18:44:39 Latest version is 0.14.15
2022-06-26 18:44:39 App is up to date.
2022-06-30 21:47:01 Loading main app package /usr/lib/obsidian/obsidian.asar
2022-06-30 21:47:01 Checking for update using Github
2022-06-30 21:47:02 Success.
2022-06-30 21:47:02 Latest version is 0.14.15
2022-06-30 21:47:02 App is up to date.
2022-06-30 22:47:01 Checking for update using Github
2022-06-30 22:47:02 Success.
2022-06-30 22:47:02 Latest version is 0.14.15
2022-06-30 22:47:02 App is up to date.
2022-06-30 23:47:01 Checking for update using Github
2022-06-30 23:47:02 Success.
2022-06-30 23:47:02 Latest version is 0.14.15
2022-06-30 23:47:02 App is up to date.
2022-07-01 11:16:28 Loading main app package /usr/lib/obsidian/obsidian.asar
2022-07-01 11:16:28 Checking for update using Github
2022-07-01 11:16:29 Success.
2022-07-01 11:16:29 Latest version is 0.14.15
2022-07-01 11:16:29 App is up to date.
2022-07-01 12:16:28 Checking for update using Github
2022-07-01 12:16:29 Success.
2022-07-01 12:16:29 Latest version is 0.14.15
2022-07-01 12:16:29 App is up to date.
2022-07-01 13:16:28 Checking for update using Github
2022-07-01 13:16:29 Success.
2022-07-01 13:16:29 Latest version is 0.14.15
2022-07-01 13:16:29 App is up to date.
2022-07-01 14:16:28 Checking for update using Github
2022-07-01 14:16:29 Success.
2022-07-01 14:16:29 Latest version is 0.14.15
2022-07-01 14:16:29 App is up to date.
2022-07-01 16:15:41 Checking for update using Github
2022-07-01 16:15:42 Success.
2022-07-01 16:15:42 Latest version is 0.14.15
2022-07-01 16:15:42 App is up to date.
2022-07-01 17:15:41 Checking for update using Github
2022-07-01 17:15:42 Success.
2022-07-01 17:15:42 Latest version is 0.14.15
2022-07-01 17:15:42 App is up to date.
2022-07-01 18:15:42 Checking for update using Github
2022-07-01 18:15:44 Success.
2022-07-01 18:15:44 Latest version is 0.14.15
2022-07-01 18:15:44 App is up to date.
2022-07-01 19:21:27 Checking for update using Github
2022-07-01 19:21:28 Success.
2022-07-01 19:21:28 Latest version is 0.14.15
2022-07-01 19:21:28 App is up to date.
2022-07-02 23:06:45 Loading main app package /usr/lib/obsidian/obsidian.asar
2022-07-02 23:06:46 Checking for update using Github
2022-07-02 23:06:46 Success.
2022-07-02 23:06:46 Latest version is 0.14.15
2022-07-02 23:06:46 App is up to date.
2022-07-03 00:06:46 Checking for update using Github
2022-07-03 00:06:46 Success.
2022-07-03 00:06:46 Latest version is 0.14.15
2022-07-03 00:06:46 App is up to date.
2022-07-03 19:35:41 Loading main app package /usr/lib/obsidian/obsidian.asar
2022-07-03 19:35:42 Checking for update using Github
2022-07-03 19:35:42 Success.
2022-07-03 19:35:42 Latest version is 0.14.15
2022-07-03 19:35:42 App is up to date.
2022-07-03 20:35:41 Checking for update using Github
2022-07-03 20:35:42 Success.
2022-07-03 20:35:42 Latest version is 0.14.15
2022-07-03 20:35:42 App is up to date.
2022-07-03 21:37:33 Checking for update using Github
2022-07-03 21:37:34 Success.
2022-07-03 21:37:34 Latest version is 0.14.15
2022-07-03 21:37:34 App is up to date.
2022-07-07 18:30:10 Loading main app package /usr/lib/obsidian/obsidian.asar
2022-07-07 18:30:10 Checking for update using Github
2022-07-07 18:30:10 Success.
2022-07-07 18:30:10 Latest version is 0.14.15
2022-07-07 18:30:10 App is up to date.
2022-07-09 15:54:07 Loading main app package /usr/lib/obsidian/obsidian.asar
2022-07-09 15:54:07 Checking for update using Github
2022-07-09 15:54:08 Success.
2022-07-09 15:54:08 Latest version is 0.14.15
2022-07-09 15:54:08 App is up to date.
2022-07-09 16:54:07 Checking for update using Github
2022-07-09 16:54:08 Success.
2022-07-09 16:54:08 Latest version is 0.14.15
2022-07-09 16:54:08 App is up to date.
2022-07-09 19:04:09 Checking for update using Github
2022-07-09 19:04:09 Success.
2022-07-09 19:04:09 Latest version is 0.14.15
2022-07-09 19:04:09 App is up to date.
2022-07-09 20:22:03 Checking for update using Github
2022-07-09 20:22:03 Success.
2022-07-09 20:22:03 Latest version is 0.14.15
2022-07-09 20:22:03 App is up to date.
2022-07-09 21:22:03 Checking for update using Github
2022-07-09 21:22:04 Success.
2022-07-09 21:22:04 Latest version is 0.14.15
2022-07-09 21:22:04 App is up to date.
2022-07-09 22:22:19 Checking for update using Github
2022-07-09 22:22:19 Success.
2022-07-09 22:22:19 Latest version is 0.14.15
2022-07-09 22:22:19 App is up to date.
2022-07-09 23:22:19 Checking for update using Github
2022-07-09 23:22:19 Success.
2022-07-09 23:22:19 Latest version is 0.14.15
2022-07-09 23:22:19 App is up to date.
2022-07-10 00:35:23 Checking for update using Github
2022-07-10 00:35:24 Success.
2022-07-10 00:35:24 Latest version is 0.14.15
2022-07-10 00:35:24 App is up to date.
2022-07-10 17:24:26 Loading main app package /usr/lib/obsidian/obsidian.asar
2022-07-10 17:24:26 Checking for update using Github
2022-07-10 17:24:27 Success.
2022-07-10 17:24:27 Latest version is 0.14.15
2022-07-10 17:24:27 App is up to date.
2022-07-12 22:46:51 Loading main app package /usr/lib/obsidian/obsidian.asar
2022-07-12 22:46:51 Checking for update using Github
2022-07-12 22:46:51 Success.
2022-07-12 22:46:51 Latest version is 0.15.6
2022-07-12 22:46:51 Downloading update from https://github.com/obsidianmd/obsidian-releases/releases/download/v0.15.6/obsidian-0.15.6.asar.gz
2022-07-12 22:46:54 Verifying hash & signature. Size= 5609293
2022-07-12 22:46:54 Saving file
2022-07-12 22:46:54 Update complete.
2022-07-12 23:46:51 Checking for update using Github
2022-07-12 23:46:51 Success.
2022-07-12 23:46:51 Latest version is 0.15.6
2022-07-12 23:46:51 An update is already downloaded.
2022-07-13 00:46:51 Checking for update using Github
2022-07-13 00:46:51 Success.
2022-07-13 00:46:51 Latest version is 0.15.6
2022-07-13 00:46:51 An update is already downloaded.
2022-07-25 14:11:55 Loading updated app package /home/anton/.config/obsidian/obsidian-0.15.6.asar
2022-07-25 14:11:55 Checking for update using Github
2022-07-25 14:11:56 Success.
2022-07-25 14:11:56 Latest version is 0.15.8
2022-07-25 14:11:56 Downloading update from https://github.com/obsidianmd/obsidian-releases/releases/download/v0.15.8/obsidian-0.15.8.asar.gz
2022-07-25 14:11:57 Verifying hash & signature. Size= 5639539
2022-07-25 14:11:57 Saving file
2022-07-25 14:11:57 Update complete.
2022-07-25 15:19:56 Checking for update using Github
2022-07-25 15:19:56 Success.
2022-07-25 15:19:56 Latest version is 0.15.8
2022-07-25 15:19:56 An update is already downloaded.
2022-07-25 16:19:56 Checking for update using Github
2022-07-25 16:19:56 Success.
2022-07-25 16:19:56 Latest version is 0.15.8
2022-07-25 16:19:56 An update is already downloaded.
2022-07-25 17:19:56 Checking for update using Github
2022-07-25 17:19:56 Success.
2022-07-25 17:19:56 Latest version is 0.15.8
2022-07-25 17:19:56 An update is already downloaded.
2022-07-25 18:19:56 Checking for update using Github
2022-07-25 18:19:56 Success.
2022-07-25 18:19:56 Latest version is 0.15.8
2022-07-25 18:19:56 An update is already downloaded.
2022-07-25 19:39:06 Checking for update using Github
2022-07-25 19:39:06 Success.
2022-07-25 19:39:06 Latest version is 0.15.8
2022-07-25 19:39:06 An update is already downloaded.
2022-07-25 20:39:06 Checking for update using Github
2022-07-25 20:39:06 Success.
2022-07-25 20:39:06 Latest version is 0.15.8
2022-07-25 20:39:06 An update is already downloaded.
2022-07-31 00:41:09 Loading updated app package /home/anton/.config/obsidian/obsidian-0.15.8.asar
2022-07-31 00:41:09 Checking for update using Github
2022-07-31 00:41:09 Success.
2022-07-31 00:41:09 Latest version is 0.15.9
2022-07-31 00:41:09 Downloading update from https://github.com/obsidianmd/obsidian-releases/releases/download/v0.15.9/obsidian-0.15.9.asar.gz
2022-07-31 00:41:13 Verifying hash & signature. Size= 5641851
2022-07-31 00:41:13 Saving file
2022-07-31 00:41:14 Update complete.
2022-07-31 01:41:09 Checking for update using Github
2022-07-31 01:41:09 Success.
2022-07-31 01:41:09 Latest version is 0.15.9
2022-07-31 01:41:09 An update is already downloaded.
2022-07-31 02:41:09 Checking for update using Github
2022-07-31 02:41:09 Success.
2022-07-31 02:41:09 Latest version is 0.15.9
2022-07-31 02:41:09 An update is already downloaded.
2022-08-02 20:41:48 Loading updated app package /home/anton/.config/obsidian/obsidian-0.15.9.asar
2022-08-02 20:41:48 Checking for update using Github
2022-08-02 20:41:49 Success.
2022-08-02 20:41:49 Latest version is 0.15.9
2022-08-02 20:41:49 App is up to date.
2022-08-02 21:41:48 Checking for update using Github
2022-08-02 21:41:48 Success.
2022-08-02 21:41:48 Latest version is 0.15.9
2022-08-02 21:41:48 App is up to date.
2022-08-03 01:27:56 Loading updated app package /home/anton/.config/obsidian/obsidian-0.15.9.asar
2022-08-03 01:27:56 Checking for update using Github
2022-08-03 01:27:56 Success.
2022-08-03 01:27:56 Latest version is 0.15.9
2022-08-03 01:27:56 App is up to date.
2022-08-03 19:16:48 Loading updated app package /home/anton/.config/obsidian/obsidian-0.15.9.asar
2022-08-03 19:16:48 Checking for update using Github
2022-08-03 19:16:48 Success.
2022-08-03 19:16:48 Latest version is 0.15.9
2022-08-03 19:16:48 App is up to date.
2022-08-03 19:17:06 Loading updated app package /home/anton/.config/obsidian/obsidian-0.15.9.asar
2022-08-03 19:17:06 Checking for update using Github
2022-08-03 19:17:06 Success.
2022-08-03 19:17:06 Latest version is 0.15.9
2022-08-03 19:17:06 App is up to date.
2022-08-04 22:02:17 Loading updated app package /home/anton/.config/obsidian/obsidian-0.15.9.asar
2022-08-04 22:02:17 Checking for update using Github
2022-08-04 22:02:17 Success.
2022-08-04 22:02:17 Latest version is 0.15.9
2022-08-04 22:02:17 App is up to date.
2022-08-06 16:38:46 Loading updated app package /home/anton/.config/obsidian/obsidian-0.15.9.asar
2022-08-06 16:38:47 Checking for update using Github
2022-08-06 16:38:47 Success.
2022-08-06 16:38:47 Latest version is 0.15.9
2022-08-06 16:38:47 App is up to date.
2022-08-06 20:56:54 Loading updated app package /home/anton/.config/obsidian/obsidian-0.15.9.asar
2022-08-06 20:56:54 Checking for update using Github
2022-08-06 20:56:54 Success.
2022-08-06 20:56:54 Latest version is 0.15.9
2022-08-06 20:56:54 App is up to date.
2022-08-07 16:49:25 Loading updated app package /home/anton/.config/obsidian/obsidian-0.15.9.asar
2022-08-07 16:49:26 Checking for update using Github
2022-08-07 16:49:26 Success.
2022-08-07 16:49:26 Latest version is 0.15.9
2022-08-07 16:49:26 App is up to date.
2022-08-08 02:11:01 Loading updated app package /home/anton/.config/obsidian/obsidian-0.15.9.asar
2022-08-08 02:11:01 Checking for update using Github
2022-08-08 02:11:02 Success.
2022-08-08 02:11:02 Latest version is 0.15.9
2022-08-08 02:11:02 App is up to date.
2022-08-19 13:00:15 Loading main app package /usr/lib/obsidian/obsidian.asar
2022-08-19 13:00:15 Checking for update using Github
2022-08-19 13:00:16 Success.
2022-08-19 13:00:16 Latest version is 0.15.9
2022-08-19 13:00:16 App is up to date.
2022-08-19 14:00:15 Checking for update using Github
2022-08-19 14:00:15 Success.
2022-08-19 14:00:15 Latest version is 0.15.9
2022-08-19 14:00:15 App is up to date.
2022-08-19 15:00:15 Checking for update using Github
2022-08-19 15:00:15 Success.
2022-08-19 15:00:15 Latest version is 0.15.9
2022-08-19 15:00:15 App is up to date.
2022-08-19 22:35:29 Loading main app package /usr/lib/obsidian/obsidian.asar
2022-08-19 22:35:30 Checking for update using Github
2022-08-19 22:35:30 Success.
2022-08-19 22:35:30 Latest version is 0.15.9
2022-08-19 22:35:30 App is up to date.
2022-08-19 23:52:12 Loading main app package /usr/lib/obsidian/obsidian.asar
2022-08-19 23:52:12 Checking for update using Github
2022-08-19 23:52:12 Success.
2022-08-19 23:52:12 Latest version is 0.15.9
2022-08-19 23:52:12 App is up to date.
2022-09-11 12:45:04 Loading main app package /usr/lib/obsidian/obsidian.asar
2022-09-11 12:45:04 Checking for update using Github
2022-09-11 12:45:05 Success.
2022-09-11 12:45:05 Latest version is 0.15.9
2022-09-11 12:45:05 App is up to date.
2022-09-15 10:27:38 Loading main app package /usr/lib/obsidian/obsidian.asar
2022-09-15 10:27:39 Checking for update using Github
2022-09-15 10:27:39 Success.
2022-09-15 10:27:39 Latest version is 0.15.9
2022-09-15 10:27:39 App is up to date.
2022-09-15 20:34:02 Loading main app package /usr/lib/obsidian/obsidian.asar
2022-09-15 20:34:03 Checking for update using Github
2022-09-15 20:34:03 Success.
2022-09-15 20:34:03 Latest version is 0.15.9
2022-09-15 20:34:03 App is up to date.
2022-09-16 10:16:22 Loading main app package /usr/lib/obsidian/obsidian.asar
2022-09-16 10:16:23 Checking for update using Github
2022-09-16 10:16:23 Success.
2022-09-16 10:16:23 Latest version is 0.15.9
2022-09-16 10:16:23 App is up to date.
2022-09-17 22:27:58 Loading main app package /usr/lib/obsidian/obsidian.asar
2022-09-17 22:27:58 Checking for update using Github
2022-09-17 22:27:58 Success.
2022-09-17 22:27:58 Latest version is 0.15.9
2022-09-17 22:27:58 App is up to date.
2022-09-18 21:35:09 Loading main app package /usr/lib/obsidian/obsidian.asar
2022-09-18 21:35:09 Checking for update using Github
2022-09-18 21:35:09 Success.
2022-09-18 21:35:09 Latest version is 0.15.9
2022-09-18 21:35:09 App is up to date.
2022-09-18 22:35:09 Checking for update using Github
2022-09-18 22:35:09 Success.
2022-09-18 22:35:09 Latest version is 0.15.9
2022-09-18 22:35:09 App is up to date.
2022-09-19 13:38:27 Loading main app package /usr/lib/obsidian/obsidian.asar
2022-09-19 13:38:28 Checking for update using Github
2022-09-19 13:38:28 Success.
2022-09-19 13:38:28 Latest version is 0.15.9
2022-09-19 13:38:28 App is up to date.
2022-09-19 13:39:12 Loading main app package /usr/lib/obsidian/obsidian.asar
2022-09-19 13:39:12 Checking for update using Github
2022-09-19 13:39:12 Success.
2022-09-19 13:39:12 Latest version is 0.15.9
2022-09-19 13:39:12 App is up to date.
2022-09-27 14:16:22 Loading main app package /usr/lib/obsidian/obsidian.asar
2022-09-27 14:16:22 Checking for update using Github
2022-09-27 14:16:22 Success.
2022-09-27 14:16:22 Latest version is 0.15.9
2022-09-27 14:16:22 App is up to date.
2022-09-27 15:16:22 Checking for update using Github
2022-09-27 15:16:23 Success.
2022-09-27 15:16:23 Latest version is 0.15.9
2022-09-27 15:16:23 App is up to date.
2022-09-27 16:16:22 Checking for update using Github
2022-09-27 16:16:22 Success.
2022-09-27 16:16:22 Latest version is 0.15.9
2022-09-27 16:16:22 App is up to date.
2022-09-27 18:07:59 Checking for update using Github
2022-09-27 18:08:00 Success.
2022-09-27 18:08:00 Latest version is 0.15.9
2022-09-27 18:08:00 App is up to date.
2022-09-27 19:08:00 Checking for update using Github
2022-09-27 19:08:00 Success.
2022-09-27 19:08:00 Latest version is 0.15.9
2022-09-27 19:08:00 App is up to date.
2022-09-27 19:58:53 Loading main app package /usr/lib/obsidian/obsidian.asar
2022-09-27 19:58:53 Checking for update using Github
2022-09-27 19:58:54 Success.
2022-09-27 19:58:54 Latest version is 0.15.9
2022-09-27 19:58:54 App is up to date.
2022-10-04 14:22:24 Loading main app package /usr/lib/obsidian/obsidian.asar
2022-10-04 14:22:24 Checking for update using Github
2022-10-04 14:22:25 Success.
2022-10-04 14:22:25 Latest version is 0.15.9
2022-10-04 14:22:25 App is up to date.
2022-10-04 15:22:24 Checking for update using Github
2022-10-04 15:22:24 Success.
2022-10-04 15:22:24 Latest version is 0.15.9
2022-10-04 15:22:24 App is up to date.
2022-10-09 19:35:41 Loading main app package /usr/lib/obsidian/obsidian.asar
2022-10-09 19:35:41 Checking for update using Github
2022-10-09 19:35:41 Success.
2022-10-09 19:35:41 Latest version is 0.15.9
2022-10-09 19:35:41 App is up to date.
2022-10-14 09:14:46 Loading main app package /usr/lib/obsidian/obsidian.asar
2022-10-14 09:14:46 Checking for update using Github
2022-10-14 09:14:46 Success.
2022-10-14 09:14:46 Latest version is 1.0.0
2022-10-14 09:14:46 Downloading update from https://github.com/obsidianmd/obsidian-releases/releases/download/v1.0.0/obsidian-1.0.0.asar.gz
2022-10-14 09:14:51 Verifying hash & signature. Size= 5637590
2022-10-14 09:14:51 Saving file
2022-10-14 09:14:51 Update complete.
2022-10-19 20:06:42 Loading main app package /usr/lib/obsidian/obsidian.asar
2022-10-19 20:06:42 Checking for update using Github
2022-10-19 20:06:42 Success.
2022-10-19 20:06:42 Latest version is 1.0.0
2022-10-19 20:06:42 App is up to date.
2022-10-20 13:53:23 Loading main app package /usr/lib/obsidian/obsidian.asar
2022-10-20 13:53:23 Checking for update using Github
2022-10-20 13:53:24 Success.
2022-10-20 13:53:24 Latest version is 1.0.0
2022-10-20 13:53:24 App is up to date.
2022-10-21 09:43:52 Loading main app package /usr/lib/obsidian/obsidian.asar
2022-10-21 09:43:53 Checking for update using Github
2022-10-21 09:43:53 Success.
2022-10-21 09:43:53 Latest version is 1.0.0
2022-10-21 09:43:53 App is up to date.
2022-10-21 10:43:52 Checking for update using Github
2022-10-21 10:43:52 Success.
2022-10-21 10:43:52 Latest version is 1.0.0
2022-10-21 10:43:52 App is up to date.
2022-10-21 13:18:11 Checking for update using Github
2022-10-21 13:18:12 Success.
2022-10-21 13:18:12 Latest version is 1.0.0
2022-10-21 13:18:12 App is up to date.
2022-10-21 17:45:37 Loading main app package /usr/lib/obsidian/obsidian.asar
2022-10-21 17:45:38 Checking for update using Github
2022-10-21 17:45:38 Success.
2022-10-21 17:45:38 Latest version is 1.0.0
2022-10-21 17:45:38 App is up to date.
2022-10-21 17:54:17 Loading main app package /usr/lib/obsidian/obsidian.asar
2022-10-21 17:54:17 Checking for update using Github
2022-10-21 17:54:17 Failed to check for update using Github (net::ERR_INTERNET_DISCONNECTED)
2022-10-21 17:54:17 Checking for update using obsidian.md
2022-10-21 17:54:17 Failed to check for update using obsidian.md (net::ERR_INTERNET_DISCONNECTED)
2022-10-21 18:54:18 Checking for update using Github
2022-10-21 18:54:23 Success.
2022-10-21 18:54:23 Latest version is 1.0.0
2022-10-21 18:54:23 App is up to date.
2022-10-21 19:54:18 Checking for update using Github
2022-10-21 19:54:18 Success.
2022-10-21 19:54:18 Latest version is 1.0.0
2022-10-21 19:54:18 App is up to date.
2022-10-22 19:13:23 Loading main app package /usr/lib/obsidian/obsidian.asar
2022-10-22 19:13:23 Checking for update using Github
2022-10-22 19:13:23 Success.
2022-10-22 19:13:23 Latest version is 1.0.0
2022-10-22 19:13:23 App is up to date.
2022-10-31 23:06:08 Loading main app package /usr/lib/obsidian/obsidian.asar
2022-10-31 23:06:09 Checking for update using Github
2022-10-31 23:06:14 Success.
2022-10-31 23:06:14 Latest version is 1.0.3
2022-10-31 23:06:14 App is up to date.
2022-11-01 14:30:38 Loading main app package /usr/lib/obsidian/obsidian.asar
2022-11-01 14:30:38 Checking for update using Github
2022-11-01 14:30:38 Success.
2022-11-01 14:30:38 Latest version is 1.0.3
2022-11-01 14:30:38 App is up to date.
2022-11-01 14:53:27 Loading main app package /usr/lib/obsidian/obsidian.asar
2022-11-01 14:53:28 Checking for update using Github
2022-11-01 14:53:28 Success.
2022-11-01 14:53:28 Latest version is 1.0.3
2022-11-01 14:53:28 App is up to date.
2022-11-22 14:10:47 Loading main app package /usr/lib/obsidian/obsidian.asar
2022-11-22 14:10:47 Checking for update using Github
2022-11-22 14:10:47 Failed to check for update using Github (net::ERR_INTERNET_DISCONNECTED)
2022-11-22 14:10:47 Checking for update using obsidian.md
2022-11-22 14:10:47 Failed to check for update using obsidian.md (net::ERR_INTERNET_DISCONNECTED)
2022-12-02 20:26:47 Loading main app package /usr/lib/obsidian/obsidian.asar
2022-12-02 20:26:47 Checking for update using Github
2022-12-02 20:26:47 Success.
2022-12-02 20:26:47 Latest version is 1.0.3
2022-12-02 20:26:47 App is up to date.
2022-12-02 21:26:47 Checking for update using Github
2022-12-02 21:26:47 Success.
2022-12-02 21:26:47 Latest version is 1.0.3
2022-12-02 21:26:47 App is up to date.
2022-12-02 22:26:47 Checking for update using Github
2022-12-02 22:26:47 Success.
2022-12-02 22:26:47 Latest version is 1.0.3
2022-12-02 22:26:47 App is up to date.
2022-12-02 23:26:47 Checking for update using Github
2022-12-02 23:26:47 Success.
2022-12-02 23:26:47 Latest version is 1.0.3
2022-12-02 23:26:47 App is up to date.
2022-12-03 00:26:47 Checking for update using Github
2022-12-03 00:26:47 Success.
2022-12-03 00:26:47 Latest version is 1.0.3
2022-12-03 00:26:47 App is up to date.
2022-12-03 01:26:47 Checking for update using Github
2022-12-03 01:26:48 Success.
2022-12-03 01:26:48 Latest version is 1.0.3
2022-12-03 01:26:48 App is up to date.
2022-12-03 02:26:48 Checking for update using Github
2022-12-03 02:26:48 Success.
2022-12-03 02:26:48 Latest version is 1.0.3
2022-12-03 02:26:48 App is up to date.
2022-12-07 15:19:01 Loading main app package /usr/lib/obsidian/obsidian.asar
2022-12-07 15:19:01 Checking for update using Github
2022-12-07 15:19:02 Success.
2022-12-07 15:19:02 Latest version is 1.0.3
2022-12-07 15:19:02 App is up to date.
2022-12-09 17:44:09 Loading main app package /usr/lib/obsidian/obsidian.asar
2022-12-09 17:44:09 Checking for update using Github
2022-12-09 17:44:10 Success.
2022-12-09 17:44:10 Latest version is 1.0.3
2022-12-09 17:44:10 App is up to date.
2022-12-09 18:44:09 Checking for update using Github
2022-12-09 18:44:09 Success.
2022-12-09 18:44:09 Latest version is 1.0.3
2022-12-09 18:44:09 App is up to date.
2022-12-09 19:44:09 Checking for update using Github
2022-12-09 19:44:13 Success.
2022-12-09 19:44:13 Latest version is 1.0.3
2022-12-09 19:44:13 App is up to date.
2022-12-09 20:44:09 Checking for update using Github
2022-12-09 20:44:09 Success.
2022-12-09 20:44:09 Latest version is 1.0.3
2022-12-09 20:44:09 App is up to date.
2022-12-10 21:05:28 Loading main app package /usr/lib/obsidian/obsidian.asar
2022-12-10 21:05:28 Checking for update using Github
2022-12-10 21:05:34 Success.
2022-12-10 21:05:34 Latest version is 1.0.3
2022-12-10 21:05:34 App is up to date.
2022-12-10 22:05:28 Checking for update using Github
2022-12-10 22:05:34 Success.
2022-12-10 22:05:34 Latest version is 1.0.3
2022-12-10 22:05:34 App is up to date.
2022-12-10 23:05:28 Checking for update using Github
2022-12-10 23:05:28 Success.
2022-12-10 23:05:28 Latest version is 1.0.3
2022-12-10 23:05:28 App is up to date.
2022-12-11 23:04:32 Loading main app package /usr/lib/obsidian/obsidian.asar
2022-12-11 23:04:32 Checking for update using Github
2022-12-11 23:04:33 Success.
2022-12-11 23:04:33 Latest version is 1.0.3
2022-12-11 23:04:33 App is up to date.
2022-12-12 10:15:41 Checking for update using Github
2022-12-12 10:15:41 Success.
2022-12-12 10:15:41 Latest version is 1.0.3
2022-12-12 10:15:41 App is up to date.
2022-12-12 11:15:41 Checking for update using Github
2022-12-12 11:15:41 Success.
2022-12-12 11:15:41 Latest version is 1.0.3
2022-12-12 11:15:41 App is up to date.
2022-12-12 12:15:41 Checking for update using Github
2022-12-12 12:15:41 Success.
2022-12-12 12:15:41 Latest version is 1.0.3
2022-12-12 12:15:41 App is up to date.
2022-12-12 14:48:06 Checking for update using Github
2022-12-12 14:48:06 Success.
2022-12-12 14:48:06 Latest version is 1.0.3
2022-12-12 14:48:06 App is up to date.
2022-12-14 12:06:08 Loading main app package /usr/lib/obsidian/obsidian.asar
2022-12-14 12:06:08 Checking for update using Github
2022-12-14 12:06:10 Success.
2022-12-14 12:06:10 Latest version is 1.0.3
2022-12-14 12:06:10 App is up to date.
2022-12-14 13:06:08 Checking for update using Github
2022-12-14 13:06:09 Success.
2022-12-14 13:06:09 Latest version is 1.0.3
2022-12-14 13:06:09 App is up to date.
2022-12-14 14:06:08 Checking for update using Github
2022-12-14 14:06:09 Success.
2022-12-14 14:06:09 Latest version is 1.0.3
2022-12-14 14:06:09 App is up to date.
2022-12-14 15:06:09 Checking for update using Github
2022-12-14 15:06:14 Success.
2022-12-14 15:06:14 Latest version is 1.0.3
2022-12-14 15:06:14 App is up to date.
2022-12-14 16:06:09 Checking for update using Github
2022-12-14 16:06:14 Success.
2022-12-14 16:06:14 Latest version is 1.0.3
2022-12-14 16:06:14 App is up to date.
2022-12-14 17:06:08 Checking for update using Github
2022-12-14 17:06:23 Success.
2022-12-14 17:06:23 Latest version is 1.0.3
2022-12-14 17:06:23 App is up to date.
2022-12-14 18:55:01 Checking for update using Github
2022-12-14 18:55:01 Success.
2022-12-14 18:55:01 Latest version is 1.0.3
2022-12-14 18:55:01 App is up to date.
2022-12-14 19:55:01 Checking for update using Github
2022-12-14 19:55:01 Success.
2022-12-14 19:55:01 Latest version is 1.0.3
2022-12-14 19:55:01 App is up to date.
2022-12-14 20:55:01 Checking for update using Github
2022-12-14 20:55:01 Success.
2022-12-14 20:55:01 Latest version is 1.0.3
2022-12-14 20:55:01 App is up to date.
2022-12-14 21:55:01 Checking for update using Github
2022-12-14 21:55:01 Success.
2022-12-14 21:55:01 Latest version is 1.0.3
2022-12-14 21:55:01 App is up to date.
2022-12-14 22:55:01 Checking for update using Github
2022-12-14 22:55:01 Success.
2022-12-14 22:55:01 Latest version is 1.0.3
2022-12-14 22:55:01 App is up to date.
2022-12-14 23:55:01 Checking for update using Github
2022-12-14 23:55:01 Success.
2022-12-14 23:55:01 Latest version is 1.0.3
2022-12-14 23:55:01 App is up to date.
2022-12-15 09:39:47 Checking for update using Github
2022-12-15 09:39:52 Success.
2022-12-15 09:39:52 Latest version is 1.0.3
2022-12-15 09:39:52 App is up to date.
2022-12-15 10:50:46 Checking for update using Github
2022-12-15 10:50:46 Success.
2022-12-15 10:50:46 Latest version is 1.0.3
2022-12-15 10:50:46 App is up to date.
2022-12-15 11:54:40 Checking for update using Github
2022-12-15 11:54:45 Success.
2022-12-15 11:54:45 Latest version is 1.0.3
2022-12-15 11:54:45 App is up to date.
2022-12-15 18:13:58 Loading main app package /usr/lib/obsidian/obsidian.asar
2022-12-15 18:13:58 Checking for update using Github
2022-12-15 18:13:59 Success.
2022-12-15 18:13:59 Latest version is 1.0.3
2022-12-15 18:13:59 App is up to date.
2022-12-15 19:13:58 Checking for update using Github
2022-12-15 19:13:58 Success.
2022-12-15 19:13:58 Latest version is 1.0.3
2022-12-15 19:13:58 App is up to date.
2022-12-15 20:13:58 Checking for update using Github
2022-12-15 20:13:59 Success.
2022-12-15 20:13:59 Latest version is 1.0.3
2022-12-15 20:13:59 App is up to date.
2022-12-15 21:13:58 Checking for update using Github
2022-12-15 21:13:59 Success.
2022-12-15 21:13:59 Latest version is 1.0.3
2022-12-15 21:13:59 App is up to date.
2022-12-15 22:13:58 Checking for update using Github
2022-12-15 22:13:59 Success.
2022-12-15 22:13:59 Latest version is 1.0.3
2022-12-15 22:13:59 App is up to date.
2022-12-15 23:13:59 Checking for update using Github
2022-12-15 23:13:59 Success.
2022-12-15 23:13:59 Latest version is 1.0.3
2022-12-15 23:13:59 App is up to date.
2022-12-16 10:24:41 Checking for update using Github
2022-12-16 10:24:41 Success.
2022-12-16 10:24:41 Latest version is 1.0.3
2022-12-16 10:24:41 App is up to date.
2022-12-16 11:24:41 Checking for update using Github
2022-12-16 11:24:41 Success.
2022-12-16 11:24:41 Latest version is 1.0.3
2022-12-16 11:24:41 App is up to date.
2022-12-16 12:24:41 Checking for update using Github
2022-12-16 12:24:47 Success.
2022-12-16 12:24:47 Latest version is 1.0.3
2022-12-16 12:24:47 App is up to date.
2022-12-16 13:24:41 Checking for update using Github
2022-12-16 13:24:47 Success.
2022-12-16 13:24:47 Latest version is 1.0.3
2022-12-16 13:24:47 App is up to date.
2022-12-16 18:30:09 Loading main app package /usr/lib/obsidian/obsidian.asar
2022-12-16 18:30:09 Checking for update using Github
2022-12-16 18:30:10 Checking for update using Github
2022-12-16 18:30:15 Success.
2022-12-16 18:30:15 Latest version is 1.0.3
2022-12-16 18:30:15 App is up to date.
2022-12-16 18:30:17 Loading main app package /usr/lib/obsidian/obsidian.asar
2022-12-16 18:30:17 Checking for update using Github
2022-12-16 23:41:18 Loading main app package /usr/lib/obsidian/obsidian.asar
2022-12-16 23:41:18 Checking for update using Github
2022-12-16 23:41:18 Success.
2022-12-16 23:41:18 Latest version is 1.0.3
2022-12-16 23:41:18 App is up to date.
2022-12-17 00:49:35 Checking for update using Github
2022-12-17 00:49:36 Success.
2022-12-17 00:49:36 Latest version is 1.0.3
2022-12-17 00:49:36 App is up to date.
2022-12-17 23:31:58 Loading main app package /usr/lib/obsidian/obsidian.asar
2022-12-17 23:31:58 Checking for update using Github
2022-12-17 23:31:59 Success.
2022-12-17 23:31:59 Latest version is 1.0.3
2022-12-17 23:31:59 App is up to date.
2022-12-19 17:31:22 Loading main app package /usr/lib/obsidian/obsidian.asar
2022-12-19 17:31:23 Checking for update using Github
2022-12-19 17:31:23 Success.
2022-12-19 17:31:23 Latest version is 1.0.3
2022-12-19 17:31:23 App is up to date.
2022-12-19 18:31:23 Checking for update using Github
2022-12-19 18:31:23 Success.
2022-12-19 18:31:23 Latest version is 1.0.3
2022-12-19 18:31:23 App is up to date.
2022-12-19 19:58:34 Checking for update using Github
2022-12-19 19:58:34 Success.
2022-12-19 19:58:34 Latest version is 1.0.3
2022-12-19 19:58:34 App is up to date.
2022-12-19 20:58:34 Checking for update using Github
2022-12-19 20:58:34 Success.
2022-12-19 20:58:34 Latest version is 1.0.3
2022-12-19 20:58:34 App is up to date.
2022-12-19 21:58:34 Checking for update using Github
2022-12-19 21:58:34 Success.
2022-12-19 21:58:34 Latest version is 1.0.3
2022-12-19 21:58:34 App is up to date.
2022-12-19 22:58:34 Checking for update using Github
2022-12-19 22:58:34 Success.
2022-12-19 22:58:34 Latest version is 1.0.3
2022-12-19 22:58:34 App is up to date.
2022-12-19 23:58:34 Checking for update using Github
2022-12-19 23:58:34 Success.
2022-12-19 23:58:34 Latest version is 1.0.3
2022-12-19 23:58:34 App is up to date.
2022-12-20 00:58:34 Checking for update using Github
2022-12-20 00:58:35 Success.
2022-12-20 00:58:35 Latest version is 1.0.3
2022-12-20 00:58:35 App is up to date.
2022-12-20 01:58:34 Checking for update using Github
2022-12-20 01:58:35 Success.
2022-12-20 01:58:35 Latest version is 1.0.3
2022-12-20 01:58:35 App is up to date.
2022-12-22 04:44:15 Loading main app package /usr/lib/obsidian/obsidian.asar
2022-12-22 04:44:15 Checking for update using Github
2022-12-22 04:44:15 Success.
2022-12-22 04:44:15 Latest version is 1.1.8
2022-12-22 04:44:15 Downloading update from https://github.com/obsidianmd/obsidian-releases/releases/download/v1.1.8/obsidian-1.1.8.asar.gz
2022-12-22 04:44:18 Verifying hash & signature. Size= 5753499
2022-12-22 04:44:18 Saving file
2022-12-22 04:44:18 Update complete.
2022-12-22 05:44:15 Checking for update using Github
2022-12-22 05:44:15 Success.
2022-12-22 05:44:15 Latest version is 1.1.8
2022-12-22 05:44:15 An update is already downloaded.
2022-12-22 06:44:15 Checking for update using Github
2022-12-22 06:44:15 Success.
2022-12-22 06:44:15 Latest version is 1.1.8
2022-12-22 06:44:15 An update is already downloaded.
2022-12-22 12:57:43 Loading updated app package /home/anton/.config/obsidian/obsidian-1.1.8.asar
2022-12-22 12:57:43 Checking for update using Github
2022-12-22 12:57:44 Success.
2022-12-22 12:57:44 Latest version is 1.1.8
2022-12-22 12:57:44 App is up to date.
2022-12-22 13:57:43 Checking for update using Github
2022-12-22 13:57:43 Success.
2022-12-22 13:57:43 Latest version is 1.1.8
2022-12-22 13:57:43 App is up to date.
2022-12-22 15:11:39 Checking for update using Github
2022-12-22 15:11:39 Success.
2022-12-22 15:11:39 Latest version is 1.1.8
2022-12-22 15:11:39 App is up to date.
2022-12-22 16:11:40 Checking for update using Github
2022-12-22 16:11:40 Success.
2022-12-22 16:11:40 Latest version is 1.1.8
2022-12-22 16:11:40 App is up to date.
2022-12-22 17:11:40 Checking for update using Github
2022-12-22 17:11:40 Success.
2022-12-22 17:11:40 Latest version is 1.1.8
2022-12-22 17:11:40 App is up to date.
2022-12-22 18:25:15 Checking for update using Github
2022-12-22 18:25:15 Success.
2022-12-22 18:25:15 Latest version is 1.1.8
2022-12-22 18:25:15 App is up to date.
2022-12-22 19:25:15 Checking for update using Github
2022-12-22 19:25:15 Success.
2022-12-22 19:25:15 Latest version is 1.1.8
2022-12-22 19:25:15 App is up to date.
2022-12-22 20:25:15 Checking for update using Github
2022-12-22 20:25:16 Success.
2022-12-22 20:25:16 Latest version is 1.1.8
2022-12-22 20:25:16 App is up to date.
2022-12-22 21:25:15 Checking for update using Github
2022-12-22 21:25:16 Success.
2022-12-22 21:25:16 Latest version is 1.1.8
2022-12-22 21:25:16 App is up to date.
2022-12-22 23:19:25 Checking for update using Github
2022-12-22 23:19:25 Success.
2022-12-22 23:19:25 Latest version is 1.1.8
2022-12-22 23:19:25 App is up to date.
2022-12-23 00:19:25 Checking for update using Github
2022-12-23 00:19:25 Success.
2022-12-23 00:19:25 Latest version is 1.1.8
2022-12-23 00:19:25 App is up to date.
2022-12-23 15:21:25 Loading updated app package /home/anton/.config/obsidian/obsidian-1.1.8.asar
2022-12-23 15:21:25 Checking for update using Github
2022-12-23 15:21:26 Success.
2022-12-23 15:21:26 Latest version is 1.1.8
2022-12-23 15:21:26 App is up to date.
2022-12-23 16:21:25 Checking for update using Github
2022-12-23 16:21:26 Success.
2022-12-23 16:21:26 Latest version is 1.1.8
2022-12-23 16:21:26 App is up to date.
2022-12-23 18:15:31 Checking for update using Github
2022-12-23 18:15:31 Success.
2022-12-23 18:15:31 Latest version is 1.1.9
2022-12-23 18:15:31 Downloading update from https://github.com/obsidianmd/obsidian-releases/releases/download/v1.1.9/obsidian-1.1.9.asar.gz
2022-12-23 18:15:33 Verifying hash & signature. Size= 5753685
2022-12-23 18:15:33 Saving file
2022-12-23 18:15:33 Update complete.
2022-12-23 19:15:32 Checking for update using Github
2022-12-23 19:15:32 Success.
2022-12-23 19:15:32 Latest version is 1.1.9
2022-12-23 19:15:32 An update is already downloaded.
2022-12-23 20:15:32 Checking for update using Github
2022-12-23 20:15:32 Success.
2022-12-23 20:15:32 Latest version is 1.1.9
2022-12-23 20:15:32 An update is already downloaded.
2022-12-23 21:43:52 Checking for update using Github
2022-12-23 21:43:53 Success.
2022-12-23 21:43:53 Latest version is 1.1.9
2022-12-23 21:43:53 An update is already downloaded.
2022-12-24 02:03:01 Loading updated app package /home/anton/.config/obsidian/obsidian-1.1.9.asar
2022-12-24 02:03:01 Checking for update using Github
2022-12-24 02:03:02 Success.
2022-12-24 02:03:02 Latest version is 1.1.9
2022-12-24 02:03:02 App is up to date.
2022-12-25 18:47:38 Loading updated app package /home/anton/.config/obsidian/obsidian-1.1.9.asar
2022-12-25 18:47:38 Checking for update using Github
2022-12-25 18:47:38 Success.
2022-12-25 18:47:38 Latest version is 1.1.9
2022-12-25 18:47:38 App is up to date.
2022-12-25 19:47:38 Checking for update using Github
2022-12-25 19:47:38 Success.
2022-12-25 19:47:38 Latest version is 1.1.9
2022-12-25 19:47:38 App is up to date.
2022-12-25 20:47:38 Checking for update using Github
2022-12-25 20:47:38 Success.
2022-12-25 20:47:38 Latest version is 1.1.9
2022-12-25 20:47:38 App is up to date.
2022-12-25 21:47:38 Checking for update using Github
2022-12-25 21:47:38 Success.
2022-12-25 21:47:38 Latest version is 1.1.9
2022-12-25 21:47:38 App is up to date.
2022-12-25 22:47:38 Checking for update using Github
2022-12-25 22:47:38 Success.
2022-12-25 22:47:38 Latest version is 1.1.9
2022-12-25 22:47:38 App is up to date.
2022-12-25 23:47:38 Checking for update using Github
2022-12-25 23:47:39 Success.
2022-12-25 23:47:39 Latest version is 1.1.9
2022-12-25 23:47:39 App is up to date.
2022-12-27 23:17:30 Loading updated app package /home/anton/.config/obsidian/obsidian-1.1.9.asar
2022-12-27 23:17:31 Checking for update using Github
2022-12-27 23:17:31 Success.
2022-12-27 23:17:31 Latest version is 1.1.9
2022-12-27 23:17:31 App is up to date.
2022-12-28 00:17:31 Checking for update using Github
2022-12-28 00:17:31 Success.
2022-12-28 00:17:31 Latest version is 1.1.9
2022-12-28 00:17:31 App is up to date.
2022-12-30 21:54:06 Loading updated app package /home/anton/.config/obsidian/obsidian-1.1.9.asar
2022-12-30 21:54:06 Checking for update using Github
2022-12-30 21:54:06 Success.
2022-12-30 21:54:06 Latest version is 1.1.9
2022-12-30 21:54:06 App is up to date.
2023-01-01 17:15:42 Loading main app package /usr/lib/obsidian/obsidian.asar
2023-01-01 17:15:43 Checking for update using Github
2023-01-01 17:15:43 Success.
2023-01-01 17:15:43 Latest version is 1.1.9
2023-01-01 17:15:43 App is up to date.
2023-01-01 18:47:11 Checking for update using Github
2023-01-01 18:47:11 Success.
2023-01-01 18:47:11 Latest version is 1.1.9
2023-01-01 18:47:11 App is up to date.
2023-01-01 19:47:11 Checking for update using Github
2023-01-01 19:47:11 Success.
2023-01-01 19:47:11 Latest version is 1.1.9
2023-01-01 19:47:11 App is up to date.
2023-01-01 22:00:18 Loading main app package /usr/lib/obsidian/obsidian.asar
2023-01-01 22:00:18 Checking for update using Github
2023-01-01 22:00:19 Success.
2023-01-01 22:00:19 Latest version is 1.1.9
2023-01-01 22:00:19 App is up to date.
2023-01-02 13:07:00 Loading main app package /usr/lib/obsidian/obsidian.asar
2023-01-02 13:07:00 Checking for update using Github
2023-01-02 13:07:00 Success.
2023-01-02 13:07:00 Latest version is 1.1.9
2023-01-02 13:07:00 App is up to date.
2023-01-02 14:07:00 Checking for update using Github
2023-01-02 14:07:00 Success.
2023-01-02 14:07:00 Latest version is 1.1.9
2023-01-02 14:07:00 App is up to date.
2023-01-02 15:07:00 Checking for update using Github
2023-01-02 15:07:00 Success.
2023-01-02 15:07:00 Latest version is 1.1.9
2023-01-02 15:07:00 App is up to date.
2023-01-02 16:13:20 Checking for update using Github
2023-01-02 16:13:21 Success.
2023-01-02 16:13:21 Latest version is 1.1.9
2023-01-02 16:13:21 App is up to date.
2023-01-02 17:13:20 Checking for update using Github
2023-01-02 17:13:21 Success.
2023-01-02 17:13:21 Latest version is 1.1.9
2023-01-02 17:13:21 App is up to date.
2023-01-02 18:49:22 Checking for update using Github
2023-01-02 18:49:22 Success.
2023-01-02 18:49:22 Latest version is 1.1.9
2023-01-02 18:49:22 App is up to date.
2023-01-02 19:49:22 Checking for update using Github
2023-01-02 19:49:22 Success.
2023-01-02 19:49:22 Latest version is 1.1.9
2023-01-02 19:49:22 App is up to date.
2023-01-02 20:49:22 Checking for update using Github
2023-01-02 20:49:23 Success.
2023-01-02 20:49:23 Latest version is 1.1.9
2023-01-02 20:49:23 App is up to date.
2023-01-02 21:49:22 Checking for update using Github
2023-01-02 21:49:23 Success.
2023-01-02 21:49:23 Latest version is 1.1.9
2023-01-02 21:49:23 App is up to date.
2023-01-02 23:39:36 Checking for update using Github
2023-01-02 23:39:37 Success.
2023-01-02 23:39:37 Latest version is 1.1.9
2023-01-02 23:39:37 App is up to date.
2023-01-03 00:39:36 Checking for update using Github
2023-01-03 00:39:37 Success.
2023-01-03 00:39:37 Latest version is 1.1.9
2023-01-03 00:39:37 App is up to date.
2023-01-11 21:00:20 Loading main app package /usr/lib/obsidian/obsidian.asar
2023-01-11 21:00:20 Checking for update using Github
2023-01-11 21:00:20 Success.
2023-01-11 21:00:20 Latest version is 1.1.9
2023-01-11 21:00:20 App is up to date.
2023-01-22 00:21:12 Loading main app package /usr/lib/obsidian/obsidian.asar
2023-01-22 00:21:12 Checking for update using Github
2023-01-22 00:21:12 Success.
2023-01-22 00:21:12 Latest version is 1.1.9
2023-01-22 00:21:12 App is up to date.
2023-01-22 01:21:12 Checking for update using Github
2023-01-22 01:21:12 Success.
2023-01-22 01:21:12 Latest version is 1.1.9
2023-01-22 01:21:12 App is up to date.
2023-01-24 22:54:25 Loading main app package /usr/lib/obsidian/obsidian.asar
2023-01-24 22:54:26 Checking for update using Github
2023-01-24 22:54:26 Success.
2023-01-24 22:54:26 Latest version is 1.1.9
2023-01-24 22:54:26 App is up to date.
2023-01-24 23:54:26 Checking for update using Github
2023-01-24 23:54:26 Success.
2023-01-24 23:54:26 Latest version is 1.1.9
2023-01-24 23:54:26 App is up to date.
2023-01-25 00:54:26 Checking for update using Github
2023-01-25 00:54:26 Success.
2023-01-25 00:54:26 Latest version is 1.1.9
2023-01-25 00:54:26 App is up to date.
2023-01-25 01:54:26 Checking for update using Github
2023-01-25 01:54:26 Success.
2023-01-25 01:54:26 Latest version is 1.1.9
2023-01-25 01:54:26 App is up to date.
2023-02-01 12:06:10 Loading main app package /usr/lib/obsidian/obsidian.asar
2023-02-01 12:06:10 Checking for update using Github
2023-02-01 12:06:11 Success.
2023-02-01 12:06:11 Latest version is 1.1.9
2023-02-01 12:06:11 App is up to date.
2023-02-01 14:26:15 Loading main app package /usr/lib/obsidian/obsidian.asar
2023-02-01 14:26:16 Checking for update using Github
2023-02-01 14:26:21 Success.
2023-02-01 14:26:21 Latest version is 1.1.9
2023-02-01 14:26:21 App is up to date.
2023-02-01 15:26:15 Checking for update using Github
2023-02-01 15:26:16 Success.
2023-02-01 15:26:16 Latest version is 1.1.9
2023-02-01 15:26:16 App is up to date.
2023-02-01 16:26:16 Checking for update using Github
2023-02-01 16:26:16 Success.
2023-02-01 16:26:16 Latest version is 1.1.9
2023-02-01 16:26:16 App is up to date.
2023-02-01 18:18:13 Checking for update using Github
2023-02-01 18:18:18 Success.
2023-02-01 18:18:18 Latest version is 1.1.9
2023-02-01 18:18:18 App is up to date.
2023-02-01 19:18:13 Checking for update using Github
2023-02-01 19:18:18 Success.
2023-02-01 19:18:18 Latest version is 1.1.9
2023-02-01 19:18:18 App is up to date.
2023-02-04 15:18:29 Loading main app package /usr/lib/obsidian/obsidian.asar
2023-02-04 15:18:30 Checking for update using Github
2023-02-04 15:18:30 Failed to check for update using Github (net::ERR_INTERNET_DISCONNECTED)
2023-02-04 15:18:30 Checking for update using obsidian.md
2023-02-04 15:18:30 Failed to check for update using obsidian.md (net::ERR_INTERNET_DISCONNECTED)
2023-02-04 16:18:31 Checking for update using Github
2023-02-04 16:18:31 Success.
2023-02-04 16:18:31 Latest version is 1.1.9
2023-02-04 16:18:31 App is up to date.
2023-02-04 17:18:31 Checking for update using Github
2023-02-04 17:18:32 Success.
2023-02-04 17:18:32 Latest version is 1.1.9
2023-02-04 17:18:32 App is up to date.
2023-02-04 19:10:35 Checking for update using Github
2023-02-04 19:10:41 Success.
2023-02-04 19:10:41 Latest version is 1.1.9
2023-02-04 19:10:41 App is up to date.
2023-02-04 20:23:40 Checking for update using Github
2023-02-04 20:23:40 Success.
2023-02-04 20:23:40 Latest version is 1.1.9
2023-02-04 20:23:40 App is up to date.
2023-02-04 21:23:40 Checking for update using Github
2023-02-04 21:23:45 Success.
2023-02-04 21:23:45 Latest version is 1.1.9
2023-02-04 21:23:45 App is up to date.
2023-02-04 22:23:40 Checking for update using Github
2023-02-04 22:23:46 Success.
2023-02-04 22:23:46 Latest version is 1.1.9
2023-02-04 22:23:46 App is up to date.
2023-02-05 09:50:23 Checking for update using Github
2023-02-05 09:50:28 Success.
2023-02-05 09:50:28 Latest version is 1.1.9
2023-02-05 09:50:28 App is up to date.
2023-02-05 11:21:18 Checking for update using Github
2023-02-05 11:21:18 Failed to check for update using Github (net::ERR_INTERNET_DISCONNECTED)
2023-02-05 11:21:18 Checking for update using obsidian.md
2023-02-05 11:21:18 Failed to check for update using obsidian.md (net::ERR_INTERNET_DISCONNECTED)
2023-02-05 12:24:14 Checking for update using Github
2023-02-05 12:24:14 Success.
2023-02-05 12:24:14 Latest version is 1.1.9
2023-02-05 12:24:14 App is up to date.
2023-02-05 13:24:14 Checking for update using Github
2023-02-05 13:24:14 Success.
2023-02-05 13:24:14 Latest version is 1.1.9
2023-02-05 13:24:14 App is up to date.
2023-02-05 14:24:14 Checking for update using Github
2023-02-05 14:24:14 Success.
2023-02-05 14:24:14 Latest version is 1.1.9
2023-02-05 14:24:14 App is up to date.
2023-02-05 15:54:14 Checking for update using Github
2023-02-05 15:54:14 Success.
2023-02-05 15:54:14 Latest version is 1.1.9
2023-02-05 15:54:14 App is up to date.
2023-02-05 16:54:14 Checking for update using Github
2023-02-05 16:54:14 Success.
2023-02-05 16:54:14 Latest version is 1.1.9
2023-02-05 16:54:14 App is up to date.
2023-02-05 17:54:14 Checking for update using Github
2023-02-05 17:54:19 Success.
2023-02-05 17:54:19 Latest version is 1.1.9
2023-02-05 17:54:19 App is up to date.
2023-02-05 18:54:14 Checking for update using Github
2023-02-05 18:54:14 Success.
2023-02-05 18:54:14 Latest version is 1.1.9
2023-02-05 18:54:14 App is up to date.
2023-02-05 19:54:14 Checking for update using Github
2023-02-05 19:54:14 Success.
2023-02-05 19:54:14 Latest version is 1.1.9
2023-02-05 19:54:14 App is up to date.
2023-02-09 16:52:09 Loading main app package /usr/lib/obsidian/obsidian.asar
2023-02-09 16:52:10 Checking for update using Github
2023-02-09 16:52:10 Success.
2023-02-09 16:52:10 Latest version is 1.1.9
2023-02-09 16:52:10 App is up to date.
2023-02-09 17:52:09 Checking for update using Github
2023-02-09 17:52:10 Success.
2023-02-09 17:52:10 Latest version is 1.1.9
2023-02-09 17:52:10 App is up to date.
2023-02-11 09:30:26 Loading main app package /usr/lib/obsidian/obsidian.asar
2023-02-11 09:30:26 Checking for update using Github
2023-02-11 09:30:26 Success.
2023-02-11 09:30:26 Latest version is 1.1.9
2023-02-11 09:30:26 App is up to date.
2023-02-14 16:03:44 Loading main app package /usr/lib/obsidian/obsidian.asar
2023-02-14 16:03:44 Checking for update using Github
2023-02-14 16:03:44 Success.
2023-02-14 16:03:44 Latest version is 1.1.9
2023-02-14 16:03:44 App is up to date.
2023-02-14 17:03:44 Checking for update using Github
2023-02-14 17:03:44 Success.
2023-02-14 17:03:44 Latest version is 1.1.9
2023-02-14 17:03:44 App is up to date.
2023-02-14 18:03:44 Checking for update using Github
2023-02-14 18:03:44 Success.
2023-02-14 18:03:44 Latest version is 1.1.9
2023-02-14 18:03:44 App is up to date.
2023-02-14 20:17:10 Loading main app package /usr/lib/obsidian/obsidian.asar
2023-02-14 20:17:10 Checking for update using Github
2023-02-14 20:17:11 Success.
2023-02-14 20:17:11 Latest version is 1.1.9
2023-02-14 20:17:11 App is up to date.
2023-02-20 17:06:45 Loading main app package /usr/lib/obsidian/obsidian.asar
2023-02-20 17:06:46 Checking for update using Github
2023-02-20 17:06:46 Success.
2023-02-20 17:06:46 Latest version is 1.1.9
2023-02-20 17:06:46 App is up to date.
2023-02-20 18:06:45 Checking for update using Github
2023-02-20 18:06:46 Success.
2023-02-20 18:06:46 Latest version is 1.1.9
2023-02-20 18:06:46 App is up to date.
2023-02-20 19:06:46 Checking for update using Github
2023-02-20 19:06:46 Success.
2023-02-20 19:06:46 Latest version is 1.1.9
2023-02-20 19:06:46 App is up to date.
2023-02-20 20:06:46 Checking for update using Github
2023-02-20 20:06:46 Success.
2023-02-20 20:06:46 Latest version is 1.1.9
2023-02-20 20:06:46 App is up to date.
2023-02-20 21:14:52 Checking for update using Github
2023-02-20 21:14:52 Success.
2023-02-20 21:14:52 Latest version is 1.1.9
2023-02-20 21:14:52 App is up to date.
2023-02-20 22:14:52 Checking for update using Github
2023-02-20 22:14:53 Success.
2023-02-20 22:14:53 Latest version is 1.1.9
2023-02-20 22:14:53 App is up to date.
2023-05-11 16:10:27 Loading main app package /usr/lib/obsidian/obsidian.asar
2023-05-11 16:10:28 Checking for update using Github
2023-05-11 16:10:28 Success.
2023-05-11 16:10:28 Latest version is 1.2.8
2023-05-11 16:10:28 Downloading update from https://github.com/obsidianmd/obsidian-releases/releases/download/v1.2.8/obsidian-1.2.8.asar.gz
2023-05-11 16:10:29 Verifying hash & signature. Size= 6033374
2023-05-11 16:10:29 Saving file
2023-05-11 16:10:29 Update complete.
2023-05-11 17:10:28 Checking for update using Github
2023-05-11 17:10:28 Success.
2023-05-11 17:10:28 Latest version is 1.2.8
2023-05-11 17:10:28 An update is already downloaded.
2023-05-12 16:25:27 Loading main app package /usr/lib/obsidian/obsidian.asar
2023-05-12 16:25:27 Checking for update using Github
2023-05-12 16:25:27 Success.
2023-05-12 16:25:27 Latest version is 1.2.8
2023-05-12 16:25:27 App is up to date.
2023-05-18 18:32:09 Loading main app package /usr/lib/obsidian/obsidian.asar
2023-05-18 18:32:09 Checking for update using Github
2023-05-18 18:32:09 Success.
2023-05-18 18:32:09 Latest version is 1.2.8
2023-05-18 18:32:09 App is up to date.
2023-05-18 20:24:49 Checking for update using Github
2023-05-18 20:24:49 Failed to check for update using Github (net::ERR_INTERNET_DISCONNECTED)
2023-05-18 20:24:49 Checking for update using obsidian.md
2023-05-18 20:24:49 Failed to check for update using obsidian.md (net::ERR_INTERNET_DISCONNECTED)
2023-05-18 21:24:51 Checking for update using Github
2023-05-18 21:24:51 Success.
2023-05-18 21:24:51 Latest version is 1.2.8
2023-05-18 21:24:51 App is up to date.
