2024-04-23 02:32:55.138 [info] Added views:workbench.panel.markers.view in workbench.panel.markers
2024-04-23 02:32:55.139 [info] Added views:workbench.panel.output in workbench.panel.output
2024-04-23 02:32:55.139 [info] Added views:terminal in terminal
2024-04-23 02:32:55.139 [info] Added views:outline in workbench.view.explorer
2024-04-23 02:32:55.139 [info] Added views:workbench.scm in workbench.view.scm
2024-04-23 02:32:55.139 [info] Added views:workbench.view.search in workbench.view.search
2024-04-23 02:32:55.139 [info] Added views:timeline in workbench.view.explorer
2024-04-23 02:32:55.139 [info] Added views:workbench.explorer.emptyView in workbench.view.explorer
2024-04-23 02:32:56.051 [info] Added views:workbench.debug.variablesView,workbench.debug.watchExpressionsView,workbench.debug.callStackView,workbench.debug.breakPointsView in workbench.view.debug
2024-04-23 02:32:56.674 [info] Added views:~remote.forwardedPorts in ~remote.forwardedPortsContainer
2024-04-23 02:32:56.903 [info] Added views:workbench.panel.repl.view in workbench.panel.repl
2024-04-23 02:32:56.905 [info] Removed views:workbench.debug.breakPointsView,workbench.debug.callStackView,workbench.debug.watchExpressionsView,workbench.debug.variablesView from workbench.view.debug
2024-04-23 02:32:56.907 [info] Added views:workbench.debug.welcome in workbench.view.debug
2024-04-23 02:33:03.210 [info] Added views:workbench.views.extensions.installed,workbench.views.extensions.popular,extensions.recommendedList in workbench.view.extensions
2024-04-23 02:33:03.214 [info] Removed views:workbench.views.extensions.popular from workbench.view.extensions
2024-04-23 02:33:03.600 [info] Added views:workbench.views.extensions.popular in workbench.view.extensions
2024-04-23 02:33:03.852 [info] Removed views:extensions.recommendedList,workbench.views.extensions.popular,workbench.views.extensions.installed from workbench.view.extensions
2024-04-23 02:33:03.863 [info] Added views:workbench.views.extensions.otherRecommendations in workbench.view.extensions
2024-04-23 02:33:10.031 [info] Removed views:workbench.views.extensions.otherRecommendations from workbench.view.extensions
2024-04-23 02:33:10.045 [info] Added views:workbench.views.extensions.installed,workbench.views.extensions.popular,extensions.recommendedList in workbench.view.extensions
2024-04-23 02:33:11.234 [info] Removed views:extensions.recommendedList,workbench.views.extensions.popular,workbench.views.extensions.installed from workbench.view.extensions
2024-04-23 02:33:11.256 [info] Added views:workbench.views.extensions.marketplace in workbench.view.extensions
2024-04-23 02:34:15.154 [info] Added views:workbench.panel.markers.view in workbench.panel.markers
2024-04-23 02:34:15.155 [info] Added views:workbench.panel.output in workbench.panel.output
2024-04-23 02:34:15.155 [info] Added views:terminal in terminal
2024-04-23 02:34:15.155 [info] Added views:outline in workbench.view.explorer
2024-04-23 02:34:15.155 [info] Added views:workbench.scm in workbench.view.scm
2024-04-23 02:34:15.155 [info] Added views:workbench.view.search in workbench.view.search
2024-04-23 02:34:15.155 [info] Added views:timeline in workbench.view.explorer
2024-04-23 02:34:15.155 [info] Added views:workbench.explorer.fileView in workbench.view.explorer
2024-04-23 02:34:15.602 [info] Added views:workbench.debug.variablesView,workbench.debug.watchExpressionsView,workbench.debug.callStackView,workbench.debug.breakPointsView in workbench.view.debug
2024-04-23 02:34:15.748 [info] Added views:workbench.panel.repl.view in workbench.panel.repl
2024-04-23 02:34:15.751 [info] Removed views:workbench.debug.breakPointsView,workbench.debug.callStackView,workbench.debug.watchExpressionsView,workbench.debug.variablesView from workbench.view.debug
2024-04-23 02:34:15.752 [info] Added views:workbench.debug.welcome in workbench.view.debug
2024-04-23 02:34:15.830 [info] Added views:~remote.forwardedPorts in ~remote.forwardedPortsContainer
