[2023-02-18 20:28:02.540] [info] Failed to load: {
  isTrusted: false,
  errorCode: -3,
  errorDescription: '',
  validatedURL: 'https://www.youtube.com/embed/TL_N2pmh9O0?feature=oembed',
  isMainFrame: false,
  frameProcessId: 13,
  frameRoutingId: 6
}
[2023-02-18 20:28:02.607] [info] Failed to load: {
  isTrusted: false,
  errorCode: -3,
  errorDescription: '',
  validatedURL: 'https://www.youtube.com/embed/FXIrojSK3Jo?feature=oembed',
  isMainFrame: false,
  frameProcessId: 13,
  frameRoutingId: 9
}
[2023-02-18 20:28:02.664] [info] Failed to load: {
  isTrusted: false,
  errorCode: -3,
  errorDescription: '',
  validatedURL: 'https://www.youtube.com/embed/O8qdvSxDYNY?feature=oembed',
  isMainFrame: false,
  frameProcessId: 13,
  frameRoutingId: 20
}
[2023-02-18 20:29:49.461] [info] Failed to load: {
  isTrusted: false,
  errorCode: -3,
  errorDescription: '',
  validatedURL: 'https://www.youtube.com/embed/TL_N2pmh9O0?feature=oembed',
  isMainFrame: false,
  frameProcessId: 14,
  frameRoutingId: 6
}
[2023-02-18 20:29:49.552] [info] Failed to load: {
  isTrusted: false,
  errorCode: -3,
  errorDescription: '',
  validatedURL: 'https://www.youtube.com/embed/FXIrojSK3Jo?feature=oembed',
  isMainFrame: false,
  frameProcessId: 14,
  frameRoutingId: 9
}
[2023-02-18 20:29:49.616] [info] Failed to load: {
  isTrusted: false,
  errorCode: -3,
  errorDescription: '',
  validatedURL: 'https://www.youtube.com/embed/O8qdvSxDYNY?feature=oembed',
  isMainFrame: false,
  frameProcessId: 14,
  frameRoutingId: 19
}
